status file for recon-all
Thu Jul  6 19:04:32 EDT 2017
#@# MotionCor Thu Jul  6 19:04:40 EDT 2017
#@# Deface Thu Jul  6 19:04:50 EDT 2017
#@# Talairach Thu Jul  6 19:07:01 EDT 2017
#@# Talairach Failure Detection Thu Jul  6 19:08:38 EDT 2017
#@# Nu Intensity Correction Thu Jul  6 19:08:39 EDT 2017
#@# Intensity Normalization Thu Jul  6 19:10:06 EDT 2017
#@# Skull Stripping Thu Jul  6 19:12:07 EDT 2017
#@# EM Registration Thu Jul  6 19:24:44 EDT 2017
#@# CA Normalize Thu Jul  6 19:37:45 EDT 2017
#@# CA Reg Thu Jul  6 19:40:35 EDT 2017
#@# SubCort Seg Thu Jul  6 22:51:17 EDT 2017
#@# Merge ASeg Thu Jul  6 23:51:06 EDT 2017
#@# Intensity Normalization2 Thu Jul  6 23:51:06 EDT 2017
#@# Mask BFS Thu Jul  6 23:54:11 EDT 2017
#@# WM Segmentation Thu Jul  6 23:54:12 EDT 2017
#@# Fill Thu Jul  6 23:56:30 EDT 2017
#@# Tessellate lh Thu Jul  6 23:57:12 EDT 2017
#@# Tessellate rh Thu Jul  6 23:57:18 EDT 2017
#@# Smooth1 lh Thu Jul  6 23:57:23 EDT 2017
#@# Smooth1 rh Thu Jul  6 23:57:24 EDT 2017
Darwin trash-can.local 15.6.0 Darwin Kernel Version 15.6.0: Thu Jun 23 18:25:34 PDT 2016; root:xnu-3248.60.10~1/RELEASE_X86_64 x86_64 i386 MacPro6,1 Darwin

recon-all -s sub-01 exited with ERRORS at Thu Jul  6 23:57:24 EDT 2017

\n\n
New invocation of recon-all 
\n\n
status file for recon-all
Fri Jul  7 09:45:57 EDT 2017
#@# Smooth1 lh Fri Jul  7 09:45:57 EDT 2017
recon-all -s sub-01 finished without error at Fri Jul  7 09:46:05 EDT 2017
\n\n
New invocation of recon-all 
\n\n
status file for recon-all
Fri Jul  7 09:46:06 EDT 2017
#@# Smooth1 rh Fri Jul  7 09:46:06 EDT 2017
recon-all -s sub-01 finished without error at Fri Jul  7 09:46:14 EDT 2017
\n\n
New invocation of recon-all 
\n\n
status file for recon-all
Fri Jul  7 09:46:14 EDT 2017
#@# Inflation1 lh Fri Jul  7 09:46:14 EDT 2017
recon-all -s sub-01 finished without error at Fri Jul  7 09:46:32 EDT 2017
\n\n
New invocation of recon-all 
\n\n
status file for recon-all
Fri Jul  7 09:46:32 EDT 2017
#@# Inflation1 rh Fri Jul  7 09:46:32 EDT 2017
recon-all -s sub-01 finished without error at Fri Jul  7 09:46:50 EDT 2017
\n\n
New invocation of recon-all 
\n\n
status file for recon-all
Fri Jul  7 09:46:51 EDT 2017
#@# QSphere lh Fri Jul  7 09:46:51 EDT 2017
recon-all -s sub-01 finished without error at Fri Jul  7 09:48:59 EDT 2017
\n\n
New invocation of recon-all 
\n\n
status file for recon-all
Fri Jul  7 09:48:59 EDT 2017
#@# QSphere rh Fri Jul  7 09:48:59 EDT 2017
recon-all -s sub-01 finished without error at Fri Jul  7 09:52:02 EDT 2017
\n\n
New invocation of recon-all 
\n\n
status file for recon-all
Fri Jul  7 09:52:02 EDT 2017
#@# Fix Topology Copy lh Fri Jul  7 09:52:02 EDT 2017
#@# Fix Topology lh Fri Jul  7 09:52:02 EDT 2017
recon-all -s sub-01 finished without error at Fri Jul  7 10:31:06 EDT 2017
\n\n
New invocation of recon-all 
\n\n
status file for recon-all
Fri Jul  7 10:31:06 EDT 2017
#@# Fix Topology Copy rh Fri Jul  7 10:31:06 EDT 2017
#@# Fix Topology rh Fri Jul  7 10:31:06 EDT 2017
recon-all -s sub-01 finished without error at Fri Jul  7 11:10:48 EDT 2017
\n\n
New invocation of recon-all 
\n\n
status file for recon-all
Fri Jul  7 11:10:49 EDT 2017
#@# Make White Surf lh Fri Jul  7 11:10:49 EDT 2017
recon-all -s sub-01 finished without error at Fri Jul  7 11:31:05 EDT 2017
\n\n
New invocation of recon-all 
\n\n
status file for recon-all
Fri Jul  7 11:31:06 EDT 2017
#@# Make White Surf rh Fri Jul  7 11:31:06 EDT 2017
recon-all -s sub-01 finished without error at Fri Jul  7 11:52:33 EDT 2017
\n\n
New invocation of recon-all 
\n\n
status file for recon-all
Fri Jul  7 11:52:34 EDT 2017
#@# Smooth2 lh Fri Jul  7 11:52:34 EDT 2017
recon-all -s sub-01 finished without error at Fri Jul  7 11:52:43 EDT 2017
\n\n
New invocation of recon-all 
\n\n
status file for recon-all
Fri Jul  7 11:52:44 EDT 2017
#@# Inflation2 lh Fri Jul  7 11:52:44 EDT 2017
recon-all -s sub-01 finished without error at Fri Jul  7 11:53:03 EDT 2017
\n\n
New invocation of recon-all 
\n\n
status file for recon-all
Fri Jul  7 11:53:04 EDT 2017
#@# Sphere lh Fri Jul  7 11:53:04 EDT 2017
recon-all -s sub-01 finished without error at Fri Jul  7 12:15:16 EDT 2017
\n\n
New invocation of recon-all 
\n\n
status file for recon-all
Fri Jul  7 12:15:16 EDT 2017
#@# Surf Reg lh Fri Jul  7 12:15:16 EDT 2017
recon-all -s sub-01 finished without error at Fri Jul  7 12:57:57 EDT 2017
\n\n
New invocation of recon-all 
\n\n
status file for recon-all
Fri Jul  7 12:57:57 EDT 2017
#@# Cortical Parc lh Fri Jul  7 12:57:57 EDT 2017
recon-all -s sub-01 finished without error at Fri Jul  7 12:58:27 EDT 2017
\n\n
New invocation of recon-all 
\n\n
status file for recon-all
Fri Jul  7 12:58:27 EDT 2017
#@# Make Pial Surf lh Fri Jul  7 12:58:27 EDT 2017
#@# Surf Volume lh Fri Jul  7 13:23:02 EDT 2017
recon-all -s sub-01 finished without error at Fri Jul  7 13:23:07 EDT 2017
\n\n
New invocation of recon-all 
\n\n
status file for recon-all
Fri Jul  7 13:23:07 EDT 2017
#@# Surf Volume lh Fri Jul  7 13:23:07 EDT 2017
recon-all -s sub-01 finished without error at Fri Jul  7 13:23:12 EDT 2017
\n\n
New invocation of recon-all 
\n\n
status file for recon-all
Fri Jul  7 13:23:12 EDT 2017
#@# Smooth2 rh Fri Jul  7 13:23:12 EDT 2017
recon-all -s sub-01 finished without error at Fri Jul  7 13:23:22 EDT 2017
\n\n
New invocation of recon-all 
\n\n
status file for recon-all
Fri Jul  7 13:23:22 EDT 2017
#@# Inflation2 rh Fri Jul  7 13:23:23 EDT 2017
recon-all -s sub-01 finished without error at Fri Jul  7 13:23:45 EDT 2017
\n\n
New invocation of recon-all 
\n\n
status file for recon-all
Fri Jul  7 13:23:46 EDT 2017
#@# Sphere rh Fri Jul  7 13:23:46 EDT 2017
recon-all -s sub-01 finished without error at Fri Jul  7 13:52:57 EDT 2017
\n\n
New invocation of recon-all 
\n\n
status file for recon-all
Fri Jul  7 13:52:57 EDT 2017
#@# Surf Reg rh Fri Jul  7 13:52:57 EDT 2017
recon-all -s sub-01 finished without error at Fri Jul  7 14:30:28 EDT 2017
\n\n
New invocation of recon-all 
\n\n
status file for recon-all
Fri Jul  7 14:30:28 EDT 2017
#@# Cortical Parc rh Fri Jul  7 14:30:28 EDT 2017
recon-all -s sub-01 finished without error at Fri Jul  7 14:30:51 EDT 2017
\n\n
New invocation of recon-all 
\n\n
status file for recon-all
Fri Jul  7 14:30:52 EDT 2017
#@# Make Pial Surf rh Fri Jul  7 14:30:52 EDT 2017
#@# Surf Volume rh Fri Jul  7 14:51:48 EDT 2017
recon-all -s sub-01 finished without error at Fri Jul  7 14:51:52 EDT 2017
\n\n
New invocation of recon-all 
\n\n
status file for recon-all
Fri Jul  7 14:51:53 EDT 2017
#@# Surf Volume rh Fri Jul  7 14:51:53 EDT 2017
recon-all -s sub-01 finished without error at Fri Jul  7 14:51:57 EDT 2017
\n\n
New invocation of recon-all 
\n\n
status file for recon-all
Fri Jul  7 14:51:57 EDT 2017
#@# Curv .H and .K lh Fri Jul  7 14:51:57 EDT 2017
recon-all -s sub-01 finished without error at Fri Jul  7 14:53:24 EDT 2017
\n\n
New invocation of recon-all 
\n\n
status file for recon-all
Fri Jul  7 14:53:25 EDT 2017
#@# Curv .H and .K rh Fri Jul  7 14:53:25 EDT 2017
recon-all -s sub-01 finished without error at Fri Jul  7 14:54:46 EDT 2017
\n\n
New invocation of recon-all 
\n\n
status file for recon-all
Fri Jul  7 14:54:46 EDT 2017
#@# Curvature Stats lh Fri Jul  7 14:54:46 EDT 2017
recon-all -s sub-01 finished without error at Fri Jul  7 14:54:53 EDT 2017
\n\n
New invocation of recon-all 
\n\n
status file for recon-all
Fri Jul  7 14:54:53 EDT 2017
#@# Curvature Stats rh Fri Jul  7 14:54:53 EDT 2017
recon-all -s sub-01 finished without error at Fri Jul  7 14:54:59 EDT 2017
\n\n
New invocation of recon-all 
\n\n
status file for recon-all
Fri Jul  7 14:55:00 EDT 2017
#@# Jacobian white lh Fri Jul  7 14:55:00 EDT 2017
recon-all -s sub-01 finished without error at Fri Jul  7 14:55:02 EDT 2017
\n\n
New invocation of recon-all 
\n\n
status file for recon-all
Fri Jul  7 14:55:02 EDT 2017
#@# Jacobian white rh Fri Jul  7 14:55:02 EDT 2017
recon-all -s sub-01 finished without error at Fri Jul  7 14:55:04 EDT 2017
\n\n
New invocation of recon-all 
\n\n
status file for recon-all
Fri Jul  7 14:55:04 EDT 2017
#@# AvgCurv lh Fri Jul  7 14:55:04 EDT 2017
recon-all -s sub-01 finished without error at Fri Jul  7 14:55:06 EDT 2017
\n\n
New invocation of recon-all 
\n\n
status file for recon-all
Fri Jul  7 14:55:07 EDT 2017
#@# AvgCurv rh Fri Jul  7 14:55:07 EDT 2017
recon-all -s sub-01 finished without error at Fri Jul  7 14:55:09 EDT 2017
\n\n
New invocation of recon-all 
\n\n
status file for recon-all
Fri Jul  7 14:55:09 EDT 2017
#@# Cortical ribbon mask Fri Jul  7 14:55:09 EDT 2017
recon-all -s sub-01 finished without error at Fri Jul  7 15:15:17 EDT 2017
\n\n
New invocation of recon-all 
\n\n
status file for recon-all
Fri Jul  7 15:15:18 EDT 2017
#@# Parcellation Stats lh Fri Jul  7 15:15:18 EDT 2017
recon-all -s sub-01 finished without error at Fri Jul  7 15:16:57 EDT 2017
\n\n
New invocation of recon-all 
\n\n
status file for recon-all
Fri Jul  7 15:16:57 EDT 2017
#@# Parcellation Stats rh Fri Jul  7 15:16:57 EDT 2017
recon-all -s sub-01 finished without error at Fri Jul  7 15:18:31 EDT 2017
\n\n
New invocation of recon-all 
\n\n
status file for recon-all
Fri Jul  7 15:18:31 EDT 2017
#@# Cortical Parc 2 lh Fri Jul  7 15:18:31 EDT 2017
recon-all -s sub-01 finished without error at Fri Jul  7 15:18:57 EDT 2017
\n\n
New invocation of recon-all 
\n\n
status file for recon-all
Fri Jul  7 15:18:58 EDT 2017
#@# Cortical Parc 2 rh Fri Jul  7 15:18:58 EDT 2017
recon-all -s sub-01 finished without error at Fri Jul  7 15:19:23 EDT 2017
\n\n
New invocation of recon-all 
\n\n
status file for recon-all
Fri Jul  7 15:19:23 EDT 2017
#@# Parcellation Stats 2 lh Fri Jul  7 15:19:23 EDT 2017
recon-all -s sub-01 finished without error at Fri Jul  7 15:20:14 EDT 2017
\n\n
New invocation of recon-all 
\n\n
status file for recon-all
Fri Jul  7 15:20:14 EDT 2017
#@# Parcellation Stats 2 rh Fri Jul  7 15:20:14 EDT 2017
recon-all -s sub-01 finished without error at Fri Jul  7 15:21:07 EDT 2017
\n\n
New invocation of recon-all 
\n\n
status file for recon-all
Fri Jul  7 15:21:07 EDT 2017
#@# Cortical Parc 3 lh Fri Jul  7 15:21:07 EDT 2017
recon-all -s sub-01 finished without error at Fri Jul  7 15:21:30 EDT 2017
\n\n
New invocation of recon-all 
\n\n
status file for recon-all
Fri Jul  7 15:21:31 EDT 2017
#@# Cortical Parc 3 rh Fri Jul  7 15:21:31 EDT 2017
recon-all -s sub-01 finished without error at Fri Jul  7 15:21:53 EDT 2017
\n\n
New invocation of recon-all 
\n\n
status file for recon-all
Fri Jul  7 15:21:53 EDT 2017
#@# Parcellation Stats 3 lh Fri Jul  7 15:21:53 EDT 2017
recon-all -s sub-01 finished without error at Fri Jul  7 15:22:44 EDT 2017
\n\n
New invocation of recon-all 
\n\n
status file for recon-all
Fri Jul  7 15:22:45 EDT 2017
#@# Parcellation Stats 3 rh Fri Jul  7 15:22:45 EDT 2017
recon-all -s sub-01 finished without error at Fri Jul  7 15:23:34 EDT 2017
\n\n
New invocation of recon-all 
\n\n
status file for recon-all
Fri Jul  7 15:23:35 EDT 2017
#@# WM/GM Contrast lh Fri Jul  7 15:23:35 EDT 2017
recon-all -s sub-01 finished without error at Fri Jul  7 15:23:43 EDT 2017
\n\n
New invocation of recon-all 
\n\n
status file for recon-all
Fri Jul  7 15:23:44 EDT 2017
#@# WM/GM Contrast rh Fri Jul  7 15:23:44 EDT 2017
recon-all -s sub-01 finished without error at Fri Jul  7 15:23:51 EDT 2017
\n\n
New invocation of recon-all 
\n\n
status file for recon-all
Fri Jul  7 15:23:52 EDT 2017
#@# Relabel Hypointensities Fri Jul  7 15:23:52 EDT 2017
recon-all -s sub-01 finished without error at Fri Jul  7 15:24:28 EDT 2017
\n\n
New invocation of recon-all 
\n\n
status file for recon-all
Fri Jul  7 15:24:28 EDT 2017
#@# AParc-to-ASeg aparc Fri Jul  7 15:24:28 EDT 2017
#@# AParc-to-ASeg a2009s Fri Jul  7 15:30:14 EDT 2017
#@# AParc-to-ASeg DKTatlas Fri Jul  7 15:35:45 EDT 2017
recon-all -s sub-01 finished without error at Fri Jul  7 15:40:54 EDT 2017
\n\n
New invocation of recon-all 
\n\n
status file for recon-all
Fri Jul  7 15:40:54 EDT 2017
#@# APas-to-ASeg Fri Jul  7 15:40:54 EDT 2017
recon-all -s sub-01 finished without error at Fri Jul  7 15:41:00 EDT 2017
\n\n
New invocation of recon-all 
\n\n
status file for recon-all
Fri Jul  7 15:41:01 EDT 2017
#@# ASeg Stats Fri Jul  7 15:41:01 EDT 2017
recon-all -s sub-01 finished without error at Fri Jul  7 15:42:17 EDT 2017
\n\n
New invocation of recon-all 
\n\n
status file for recon-all
Fri Jul  7 15:42:17 EDT 2017
#@# WMParc Fri Jul  7 15:42:17 EDT 2017
recon-all -s sub-01 finished without error at Fri Jul  7 15:49:22 EDT 2017
\n\n
New invocation of recon-all 
\n\n
status file for recon-all
Fri Jul  7 15:49:22 EDT 2017
#@# BA_exvivo Labels lh Fri Jul  7 15:49:22 EDT 2017
recon-all -s sub-01 finished without error at Fri Jul  7 15:54:32 EDT 2017
\n\n
New invocation of recon-all 
\n\n
status file for recon-all
Fri Jul  7 15:54:32 EDT 2017
#@# BA_exvivo Labels rh Fri Jul  7 15:54:32 EDT 2017
recon-all -s sub-01 finished without error at Fri Jul  7 15:59:33 EDT 2017
\n\n
New invocation of recon-all 
\n\n
status file for recon-all
Mon Jul 10 14:58:21 EDT 2017
#@# MotionCor Mon Jul 10 14:58:21 EDT 2017
recon-all -s sub-01 finished without error at Mon Jul 10 14:58:38 EDT 2017
\n\n
New invocation of recon-all 
\n\n
status file for recon-all
Mon Jul 10 14:58:39 EDT 2017
#@# Talairach Mon Jul 10 14:58:39 EDT 2017
#@# Talairach Failure Detection Mon Jul 10 15:01:15 EDT 2017
recon-all -s sub-01 finished without error at Mon Jul 10 15:01:15 EDT 2017
\n\n
New invocation of recon-all 
\n\n
status file for recon-all
Mon Jul 10 15:01:16 EDT 2017
#@# Nu Intensity Correction Mon Jul 10 15:01:16 EDT 2017
recon-all -s sub-01 finished without error at Mon Jul 10 15:04:16 EDT 2017
\n\n
New invocation of recon-all 
\n\n
status file for recon-all
Mon Jul 10 15:04:17 EDT 2017
#@# Intensity Normalization Mon Jul 10 15:04:17 EDT 2017
recon-all -s sub-01 finished without error at Mon Jul 10 15:08:51 EDT 2017
\n\n
New invocation of recon-all 
\n\n
status file for recon-all
Mon Jul 10 15:08:52 EDT 2017
#@# Skull Stripping Mon Jul 10 15:08:52 EDT 2017
recon-all -s sub-01 finished without error at Mon Jul 10 15:09:40 EDT 2017
\n\n
New invocation of recon-all 
\n\n
status file for recon-all
Mon Jul 10 15:09:41 EDT 2017
#@# EM Registration Mon Jul 10 15:09:41 EDT 2017
recon-all -s sub-01 finished without error at Mon Jul 10 15:28:51 EDT 2017
\n\n
New invocation of recon-all 
\n\n
status file for recon-all
Mon Jul 10 15:28:52 EDT 2017
#@# CA Normalize Mon Jul 10 15:28:52 EDT 2017
recon-all -s sub-01 finished without error at Mon Jul 10 15:31:20 EDT 2017
\n\n
New invocation of recon-all 
\n\n
status file for recon-all
Mon Jul 10 15:31:21 EDT 2017
#@# CA Reg Mon Jul 10 15:31:21 EDT 2017
recon-all -s sub-01 finished without error at Mon Jul 10 20:25:38 EDT 2017
\n\n
New invocation of recon-all 
\n\n
status file for recon-all
Mon Jul 10 20:25:39 EDT 2017
#@# SubCort Seg Mon Jul 10 20:25:39 EDT 2017
#@# Merge ASeg Mon Jul 10 21:37:20 EDT 2017
recon-all -s sub-01 finished without error at Mon Jul 10 21:37:20 EDT 2017
\n\n
New invocation of recon-all 
\n\n
status file for recon-all
Mon Jul 10 21:37:21 EDT 2017
#@# Intensity Normalization2 Mon Jul 10 21:37:21 EDT 2017
recon-all -s sub-01 finished without error at Mon Jul 10 21:43:30 EDT 2017
\n\n
New invocation of recon-all 
\n\n
status file for recon-all
Mon Jul 10 21:43:31 EDT 2017
#@# Mask BFS Mon Jul 10 21:43:31 EDT 2017
recon-all -s sub-01 finished without error at Mon Jul 10 21:43:34 EDT 2017
\n\n
New invocation of recon-all 
\n\n
status file for recon-all
Mon Jul 10 21:43:35 EDT 2017
#@# WM Segmentation Mon Jul 10 21:43:35 EDT 2017
recon-all -s sub-01 finished without error at Mon Jul 10 21:47:03 EDT 2017
\n\n
New invocation of recon-all 
\n\n
status file for recon-all
Mon Jul 10 21:47:03 EDT 2017
#@# Fill Mon Jul 10 21:47:03 EDT 2017
recon-all -s sub-01 finished without error at Mon Jul 10 21:48:07 EDT 2017
\n\n
New invocation of recon-all 
\n\n
status file for recon-all
Mon Jul 10 21:48:08 EDT 2017
#@# Tessellate lh Mon Jul 10 21:48:08 EDT 2017
recon-all -s sub-01 finished without error at Mon Jul 10 21:48:20 EDT 2017
\n\n
New invocation of recon-all 
\n\n
status file for recon-all
Mon Jul 10 21:48:21 EDT 2017
#@# Tessellate rh Mon Jul 10 21:48:21 EDT 2017
recon-all -s sub-01 finished without error at Mon Jul 10 21:48:34 EDT 2017
\n\n
New invocation of recon-all 
\n\n
status file for recon-all
Mon Jul 10 21:48:35 EDT 2017
#@# Smooth1 lh Mon Jul 10 21:48:35 EDT 2017
recon-all -s sub-01 finished without error at Mon Jul 10 21:48:49 EDT 2017
\n\n
New invocation of recon-all 
\n\n
status file for recon-all
Mon Jul 10 21:48:50 EDT 2017
#@# Smooth1 rh Mon Jul 10 21:48:50 EDT 2017
recon-all -s sub-01 finished without error at Mon Jul 10 21:49:04 EDT 2017
\n\n
New invocation of recon-all 
\n\n
status file for recon-all
Mon Jul 10 21:49:05 EDT 2017
#@# Inflation1 lh Mon Jul 10 21:49:05 EDT 2017
recon-all -s sub-01 finished without error at Mon Jul 10 21:50:10 EDT 2017
\n\n
New invocation of recon-all 
\n\n
status file for recon-all
Mon Jul 10 21:50:10 EDT 2017
#@# Inflation1 rh Mon Jul 10 21:50:10 EDT 2017
recon-all -s sub-01 finished without error at Mon Jul 10 21:51:14 EDT 2017
\n\n
New invocation of recon-all 
\n\n
status file for recon-all
Mon Jul 10 21:51:14 EDT 2017
#@# QSphere lh Mon Jul 10 21:51:14 EDT 2017
recon-all -s sub-01 finished without error at Mon Jul 10 21:57:10 EDT 2017
\n\n
New invocation of recon-all 
\n\n
status file for recon-all
Mon Jul 10 21:57:11 EDT 2017
#@# QSphere rh Mon Jul 10 21:57:11 EDT 2017
recon-all -s sub-01 finished without error at Mon Jul 10 22:02:59 EDT 2017
\n\n
New invocation of recon-all 
\n\n
status file for recon-all
Mon Jul 10 22:02:59 EDT 2017
#@# Fix Topology Copy lh Mon Jul 10 22:02:59 EDT 2017
#@# Fix Topology lh Mon Jul 10 22:03:00 EDT 2017
recon-all -s sub-01 finished without error at Mon Jul 10 22:47:27 EDT 2017
\n\n
New invocation of recon-all 
\n\n
status file for recon-all
Mon Jul 10 22:47:27 EDT 2017
#@# Fix Topology Copy rh Mon Jul 10 22:47:27 EDT 2017
#@# Fix Topology rh Mon Jul 10 22:47:27 EDT 2017
recon-all -s sub-01 finished without error at Mon Jul 10 23:41:26 EDT 2017
\n\n
New invocation of recon-all 
\n\n
status file for recon-all
Mon Jul 10 23:41:26 EDT 2017
#@# Make White Surf lh Mon Jul 10 23:41:26 EDT 2017
recon-all -s sub-01 finished without error at Tue Jul 11 00:06:36 EDT 2017
\n\n
New invocation of recon-all 
\n\n
status file for recon-all
Tue Jul 11 00:06:37 EDT 2017
#@# Make White Surf rh Tue Jul 11 00:06:37 EDT 2017
recon-all -s sub-01 finished without error at Tue Jul 11 00:30:21 EDT 2017
\n\n
New invocation of recon-all 
\n\n
status file for recon-all
Tue Jul 11 00:30:22 EDT 2017
#@# Smooth2 lh Tue Jul 11 00:30:22 EDT 2017
recon-all -s sub-01 finished without error at Tue Jul 11 00:30:36 EDT 2017
\n\n
New invocation of recon-all 
\n\n
status file for recon-all
Tue Jul 11 00:30:36 EDT 2017
#@# Inflation2 lh Tue Jul 11 00:30:36 EDT 2017
recon-all -s sub-01 finished without error at Tue Jul 11 00:31:31 EDT 2017
\n\n
New invocation of recon-all 
\n\n
status file for recon-all
Tue Jul 11 00:31:32 EDT 2017
#@# Sphere lh Tue Jul 11 00:31:32 EDT 2017
recon-all -s sub-01 finished without error at Tue Jul 11 01:36:36 EDT 2017
\n\n
New invocation of recon-all 
\n\n
status file for recon-all
Tue Jul 11 01:36:37 EDT 2017
#@# Surf Reg lh Tue Jul 11 01:36:37 EDT 2017
recon-all -s sub-01 finished without error at Tue Jul 11 03:12:46 EDT 2017
\n\n
New invocation of recon-all 
\n\n
status file for recon-all
Tue Jul 11 03:12:47 EDT 2017
#@# Cortical Parc lh Tue Jul 11 03:12:47 EDT 2017
recon-all -s sub-01 finished without error at Tue Jul 11 03:13:20 EDT 2017
\n\n
New invocation of recon-all 
\n\n
status file for recon-all
Tue Jul 11 03:13:21 EDT 2017
#@# Make Pial Surf lh Tue Jul 11 03:13:21 EDT 2017
#@# Surf Volume lh Tue Jul 11 03:38:09 EDT 2017
recon-all -s sub-01 finished without error at Tue Jul 11 03:38:16 EDT 2017
\n\n
New invocation of recon-all 
\n\n
status file for recon-all
Tue Jul 11 03:38:17 EDT 2017
#@# Surf Volume lh Tue Jul 11 03:38:17 EDT 2017
recon-all -s sub-01 finished without error at Tue Jul 11 03:38:22 EDT 2017
\n\n
New invocation of recon-all 
\n\n
status file for recon-all
Tue Jul 11 03:38:23 EDT 2017
#@# Smooth2 rh Tue Jul 11 03:38:23 EDT 2017
recon-all -s sub-01 finished without error at Tue Jul 11 03:38:36 EDT 2017
\n\n
New invocation of recon-all 
\n\n
status file for recon-all
Tue Jul 11 03:38:37 EDT 2017
#@# Inflation2 rh Tue Jul 11 03:38:37 EDT 2017
recon-all -s sub-01 finished without error at Tue Jul 11 03:39:29 EDT 2017
\n\n
New invocation of recon-all 
\n\n
status file for recon-all
Tue Jul 11 03:39:29 EDT 2017
#@# Sphere rh Tue Jul 11 03:39:29 EDT 2017
recon-all -s sub-01 finished without error at Tue Jul 11 04:47:55 EDT 2017
\n\n
New invocation of recon-all 
\n\n
status file for recon-all
Tue Jul 11 04:47:56 EDT 2017
#@# Surf Reg rh Tue Jul 11 04:47:56 EDT 2017
recon-all -s sub-01 finished without error at Tue Jul 11 06:35:16 EDT 2017
\n\n
New invocation of recon-all 
\n\n
status file for recon-all
Tue Jul 11 06:35:17 EDT 2017
#@# Cortical Parc rh Tue Jul 11 06:35:17 EDT 2017
recon-all -s sub-01 finished without error at Tue Jul 11 06:35:43 EDT 2017
\n\n
New invocation of recon-all 
\n\n
status file for recon-all
Tue Jul 11 06:35:44 EDT 2017
#@# Make Pial Surf rh Tue Jul 11 06:35:44 EDT 2017
#@# Surf Volume rh Tue Jul 11 07:00:00 EDT 2017
recon-all -s sub-01 finished without error at Tue Jul 11 07:00:08 EDT 2017
\n\n
New invocation of recon-all 
\n\n
status file for recon-all
Tue Jul 11 07:00:08 EDT 2017
#@# Surf Volume rh Tue Jul 11 07:00:08 EDT 2017
recon-all -s sub-01 finished without error at Tue Jul 11 07:00:15 EDT 2017
\n\n
New invocation of recon-all 
\n\n
status file for recon-all
Tue Jul 11 07:00:16 EDT 2017
#@# Curv .H and .K lh Tue Jul 11 07:00:16 EDT 2017
recon-all -s sub-01 finished without error at Tue Jul 11 07:02:06 EDT 2017
\n\n
New invocation of recon-all 
\n\n
status file for recon-all
Tue Jul 11 07:02:07 EDT 2017
#@# Curv .H and .K rh Tue Jul 11 07:02:07 EDT 2017
recon-all -s sub-01 finished without error at Tue Jul 11 07:03:55 EDT 2017
\n\n
New invocation of recon-all 
\n\n
status file for recon-all
Tue Jul 11 07:03:56 EDT 2017
#@# Curvature Stats lh Tue Jul 11 07:03:56 EDT 2017
recon-all -s sub-01 finished without error at Tue Jul 11 07:04:07 EDT 2017
\n\n
New invocation of recon-all 
\n\n
status file for recon-all
Tue Jul 11 07:04:08 EDT 2017
#@# Curvature Stats rh Tue Jul 11 07:04:08 EDT 2017
recon-all -s sub-01 finished without error at Tue Jul 11 07:04:17 EDT 2017
\n\n
New invocation of recon-all 
\n\n
status file for recon-all
Tue Jul 11 07:04:18 EDT 2017
#@# Jacobian white lh Tue Jul 11 07:04:18 EDT 2017
recon-all -s sub-01 finished without error at Tue Jul 11 07:04:22 EDT 2017
\n\n
New invocation of recon-all 
\n\n
status file for recon-all
Tue Jul 11 07:04:22 EDT 2017
#@# Jacobian white rh Tue Jul 11 07:04:23 EDT 2017
recon-all -s sub-01 finished without error at Tue Jul 11 07:04:26 EDT 2017
\n\n
New invocation of recon-all 
\n\n
status file for recon-all
Tue Jul 11 07:04:27 EDT 2017
#@# AvgCurv lh Tue Jul 11 07:04:27 EDT 2017
recon-all -s sub-01 finished without error at Tue Jul 11 07:04:31 EDT 2017
\n\n
New invocation of recon-all 
\n\n
status file for recon-all
Tue Jul 11 07:04:32 EDT 2017
#@# AvgCurv rh Tue Jul 11 07:04:32 EDT 2017
recon-all -s sub-01 finished without error at Tue Jul 11 07:04:35 EDT 2017
\n\n
New invocation of recon-all 
\n\n
status file for recon-all
Tue Jul 11 07:04:36 EDT 2017
#@# Cortical ribbon mask Tue Jul 11 07:04:36 EDT 2017
recon-all -s sub-01 finished without error at Tue Jul 11 07:28:06 EDT 2017
\n\n
New invocation of recon-all 
\n\n
status file for recon-all
Tue Jul 11 07:28:07 EDT 2017
#@# Parcellation Stats lh Tue Jul 11 07:28:07 EDT 2017
recon-all -s sub-01 finished without error at Tue Jul 11 07:32:11 EDT 2017
\n\n
New invocation of recon-all 
\n\n
status file for recon-all
Tue Jul 11 07:32:12 EDT 2017
#@# Parcellation Stats rh Tue Jul 11 07:32:12 EDT 2017
recon-all -s sub-01 finished without error at Tue Jul 11 07:35:13 EDT 2017
\n\n
New invocation of recon-all 
\n\n
status file for recon-all
Tue Jul 11 07:35:14 EDT 2017
#@# Cortical Parc 2 lh Tue Jul 11 07:35:14 EDT 2017
recon-all -s sub-01 finished without error at Tue Jul 11 07:35:49 EDT 2017
\n\n
New invocation of recon-all 
\n\n
status file for recon-all
Tue Jul 11 07:35:50 EDT 2017
#@# Cortical Parc 2 rh Tue Jul 11 07:35:50 EDT 2017
recon-all -s sub-01 finished without error at Tue Jul 11 07:36:29 EDT 2017
\n\n
New invocation of recon-all 
\n\n
status file for recon-all
Tue Jul 11 07:36:30 EDT 2017
#@# Parcellation Stats 2 lh Tue Jul 11 07:36:31 EDT 2017
recon-all -s sub-01 finished without error at Tue Jul 11 07:38:38 EDT 2017
\n\n
New invocation of recon-all 
\n\n
status file for recon-all
Tue Jul 11 07:38:39 EDT 2017
#@# Parcellation Stats 2 rh Tue Jul 11 07:38:39 EDT 2017
recon-all -s sub-01 finished without error at Tue Jul 11 07:40:45 EDT 2017
\n\n
New invocation of recon-all 
\n\n
status file for recon-all
Tue Jul 11 07:40:46 EDT 2017
#@# Cortical Parc 3 lh Tue Jul 11 07:40:46 EDT 2017
recon-all -s sub-01 finished without error at Tue Jul 11 07:41:21 EDT 2017
\n\n
New invocation of recon-all 
\n\n
status file for recon-all
Tue Jul 11 07:41:22 EDT 2017
#@# Cortical Parc 3 rh Tue Jul 11 07:41:22 EDT 2017
recon-all -s sub-01 finished without error at Tue Jul 11 07:41:55 EDT 2017
\n\n
New invocation of recon-all 
\n\n
status file for recon-all
Tue Jul 11 07:41:55 EDT 2017
#@# Parcellation Stats 3 lh Tue Jul 11 07:41:55 EDT 2017
recon-all -s sub-01 finished without error at Tue Jul 11 07:43:59 EDT 2017
\n\n
New invocation of recon-all 
\n\n
status file for recon-all
Tue Jul 11 07:44:01 EDT 2017
#@# Parcellation Stats 3 rh Tue Jul 11 07:44:01 EDT 2017
recon-all -s sub-01 finished without error at Tue Jul 11 07:45:28 EDT 2017
\n\n
New invocation of recon-all 
\n\n
status file for recon-all
Tue Jul 11 07:45:29 EDT 2017
#@# WM/GM Contrast lh Tue Jul 11 07:45:29 EDT 2017
recon-all -s sub-01 finished without error at Tue Jul 11 07:45:40 EDT 2017
\n\n
New invocation of recon-all 
\n\n
status file for recon-all
Tue Jul 11 07:45:40 EDT 2017
#@# WM/GM Contrast rh Tue Jul 11 07:45:40 EDT 2017
recon-all -s sub-01 finished without error at Tue Jul 11 07:45:51 EDT 2017
\n\n
New invocation of recon-all 
\n\n
status file for recon-all
Tue Jul 11 07:45:51 EDT 2017
#@# Relabel Hypointensities Tue Jul 11 07:45:51 EDT 2017
recon-all -s sub-01 finished without error at Tue Jul 11 07:46:38 EDT 2017
\n\n
New invocation of recon-all 
\n\n
status file for recon-all
Tue Jul 11 07:46:39 EDT 2017
#@# AParc-to-ASeg aparc Tue Jul 11 07:46:39 EDT 2017
#@# AParc-to-ASeg a2009s Tue Jul 11 07:59:57 EDT 2017
#@# AParc-to-ASeg DKTatlas Tue Jul 11 08:12:33 EDT 2017
recon-all -s sub-01 finished without error at Tue Jul 11 08:24:56 EDT 2017
\n\n
New invocation of recon-all 
\n\n
status file for recon-all
Tue Jul 11 08:24:57 EDT 2017
#@# APas-to-ASeg Tue Jul 11 08:24:57 EDT 2017
recon-all -s sub-01 finished without error at Tue Jul 11 08:25:06 EDT 2017
\n\n
New invocation of recon-all 
\n\n
status file for recon-all
Tue Jul 11 08:25:07 EDT 2017
#@# ASeg Stats Tue Jul 11 08:25:07 EDT 2017
recon-all -s sub-01 finished without error at Tue Jul 11 08:31:09 EDT 2017
\n\n
New invocation of recon-all 
\n\n
status file for recon-all
Tue Jul 11 08:31:10 EDT 2017
#@# WMParc Tue Jul 11 08:31:10 EDT 2017
recon-all -s sub-01 finished without error at Tue Jul 11 08:54:53 EDT 2017
\n\n
New invocation of recon-all 
\n\n
status file for recon-all
Tue Jul 11 08:54:54 EDT 2017
#@# BA_exvivo Labels lh Tue Jul 11 08:54:54 EDT 2017
recon-all -s sub-01 finished without error at Tue Jul 11 09:01:59 EDT 2017
\n\n
New invocation of recon-all 
\n\n
status file for recon-all
Tue Jul 11 09:01:59 EDT 2017
#@# BA_exvivo Labels rh Tue Jul 11 09:01:59 EDT 2017
recon-all -s sub-01 finished without error at Tue Jul 11 09:08:58 EDT 2017
