status file for recon-all
Thu Jul  6 19:25:17 EDT 2017
#@# MotionCor Thu Jul  6 19:25:28 EDT 2017
#@# Deface Thu Jul  6 19:25:43 EDT 2017
#@# Talairach Thu Jul  6 19:29:07 EDT 2017
#@# Talairach Failure Detection Thu Jul  6 19:32:15 EDT 2017
#@# Nu Intensity Correction Thu Jul  6 19:32:15 EDT 2017
#@# Intensity Normalization Thu Jul  6 19:34:41 EDT 2017
#@# Skull Stripping Thu Jul  6 19:38:11 EDT 2017
#@# EM Registration Thu Jul  6 19:55:10 EDT 2017
#@# CA Normalize Thu Jul  6 20:14:48 EDT 2017
#@# CA Reg Thu Jul  6 20:16:46 EDT 2017
#@# SubCort Seg Thu Jul  6 22:59:38 EDT 2017
#@# Merge ASeg Fri Jul  7 00:01:52 EDT 2017
#@# Intensity Normalization2 Fri Jul  7 00:01:52 EDT 2017
#@# Mask BFS Fri Jul  7 00:04:49 EDT 2017
#@# WM Segmentation Fri Jul  7 00:04:50 EDT 2017
#@# Fill Fri Jul  7 00:07:14 EDT 2017
#@# Tessellate lh Fri Jul  7 00:07:56 EDT 2017
#@# Tessellate rh Fri Jul  7 00:08:01 EDT 2017
#@# Smooth1 lh Fri Jul  7 00:08:07 EDT 2017
#@# Smooth1 rh Fri Jul  7 00:08:07 EDT 2017
Darwin trash-can.local 15.6.0 Darwin Kernel Version 15.6.0: Thu Jun 23 18:25:34 PDT 2016; root:xnu-3248.60.10~1/RELEASE_X86_64 x86_64 i386 MacPro6,1 Darwin

recon-all -s sub-09 exited with ERRORS at Fri Jul  7 00:08:08 EDT 2017

\n\n
New invocation of recon-all 
\n\n
status file for recon-all
Fri Jul  7 09:49:57 EDT 2017
#@# Smooth1 lh Fri Jul  7 09:49:57 EDT 2017
recon-all -s sub-09 finished without error at Fri Jul  7 09:50:11 EDT 2017
\n\n
New invocation of recon-all 
\n\n
status file for recon-all
Fri Jul  7 09:50:11 EDT 2017
#@# Smooth1 rh Fri Jul  7 09:50:11 EDT 2017
recon-all -s sub-09 finished without error at Fri Jul  7 09:50:27 EDT 2017
\n\n
New invocation of recon-all 
\n\n
status file for recon-all
Fri Jul  7 09:50:27 EDT 2017
#@# Inflation1 lh Fri Jul  7 09:50:27 EDT 2017
recon-all -s sub-09 finished without error at Fri Jul  7 09:51:12 EDT 2017
\n\n
New invocation of recon-all 
\n\n
status file for recon-all
Fri Jul  7 09:51:12 EDT 2017
#@# Inflation1 rh Fri Jul  7 09:51:12 EDT 2017
recon-all -s sub-09 finished without error at Fri Jul  7 09:51:56 EDT 2017
\n\n
New invocation of recon-all 
\n\n
status file for recon-all
Fri Jul  7 09:51:56 EDT 2017
#@# QSphere lh Fri Jul  7 09:51:56 EDT 2017
recon-all -s sub-09 finished without error at Fri Jul  7 09:55:10 EDT 2017
\n\n
New invocation of recon-all 
\n\n
status file for recon-all
Fri Jul  7 09:55:11 EDT 2017
#@# QSphere rh Fri Jul  7 09:55:11 EDT 2017
recon-all -s sub-09 finished without error at Fri Jul  7 09:57:42 EDT 2017
\n\n
New invocation of recon-all 
\n\n
status file for recon-all
Fri Jul  7 09:57:42 EDT 2017
#@# Fix Topology Copy lh Fri Jul  7 09:57:42 EDT 2017
#@# Fix Topology lh Fri Jul  7 09:57:42 EDT 2017
recon-all -s sub-09 finished without error at Fri Jul  7 13:30:56 EDT 2017
\n\n
New invocation of recon-all 
\n\n
status file for recon-all
Fri Jul  7 13:30:56 EDT 2017
#@# Fix Topology Copy rh Fri Jul  7 13:30:56 EDT 2017
#@# Fix Topology rh Fri Jul  7 13:30:57 EDT 2017
recon-all -s sub-09 finished without error at Fri Jul  7 15:31:30 EDT 2017
\n\n
New invocation of recon-all 
\n\n
status file for recon-all
Fri Jul  7 15:31:31 EDT 2017
#@# Make White Surf lh Fri Jul  7 15:31:31 EDT 2017
recon-all -s sub-09 finished without error at Fri Jul  7 15:49:47 EDT 2017
\n\n
New invocation of recon-all 
\n\n
status file for recon-all
Fri Jul  7 15:49:47 EDT 2017
#@# Make White Surf rh Fri Jul  7 15:49:47 EDT 2017
recon-all -s sub-09 finished without error at Fri Jul  7 16:08:07 EDT 2017
\n\n
New invocation of recon-all 
\n\n
status file for recon-all
Fri Jul  7 16:08:08 EDT 2017
#@# Smooth2 lh Fri Jul  7 16:08:08 EDT 2017
recon-all -s sub-09 finished without error at Fri Jul  7 16:08:16 EDT 2017
\n\n
New invocation of recon-all 
\n\n
status file for recon-all
Fri Jul  7 16:08:17 EDT 2017
#@# Inflation2 lh Fri Jul  7 16:08:17 EDT 2017
recon-all -s sub-09 finished without error at Fri Jul  7 16:08:35 EDT 2017
\n\n
New invocation of recon-all 
\n\n
status file for recon-all
Fri Jul  7 16:08:35 EDT 2017
#@# Sphere lh Fri Jul  7 16:08:35 EDT 2017
recon-all -s sub-09 finished without error at Fri Jul  7 16:25:03 EDT 2017
\n\n
New invocation of recon-all 
\n\n
status file for recon-all
Fri Jul  7 16:25:04 EDT 2017
#@# Surf Reg lh Fri Jul  7 16:25:04 EDT 2017
recon-all -s sub-09 finished without error at Fri Jul  7 16:56:25 EDT 2017
\n\n
New invocation of recon-all 
\n\n
status file for recon-all
Fri Jul  7 16:56:25 EDT 2017
#@# Cortical Parc lh Fri Jul  7 16:56:25 EDT 2017
recon-all -s sub-09 finished without error at Fri Jul  7 16:56:43 EDT 2017
\n\n
New invocation of recon-all 
\n\n
status file for recon-all
Fri Jul  7 16:56:43 EDT 2017
#@# Make Pial Surf lh Fri Jul  7 16:56:44 EDT 2017
#@# Surf Volume lh Fri Jul  7 17:15:12 EDT 2017
recon-all -s sub-09 finished without error at Fri Jul  7 17:15:16 EDT 2017
\n\n
New invocation of recon-all 
\n\n
status file for recon-all
Fri Jul  7 17:15:16 EDT 2017
#@# Surf Volume lh Fri Jul  7 17:15:16 EDT 2017
recon-all -s sub-09 finished without error at Fri Jul  7 17:15:20 EDT 2017
\n\n
New invocation of recon-all 
\n\n
status file for recon-all
Fri Jul  7 17:15:21 EDT 2017
#@# Smooth2 rh Fri Jul  7 17:15:21 EDT 2017
recon-all -s sub-09 finished without error at Fri Jul  7 17:15:30 EDT 2017
\n\n
New invocation of recon-all 
\n\n
status file for recon-all
Fri Jul  7 17:15:31 EDT 2017
#@# Inflation2 rh Fri Jul  7 17:15:31 EDT 2017
recon-all -s sub-09 finished without error at Fri Jul  7 17:15:50 EDT 2017
\n\n
New invocation of recon-all 
\n\n
status file for recon-all
Fri Jul  7 17:15:50 EDT 2017
#@# Sphere rh Fri Jul  7 17:15:50 EDT 2017
recon-all -s sub-09 finished without error at Fri Jul  7 17:34:27 EDT 2017
\n\n
New invocation of recon-all 
\n\n
status file for recon-all
Fri Jul  7 17:34:27 EDT 2017
#@# Surf Reg rh Fri Jul  7 17:34:27 EDT 2017
recon-all -s sub-09 finished without error at Fri Jul  7 18:07:00 EDT 2017
\n\n
New invocation of recon-all 
\n\n
status file for recon-all
Fri Jul  7 18:07:00 EDT 2017
#@# Cortical Parc rh Fri Jul  7 18:07:01 EDT 2017
recon-all -s sub-09 finished without error at Fri Jul  7 18:07:17 EDT 2017
\n\n
New invocation of recon-all 
\n\n
status file for recon-all
Fri Jul  7 18:07:18 EDT 2017
#@# Make Pial Surf rh Fri Jul  7 18:07:18 EDT 2017
#@# Surf Volume rh Fri Jul  7 18:25:51 EDT 2017
recon-all -s sub-09 finished without error at Fri Jul  7 18:25:55 EDT 2017
\n\n
New invocation of recon-all 
\n\n
status file for recon-all
Fri Jul  7 18:25:56 EDT 2017
#@# Surf Volume rh Fri Jul  7 18:25:56 EDT 2017
recon-all -s sub-09 finished without error at Fri Jul  7 18:26:00 EDT 2017
\n\n
New invocation of recon-all 
\n\n
status file for recon-all
Fri Jul  7 18:26:00 EDT 2017
#@# Curv .H and .K lh Fri Jul  7 18:26:00 EDT 2017
recon-all -s sub-09 finished without error at Fri Jul  7 18:27:22 EDT 2017
\n\n
New invocation of recon-all 
\n\n
status file for recon-all
Fri Jul  7 18:27:22 EDT 2017
#@# Curv .H and .K rh Fri Jul  7 18:27:22 EDT 2017
recon-all -s sub-09 finished without error at Fri Jul  7 18:28:46 EDT 2017
\n\n
New invocation of recon-all 
\n\n
status file for recon-all
Fri Jul  7 18:28:46 EDT 2017
#@# Curvature Stats lh Fri Jul  7 18:28:46 EDT 2017
recon-all -s sub-09 finished without error at Fri Jul  7 18:28:53 EDT 2017
\n\n
New invocation of recon-all 
\n\n
status file for recon-all
Fri Jul  7 18:28:53 EDT 2017
#@# Curvature Stats rh Fri Jul  7 18:28:53 EDT 2017
recon-all -s sub-09 finished without error at Fri Jul  7 18:28:59 EDT 2017
\n\n
New invocation of recon-all 
\n\n
status file for recon-all
Fri Jul  7 18:29:00 EDT 2017
#@# Jacobian white lh Fri Jul  7 18:29:00 EDT 2017
recon-all -s sub-09 finished without error at Fri Jul  7 18:29:02 EDT 2017
\n\n
New invocation of recon-all 
\n\n
status file for recon-all
Fri Jul  7 18:29:02 EDT 2017
#@# Jacobian white rh Fri Jul  7 18:29:02 EDT 2017
recon-all -s sub-09 finished without error at Fri Jul  7 18:29:04 EDT 2017
\n\n
New invocation of recon-all 
\n\n
status file for recon-all
Fri Jul  7 18:29:05 EDT 2017
#@# AvgCurv lh Fri Jul  7 18:29:05 EDT 2017
recon-all -s sub-09 finished without error at Fri Jul  7 18:29:07 EDT 2017
\n\n
New invocation of recon-all 
\n\n
status file for recon-all
Fri Jul  7 18:29:07 EDT 2017
#@# AvgCurv rh Fri Jul  7 18:29:07 EDT 2017
recon-all -s sub-09 finished without error at Fri Jul  7 18:29:09 EDT 2017
\n\n
New invocation of recon-all 
\n\n
status file for recon-all
Fri Jul  7 18:29:10 EDT 2017
#@# Cortical ribbon mask Fri Jul  7 18:29:10 EDT 2017
recon-all -s sub-09 finished without error at Fri Jul  7 18:42:58 EDT 2017
\n\n
New invocation of recon-all 
\n\n
status file for recon-all
Fri Jul  7 18:42:58 EDT 2017
#@# Parcellation Stats lh Fri Jul  7 18:42:59 EDT 2017
recon-all -s sub-09 finished without error at Fri Jul  7 18:44:18 EDT 2017
\n\n
New invocation of recon-all 
\n\n
status file for recon-all
Fri Jul  7 18:44:18 EDT 2017
#@# Parcellation Stats rh Fri Jul  7 18:44:18 EDT 2017
recon-all -s sub-09 finished without error at Fri Jul  7 18:45:39 EDT 2017
\n\n
New invocation of recon-all 
\n\n
status file for recon-all
Fri Jul  7 18:45:39 EDT 2017
#@# Cortical Parc 2 lh Fri Jul  7 18:45:39 EDT 2017
recon-all -s sub-09 finished without error at Fri Jul  7 18:46:00 EDT 2017
\n\n
New invocation of recon-all 
\n\n
status file for recon-all
Fri Jul  7 18:46:01 EDT 2017
#@# Cortical Parc 2 rh Fri Jul  7 18:46:01 EDT 2017
recon-all -s sub-09 finished without error at Fri Jul  7 18:46:22 EDT 2017
\n\n
New invocation of recon-all 
\n\n
status file for recon-all
Fri Jul  7 18:46:22 EDT 2017
#@# Parcellation Stats 2 lh Fri Jul  7 18:46:22 EDT 2017
recon-all -s sub-09 finished without error at Fri Jul  7 18:47:02 EDT 2017
\n\n
New invocation of recon-all 
\n\n
status file for recon-all
Fri Jul  7 18:47:03 EDT 2017
#@# Parcellation Stats 2 rh Fri Jul  7 18:47:03 EDT 2017
recon-all -s sub-09 finished without error at Fri Jul  7 18:47:44 EDT 2017
\n\n
New invocation of recon-all 
\n\n
status file for recon-all
Fri Jul  7 18:47:44 EDT 2017
#@# Cortical Parc 3 lh Fri Jul  7 18:47:44 EDT 2017
recon-all -s sub-09 finished without error at Fri Jul  7 18:48:01 EDT 2017
\n\n
New invocation of recon-all 
\n\n
status file for recon-all
Fri Jul  7 18:48:01 EDT 2017
#@# Cortical Parc 3 rh Fri Jul  7 18:48:01 EDT 2017
recon-all -s sub-09 finished without error at Fri Jul  7 18:48:18 EDT 2017
\n\n
New invocation of recon-all 
\n\n
status file for recon-all
Fri Jul  7 18:48:18 EDT 2017
#@# Parcellation Stats 3 lh Fri Jul  7 18:48:18 EDT 2017
recon-all -s sub-09 finished without error at Fri Jul  7 18:48:58 EDT 2017
\n\n
New invocation of recon-all 
\n\n
status file for recon-all
Fri Jul  7 18:48:58 EDT 2017
#@# Parcellation Stats 3 rh Fri Jul  7 18:48:58 EDT 2017
recon-all -s sub-09 finished without error at Fri Jul  7 18:49:38 EDT 2017
\n\n
New invocation of recon-all 
\n\n
status file for recon-all
Fri Jul  7 18:49:39 EDT 2017
#@# WM/GM Contrast lh Fri Jul  7 18:49:39 EDT 2017
recon-all -s sub-09 finished without error at Fri Jul  7 18:49:46 EDT 2017
\n\n
New invocation of recon-all 
\n\n
status file for recon-all
Fri Jul  7 18:49:46 EDT 2017
#@# WM/GM Contrast rh Fri Jul  7 18:49:46 EDT 2017
recon-all -s sub-09 finished without error at Fri Jul  7 18:49:52 EDT 2017
\n\n
New invocation of recon-all 
\n\n
status file for recon-all
Fri Jul  7 18:49:53 EDT 2017
#@# Relabel Hypointensities Fri Jul  7 18:49:53 EDT 2017
recon-all -s sub-09 finished without error at Fri Jul  7 18:50:20 EDT 2017
\n\n
New invocation of recon-all 
\n\n
status file for recon-all
Fri Jul  7 18:50:20 EDT 2017
#@# AParc-to-ASeg aparc Fri Jul  7 18:50:20 EDT 2017
#@# AParc-to-ASeg a2009s Fri Jul  7 18:55:38 EDT 2017
#@# AParc-to-ASeg DKTatlas Fri Jul  7 19:00:53 EDT 2017
recon-all -s sub-09 finished without error at Fri Jul  7 19:06:13 EDT 2017
\n\n
New invocation of recon-all 
\n\n
status file for recon-all
Fri Jul  7 19:06:13 EDT 2017
#@# APas-to-ASeg Fri Jul  7 19:06:13 EDT 2017
recon-all -s sub-09 finished without error at Fri Jul  7 19:06:19 EDT 2017
\n\n
New invocation of recon-all 
\n\n
status file for recon-all
Fri Jul  7 19:06:19 EDT 2017
#@# ASeg Stats Fri Jul  7 19:06:19 EDT 2017
recon-all -s sub-09 finished without error at Fri Jul  7 19:07:34 EDT 2017
\n\n
New invocation of recon-all 
\n\n
status file for recon-all
Fri Jul  7 19:07:34 EDT 2017
#@# WMParc Fri Jul  7 19:07:34 EDT 2017
recon-all -s sub-09 finished without error at Fri Jul  7 19:14:39 EDT 2017
\n\n
New invocation of recon-all 
\n\n
status file for recon-all
Fri Jul  7 19:14:39 EDT 2017
#@# BA_exvivo Labels lh Fri Jul  7 19:14:39 EDT 2017
recon-all -s sub-09 finished without error at Fri Jul  7 19:19:51 EDT 2017
\n\n
New invocation of recon-all 
\n\n
status file for recon-all
Fri Jul  7 19:19:51 EDT 2017
#@# BA_exvivo Labels rh Fri Jul  7 19:19:51 EDT 2017
recon-all -s sub-09 finished without error at Fri Jul  7 19:25:08 EDT 2017
\n\n
New invocation of recon-all 
\n\n
status file for recon-all
Fri Jul 14 04:21:42 EDT 2017
#@# MotionCor Fri Jul 14 04:21:42 EDT 2017
recon-all -s sub-09 finished without error at Fri Jul 14 04:21:52 EDT 2017
\n\n
New invocation of recon-all 
\n\n
status file for recon-all
Fri Jul 14 04:21:53 EDT 2017
#@# Talairach Fri Jul 14 04:21:53 EDT 2017
#@# Talairach Failure Detection Fri Jul 14 04:24:25 EDT 2017
recon-all -s sub-09 finished without error at Fri Jul 14 04:24:25 EDT 2017
\n\n
New invocation of recon-all 
\n\n
status file for recon-all
Fri Jul 14 04:24:26 EDT 2017
#@# Nu Intensity Correction Fri Jul 14 04:24:26 EDT 2017
recon-all -s sub-09 finished without error at Fri Jul 14 04:27:26 EDT 2017
\n\n
New invocation of recon-all 
\n\n
status file for recon-all
Fri Jul 14 04:27:27 EDT 2017
#@# Intensity Normalization Fri Jul 14 04:27:27 EDT 2017
recon-all -s sub-09 finished without error at Fri Jul 14 04:30:50 EDT 2017
\n\n
New invocation of recon-all 
\n\n
status file for recon-all
Fri Jul 14 04:30:52 EDT 2017
#@# Skull Stripping Fri Jul 14 04:30:52 EDT 2017
recon-all -s sub-09 finished without error at Fri Jul 14 04:31:40 EDT 2017
\n\n
New invocation of recon-all 
\n\n
status file for recon-all
Fri Jul 14 04:31:40 EDT 2017
#@# EM Registration Fri Jul 14 04:31:41 EDT 2017
recon-all -s sub-09 finished without error at Fri Jul 14 04:50:45 EDT 2017
\n\n
New invocation of recon-all 
\n\n
status file for recon-all
Fri Jul 14 04:50:46 EDT 2017
#@# CA Normalize Fri Jul 14 04:50:46 EDT 2017
recon-all -s sub-09 finished without error at Fri Jul 14 04:52:48 EDT 2017
\n\n
New invocation of recon-all 
\n\n
status file for recon-all
Fri Jul 14 04:52:49 EDT 2017
#@# CA Reg Fri Jul 14 04:52:49 EDT 2017
recon-all -s sub-09 finished without error at Fri Jul 14 09:23:46 EDT 2017
\n\n
New invocation of recon-all 
\n\n
status file for recon-all
Fri Jul 14 09:23:47 EDT 2017
#@# SubCort Seg Fri Jul 14 09:23:47 EDT 2017
#@# Merge ASeg Fri Jul 14 10:43:12 EDT 2017
recon-all -s sub-09 finished without error at Fri Jul 14 10:43:13 EDT 2017
\n\n
New invocation of recon-all 
\n\n
status file for recon-all
Fri Jul 14 10:43:14 EDT 2017
#@# Intensity Normalization2 Fri Jul 14 10:43:14 EDT 2017
recon-all -s sub-09 finished without error at Fri Jul 14 10:48:14 EDT 2017
\n\n
New invocation of recon-all 
\n\n
status file for recon-all
Fri Jul 14 10:48:15 EDT 2017
#@# Mask BFS Fri Jul 14 10:48:15 EDT 2017
recon-all -s sub-09 finished without error at Fri Jul 14 10:48:18 EDT 2017
\n\n
New invocation of recon-all 
\n\n
status file for recon-all
Fri Jul 14 10:48:19 EDT 2017
#@# WM Segmentation Fri Jul 14 10:48:19 EDT 2017
recon-all -s sub-09 finished without error at Fri Jul 14 10:51:47 EDT 2017
\n\n
New invocation of recon-all 
\n\n
status file for recon-all
Fri Jul 14 10:51:48 EDT 2017
#@# Fill Fri Jul 14 10:51:48 EDT 2017
recon-all -s sub-09 finished without error at Fri Jul 14 10:52:51 EDT 2017
\n\n
New invocation of recon-all 
\n\n
status file for recon-all
Fri Jul 14 10:52:51 EDT 2017
#@# Tessellate lh Fri Jul 14 10:52:51 EDT 2017
recon-all -s sub-09 finished without error at Fri Jul 14 10:53:03 EDT 2017
\n\n
New invocation of recon-all 
\n\n
status file for recon-all
Fri Jul 14 10:53:03 EDT 2017
#@# Tessellate rh Fri Jul 14 10:53:03 EDT 2017
recon-all -s sub-09 finished without error at Fri Jul 14 10:53:15 EDT 2017
\n\n
New invocation of recon-all 
\n\n
status file for recon-all
Fri Jul 14 10:53:16 EDT 2017
#@# Smooth1 lh Fri Jul 14 10:53:16 EDT 2017
recon-all -s sub-09 finished without error at Fri Jul 14 10:53:31 EDT 2017
\n\n
New invocation of recon-all 
\n\n
status file for recon-all
Fri Jul 14 10:53:31 EDT 2017
#@# Smooth1 rh Fri Jul 14 10:53:31 EDT 2017
recon-all -s sub-09 finished without error at Fri Jul 14 10:53:46 EDT 2017
\n\n
New invocation of recon-all 
\n\n
status file for recon-all
Fri Jul 14 10:53:47 EDT 2017
#@# Inflation1 lh Fri Jul 14 10:53:47 EDT 2017
recon-all -s sub-09 finished without error at Fri Jul 14 10:54:55 EDT 2017
\n\n
New invocation of recon-all 
\n\n
status file for recon-all
Fri Jul 14 10:54:55 EDT 2017
#@# Inflation1 rh Fri Jul 14 10:54:55 EDT 2017
recon-all -s sub-09 finished without error at Fri Jul 14 10:56:05 EDT 2017
\n\n
New invocation of recon-all 
\n\n
status file for recon-all
Fri Jul 14 10:56:06 EDT 2017
#@# QSphere lh Fri Jul 14 10:56:06 EDT 2017
recon-all -s sub-09 finished without error at Fri Jul 14 11:02:48 EDT 2017
\n\n
New invocation of recon-all 
\n\n
status file for recon-all
Fri Jul 14 11:02:49 EDT 2017
#@# QSphere rh Fri Jul 14 11:02:49 EDT 2017
recon-all -s sub-09 finished without error at Fri Jul 14 11:09:09 EDT 2017
\n\n
New invocation of recon-all 
\n\n
status file for recon-all
Fri Jul 14 11:09:09 EDT 2017
#@# Fix Topology Copy lh Fri Jul 14 11:09:09 EDT 2017
#@# Fix Topology lh Fri Jul 14 11:09:09 EDT 2017
recon-all -s sub-09 finished without error at Fri Jul 14 12:17:57 EDT 2017
\n\n
New invocation of recon-all 
\n\n
status file for recon-all
Fri Jul 14 12:17:58 EDT 2017
#@# Fix Topology Copy rh Fri Jul 14 12:17:58 EDT 2017
#@# Fix Topology rh Fri Jul 14 12:17:58 EDT 2017
recon-all -s sub-09 finished without error at Fri Jul 14 13:30:51 EDT 2017
\n\n
New invocation of recon-all 
\n\n
status file for recon-all
Fri Jul 14 13:30:52 EDT 2017
#@# Make White Surf lh Fri Jul 14 13:30:52 EDT 2017
recon-all -s sub-09 finished without error at Fri Jul 14 14:04:48 EDT 2017
\n\n
New invocation of recon-all 
\n\n
status file for recon-all
Fri Jul 14 14:04:49 EDT 2017
#@# Make White Surf rh Fri Jul 14 14:04:49 EDT 2017
recon-all -s sub-09 finished without error at Fri Jul 14 14:35:59 EDT 2017
\n\n
New invocation of recon-all 
\n\n
status file for recon-all
Fri Jul 14 14:36:00 EDT 2017
#@# Smooth2 lh Fri Jul 14 14:36:00 EDT 2017
recon-all -s sub-09 finished without error at Fri Jul 14 14:36:16 EDT 2017
\n\n
New invocation of recon-all 
\n\n
status file for recon-all
Fri Jul 14 14:36:16 EDT 2017
#@# Inflation2 lh Fri Jul 14 14:36:16 EDT 2017
recon-all -s sub-09 finished without error at Fri Jul 14 14:37:24 EDT 2017
\n\n
New invocation of recon-all 
\n\n
status file for recon-all
Fri Jul 14 14:37:25 EDT 2017
#@# Sphere lh Fri Jul 14 14:37:25 EDT 2017
recon-all -s sub-09 finished without error at Fri Jul 14 16:42:01 EDT 2017
\n\n
New invocation of recon-all 
\n\n
status file for recon-all
Fri Jul 14 16:42:02 EDT 2017
#@# Surf Reg lh Fri Jul 14 16:42:02 EDT 2017
recon-all -s sub-09 finished without error at Fri Jul 14 18:26:17 EDT 2017
\n\n
New invocation of recon-all 
\n\n
status file for recon-all
Fri Jul 14 18:26:18 EDT 2017
#@# Cortical Parc lh Fri Jul 14 18:26:18 EDT 2017
recon-all -s sub-09 finished without error at Fri Jul 14 18:26:48 EDT 2017
\n\n
New invocation of recon-all 
\n\n
status file for recon-all
Fri Jul 14 18:26:49 EDT 2017
#@# Make Pial Surf lh Fri Jul 14 18:26:49 EDT 2017
#@# Surf Volume lh Fri Jul 14 18:52:45 EDT 2017
recon-all -s sub-09 finished without error at Fri Jul 14 18:52:51 EDT 2017
\n\n
New invocation of recon-all 
\n\n
status file for recon-all
Fri Jul 14 18:52:52 EDT 2017
#@# Surf Volume lh Fri Jul 14 18:52:52 EDT 2017
recon-all -s sub-09 finished without error at Fri Jul 14 18:52:58 EDT 2017
\n\n
New invocation of recon-all 
\n\n
status file for recon-all
Fri Jul 14 18:52:58 EDT 2017
#@# Smooth2 rh Fri Jul 14 18:52:58 EDT 2017
recon-all -s sub-09 finished without error at Fri Jul 14 18:53:13 EDT 2017
\n\n
New invocation of recon-all 
\n\n
status file for recon-all
Fri Jul 14 18:53:14 EDT 2017
#@# Inflation2 rh Fri Jul 14 18:53:14 EDT 2017
recon-all -s sub-09 finished without error at Fri Jul 14 18:54:09 EDT 2017
\n\n
New invocation of recon-all 
\n\n
status file for recon-all
Fri Jul 14 18:54:09 EDT 2017
#@# Sphere rh Fri Jul 14 18:54:09 EDT 2017
recon-all -s sub-09 finished without error at Fri Jul 14 20:17:00 EDT 2017
\n\n
New invocation of recon-all 
\n\n
status file for recon-all
Fri Jul 14 20:17:01 EDT 2017
#@# Surf Reg rh Fri Jul 14 20:17:01 EDT 2017
recon-all -s sub-09 finished without error at Fri Jul 14 21:50:19 EDT 2017
\n\n
New invocation of recon-all 
\n\n
status file for recon-all
Fri Jul 14 21:50:20 EDT 2017
#@# Cortical Parc rh Fri Jul 14 21:50:20 EDT 2017
recon-all -s sub-09 finished without error at Fri Jul 14 21:50:49 EDT 2017
\n\n
New invocation of recon-all 
\n\n
status file for recon-all
Fri Jul 14 21:50:50 EDT 2017
#@# Make Pial Surf rh Fri Jul 14 21:50:50 EDT 2017
#@# Surf Volume rh Fri Jul 14 22:16:14 EDT 2017
recon-all -s sub-09 finished without error at Fri Jul 14 22:16:21 EDT 2017
\n\n
New invocation of recon-all 
\n\n
status file for recon-all
Fri Jul 14 22:16:22 EDT 2017
#@# Surf Volume rh Fri Jul 14 22:16:22 EDT 2017
recon-all -s sub-09 finished without error at Fri Jul 14 22:16:28 EDT 2017
\n\n
New invocation of recon-all 
\n\n
status file for recon-all
Fri Jul 14 22:16:28 EDT 2017
#@# Curv .H and .K lh Fri Jul 14 22:16:28 EDT 2017
recon-all -s sub-09 finished without error at Fri Jul 14 22:18:21 EDT 2017
\n\n
New invocation of recon-all 
\n\n
status file for recon-all
Fri Jul 14 22:18:22 EDT 2017
#@# Curv .H and .K rh Fri Jul 14 22:18:22 EDT 2017
recon-all -s sub-09 finished without error at Fri Jul 14 22:20:17 EDT 2017
\n\n
New invocation of recon-all 
\n\n
status file for recon-all
Fri Jul 14 22:20:18 EDT 2017
#@# Curvature Stats lh Fri Jul 14 22:20:18 EDT 2017
recon-all -s sub-09 finished without error at Fri Jul 14 22:20:28 EDT 2017
\n\n
New invocation of recon-all 
\n\n
status file for recon-all
Fri Jul 14 22:20:29 EDT 2017
#@# Curvature Stats rh Fri Jul 14 22:20:29 EDT 2017
recon-all -s sub-09 finished without error at Fri Jul 14 22:20:39 EDT 2017
\n\n
New invocation of recon-all 
\n\n
status file for recon-all
Fri Jul 14 22:20:39 EDT 2017
#@# Jacobian white lh Fri Jul 14 22:20:39 EDT 2017
recon-all -s sub-09 finished without error at Fri Jul 14 22:20:43 EDT 2017
\n\n
New invocation of recon-all 
\n\n
status file for recon-all
Fri Jul 14 22:20:43 EDT 2017
#@# Jacobian white rh Fri Jul 14 22:20:43 EDT 2017
recon-all -s sub-09 finished without error at Fri Jul 14 22:20:47 EDT 2017
\n\n
New invocation of recon-all 
\n\n
status file for recon-all
Fri Jul 14 22:20:47 EDT 2017
#@# AvgCurv lh Fri Jul 14 22:20:47 EDT 2017
recon-all -s sub-09 finished without error at Fri Jul 14 22:20:50 EDT 2017
\n\n
New invocation of recon-all 
\n\n
status file for recon-all
Fri Jul 14 22:20:51 EDT 2017
#@# AvgCurv rh Fri Jul 14 22:20:51 EDT 2017
recon-all -s sub-09 finished without error at Fri Jul 14 22:20:54 EDT 2017
\n\n
New invocation of recon-all 
\n\n
status file for recon-all
Fri Jul 14 22:20:54 EDT 2017
#@# Cortical ribbon mask Fri Jul 14 22:20:54 EDT 2017
recon-all -s sub-09 finished without error at Fri Jul 14 22:41:30 EDT 2017
\n\n
New invocation of recon-all 
\n\n
status file for recon-all
Fri Jul 14 22:41:31 EDT 2017
#@# Parcellation Stats lh Fri Jul 14 22:41:31 EDT 2017
recon-all -s sub-09 finished without error at Fri Jul 14 22:44:23 EDT 2017
\n\n
New invocation of recon-all 
\n\n
status file for recon-all
Fri Jul 14 22:44:23 EDT 2017
#@# Parcellation Stats rh Fri Jul 14 22:44:23 EDT 2017
recon-all -s sub-09 finished without error at Fri Jul 14 22:47:18 EDT 2017
\n\n
New invocation of recon-all 
\n\n
status file for recon-all
Fri Jul 14 22:47:18 EDT 2017
#@# Cortical Parc 2 lh Fri Jul 14 22:47:19 EDT 2017
recon-all -s sub-09 finished without error at Fri Jul 14 22:47:54 EDT 2017
\n\n
New invocation of recon-all 
\n\n
status file for recon-all
Fri Jul 14 22:47:55 EDT 2017
#@# Cortical Parc 2 rh Fri Jul 14 22:47:55 EDT 2017
recon-all -s sub-09 finished without error at Fri Jul 14 22:48:30 EDT 2017
\n\n
New invocation of recon-all 
\n\n
status file for recon-all
Fri Jul 14 22:48:31 EDT 2017
#@# Parcellation Stats 2 lh Fri Jul 14 22:48:31 EDT 2017
recon-all -s sub-09 finished without error at Fri Jul 14 22:50:00 EDT 2017
\n\n
New invocation of recon-all 
\n\n
status file for recon-all
Fri Jul 14 22:50:01 EDT 2017
#@# Parcellation Stats 2 rh Fri Jul 14 22:50:01 EDT 2017
recon-all -s sub-09 finished without error at Fri Jul 14 22:51:30 EDT 2017
\n\n
New invocation of recon-all 
\n\n
status file for recon-all
Fri Jul 14 22:51:31 EDT 2017
#@# Cortical Parc 3 lh Fri Jul 14 22:51:31 EDT 2017
recon-all -s sub-09 finished without error at Fri Jul 14 22:51:59 EDT 2017
\n\n
New invocation of recon-all 
\n\n
status file for recon-all
Fri Jul 14 22:51:59 EDT 2017
#@# Cortical Parc 3 rh Fri Jul 14 22:51:59 EDT 2017
recon-all -s sub-09 finished without error at Fri Jul 14 22:52:29 EDT 2017
\n\n
New invocation of recon-all 
\n\n
status file for recon-all
Fri Jul 14 22:52:30 EDT 2017
#@# Parcellation Stats 3 lh Fri Jul 14 22:52:30 EDT 2017
recon-all -s sub-09 finished without error at Fri Jul 14 22:53:57 EDT 2017
\n\n
New invocation of recon-all 
\n\n
status file for recon-all
Fri Jul 14 22:53:57 EDT 2017
#@# Parcellation Stats 3 rh Fri Jul 14 22:53:57 EDT 2017
recon-all -s sub-09 finished without error at Fri Jul 14 22:55:25 EDT 2017
\n\n
New invocation of recon-all 
\n\n
status file for recon-all
Fri Jul 14 22:55:26 EDT 2017
#@# WM/GM Contrast lh Fri Jul 14 22:55:26 EDT 2017
recon-all -s sub-09 finished without error at Fri Jul 14 22:55:36 EDT 2017
\n\n
New invocation of recon-all 
\n\n
status file for recon-all
Fri Jul 14 22:55:37 EDT 2017
#@# WM/GM Contrast rh Fri Jul 14 22:55:37 EDT 2017
recon-all -s sub-09 finished without error at Fri Jul 14 22:55:47 EDT 2017
\n\n
New invocation of recon-all 
\n\n
status file for recon-all
Fri Jul 14 22:55:48 EDT 2017
#@# Relabel Hypointensities Fri Jul 14 22:55:48 EDT 2017
recon-all -s sub-09 finished without error at Fri Jul 14 22:56:31 EDT 2017
\n\n
New invocation of recon-all 
\n\n
status file for recon-all
Fri Jul 14 22:56:31 EDT 2017
#@# AParc-to-ASeg aparc Fri Jul 14 22:56:31 EDT 2017
#@# AParc-to-ASeg a2009s Fri Jul 14 23:07:53 EDT 2017
#@# AParc-to-ASeg DKTatlas Fri Jul 14 23:19:13 EDT 2017
recon-all -s sub-09 finished without error at Fri Jul 14 23:30:27 EDT 2017
\n\n
New invocation of recon-all 
\n\n
status file for recon-all
Fri Jul 14 23:30:28 EDT 2017
#@# APas-to-ASeg Fri Jul 14 23:30:28 EDT 2017
recon-all -s sub-09 finished without error at Fri Jul 14 23:30:36 EDT 2017
\n\n
New invocation of recon-all 
\n\n
status file for recon-all
Fri Jul 14 23:30:36 EDT 2017
#@# ASeg Stats Fri Jul 14 23:30:36 EDT 2017
recon-all -s sub-09 finished without error at Fri Jul 14 23:35:44 EDT 2017
\n\n
New invocation of recon-all 
\n\n
status file for recon-all
Fri Jul 14 23:35:44 EDT 2017
#@# WMParc Fri Jul 14 23:35:44 EDT 2017
recon-all -s sub-09 finished without error at Fri Jul 14 23:55:37 EDT 2017
\n\n
New invocation of recon-all 
\n\n
status file for recon-all
Fri Jul 14 23:55:38 EDT 2017
#@# BA_exvivo Labels lh Fri Jul 14 23:55:38 EDT 2017
recon-all -s sub-09 finished without error at Sat Jul 15 00:02:57 EDT 2017
\n\n
New invocation of recon-all 
\n\n
status file for recon-all
Sat Jul 15 00:02:58 EDT 2017
#@# BA_exvivo Labels rh Sat Jul 15 00:02:58 EDT 2017
recon-all -s sub-09 finished without error at Sat Jul 15 00:10:21 EDT 2017
