status file for recon-all
Thu Jul  6 19:10:28 EDT 2017
#@# MotionCor Thu Jul  6 19:10:36 EDT 2017
#@# Deface Thu Jul  6 19:10:47 EDT 2017
#@# Talairach Thu Jul  6 19:13:01 EDT 2017
#@# Talairach Failure Detection Thu Jul  6 19:14:45 EDT 2017
#@# Nu Intensity Correction Thu Jul  6 19:14:45 EDT 2017
#@# Intensity Normalization Thu Jul  6 19:16:31 EDT 2017
#@# Skull Stripping Thu Jul  6 19:19:50 EDT 2017
#@# EM Registration Thu Jul  6 19:34:03 EDT 2017
#@# CA Normalize Thu Jul  6 19:44:07 EDT 2017
#@# CA Reg Thu Jul  6 19:46:58 EDT 2017
#@# SubCort Seg Thu Jul  6 22:35:51 EDT 2017
#@# Merge ASeg Thu Jul  6 23:41:01 EDT 2017
#@# Intensity Normalization2 Thu Jul  6 23:41:01 EDT 2017
#@# Mask BFS Thu Jul  6 23:44:07 EDT 2017
#@# WM Segmentation Thu Jul  6 23:44:08 EDT 2017
#@# Fill Thu Jul  6 23:46:35 EDT 2017
#@# Tessellate lh Thu Jul  6 23:47:19 EDT 2017
#@# Tessellate rh Thu Jul  6 23:47:25 EDT 2017
#@# Smooth1 lh Thu Jul  6 23:47:30 EDT 2017
#@# Smooth1 rh Thu Jul  6 23:47:30 EDT 2017
Darwin trash-can.local 15.6.0 Darwin Kernel Version 15.6.0: Thu Jun 23 18:25:34 PDT 2016; root:xnu-3248.60.10~1/RELEASE_X86_64 x86_64 i386 MacPro6,1 Darwin

recon-all -s sub-07 exited with ERRORS at Thu Jul  6 23:47:31 EDT 2017

\n\n
New invocation of recon-all 
\n\n
status file for recon-all
Fri Jul  7 09:49:41 EDT 2017
#@# Smooth1 lh Fri Jul  7 09:49:41 EDT 2017
recon-all -s sub-07 finished without error at Fri Jul  7 09:49:52 EDT 2017
\n\n
New invocation of recon-all 
\n\n
status file for recon-all
Fri Jul  7 09:49:53 EDT 2017
#@# Smooth1 rh Fri Jul  7 09:49:53 EDT 2017
recon-all -s sub-07 finished without error at Fri Jul  7 09:50:06 EDT 2017
\n\n
New invocation of recon-all 
\n\n
status file for recon-all
Fri Jul  7 09:50:06 EDT 2017
#@# Inflation1 lh Fri Jul  7 09:50:06 EDT 2017
recon-all -s sub-07 finished without error at Fri Jul  7 09:50:44 EDT 2017
\n\n
New invocation of recon-all 
\n\n
status file for recon-all
Fri Jul  7 09:50:45 EDT 2017
#@# Inflation1 rh Fri Jul  7 09:50:45 EDT 2017
recon-all -s sub-07 finished without error at Fri Jul  7 09:51:29 EDT 2017
\n\n
New invocation of recon-all 
\n\n
status file for recon-all
Fri Jul  7 09:51:30 EDT 2017
#@# QSphere lh Fri Jul  7 09:51:30 EDT 2017
recon-all -s sub-07 finished without error at Fri Jul  7 09:54:53 EDT 2017
\n\n
New invocation of recon-all 
\n\n
status file for recon-all
Fri Jul  7 09:54:53 EDT 2017
#@# QSphere rh Fri Jul  7 09:54:53 EDT 2017
recon-all -s sub-07 finished without error at Fri Jul  7 09:57:27 EDT 2017
\n\n
New invocation of recon-all 
\n\n
status file for recon-all
Fri Jul  7 09:57:27 EDT 2017
#@# Fix Topology Copy lh Fri Jul  7 09:57:27 EDT 2017
#@# Fix Topology lh Fri Jul  7 09:57:28 EDT 2017
recon-all -s sub-07 finished without error at Fri Jul  7 10:49:06 EDT 2017
\n\n
New invocation of recon-all 
\n\n
status file for recon-all
Fri Jul  7 10:49:06 EDT 2017
#@# Fix Topology Copy rh Fri Jul  7 10:49:06 EDT 2017
#@# Fix Topology rh Fri Jul  7 10:49:06 EDT 2017
recon-all -s sub-07 finished without error at Fri Jul  7 11:48:12 EDT 2017
\n\n
New invocation of recon-all 
\n\n
status file for recon-all
Fri Jul  7 11:48:13 EDT 2017
#@# Make White Surf lh Fri Jul  7 11:48:13 EDT 2017
recon-all -s sub-07 finished without error at Fri Jul  7 12:15:24 EDT 2017
\n\n
New invocation of recon-all 
\n\n
status file for recon-all
Fri Jul  7 12:15:24 EDT 2017
#@# Make White Surf rh Fri Jul  7 12:15:24 EDT 2017
recon-all -s sub-07 finished without error at Fri Jul  7 12:45:18 EDT 2017
\n\n
New invocation of recon-all 
\n\n
status file for recon-all
Fri Jul  7 12:45:19 EDT 2017
#@# Smooth2 lh Fri Jul  7 12:45:19 EDT 2017
recon-all -s sub-07 finished without error at Fri Jul  7 12:45:34 EDT 2017
\n\n
New invocation of recon-all 
\n\n
status file for recon-all
Fri Jul  7 12:45:35 EDT 2017
#@# Inflation2 lh Fri Jul  7 12:45:35 EDT 2017
recon-all -s sub-07 finished without error at Fri Jul  7 12:46:09 EDT 2017
\n\n
New invocation of recon-all 
\n\n
status file for recon-all
Fri Jul  7 12:46:09 EDT 2017
#@# Sphere lh Fri Jul  7 12:46:10 EDT 2017
recon-all -s sub-07 finished without error at Fri Jul  7 13:13:45 EDT 2017
\n\n
New invocation of recon-all 
\n\n
status file for recon-all
Fri Jul  7 13:13:45 EDT 2017
#@# Surf Reg lh Fri Jul  7 13:13:45 EDT 2017
recon-all -s sub-07 finished without error at Fri Jul  7 14:04:23 EDT 2017
\n\n
New invocation of recon-all 
\n\n
status file for recon-all
Fri Jul  7 14:04:23 EDT 2017
#@# Cortical Parc lh Fri Jul  7 14:04:24 EDT 2017
recon-all -s sub-07 finished without error at Fri Jul  7 14:04:55 EDT 2017
\n\n
New invocation of recon-all 
\n\n
status file for recon-all
Fri Jul  7 14:04:56 EDT 2017
#@# Make Pial Surf lh Fri Jul  7 14:04:56 EDT 2017
#@# Surf Volume lh Fri Jul  7 14:28:55 EDT 2017
recon-all -s sub-07 finished without error at Fri Jul  7 14:29:00 EDT 2017
\n\n
New invocation of recon-all 
\n\n
status file for recon-all
Fri Jul  7 14:29:00 EDT 2017
#@# Surf Volume lh Fri Jul  7 14:29:00 EDT 2017
recon-all -s sub-07 finished without error at Fri Jul  7 14:29:06 EDT 2017
\n\n
New invocation of recon-all 
\n\n
status file for recon-all
Fri Jul  7 14:29:06 EDT 2017
#@# Smooth2 rh Fri Jul  7 14:29:06 EDT 2017
recon-all -s sub-07 finished without error at Fri Jul  7 14:29:18 EDT 2017
\n\n
New invocation of recon-all 
\n\n
status file for recon-all
Fri Jul  7 14:29:18 EDT 2017
#@# Inflation2 rh Fri Jul  7 14:29:18 EDT 2017
recon-all -s sub-07 finished without error at Fri Jul  7 14:29:44 EDT 2017
\n\n
New invocation of recon-all 
\n\n
status file for recon-all
Fri Jul  7 14:29:44 EDT 2017
#@# Sphere rh Fri Jul  7 14:29:44 EDT 2017
recon-all -s sub-07 finished without error at Fri Jul  7 14:53:34 EDT 2017
\n\n
New invocation of recon-all 
\n\n
status file for recon-all
Fri Jul  7 14:53:35 EDT 2017
#@# Surf Reg rh Fri Jul  7 14:53:35 EDT 2017
recon-all -s sub-07 finished without error at Fri Jul  7 15:37:32 EDT 2017
\n\n
New invocation of recon-all 
\n\n
status file for recon-all
Fri Jul  7 15:37:32 EDT 2017
#@# Cortical Parc rh Fri Jul  7 15:37:32 EDT 2017
recon-all -s sub-07 finished without error at Fri Jul  7 15:37:49 EDT 2017
\n\n
New invocation of recon-all 
\n\n
status file for recon-all
Fri Jul  7 15:37:50 EDT 2017
#@# Make Pial Surf rh Fri Jul  7 15:37:50 EDT 2017
#@# Surf Volume rh Fri Jul  7 15:56:54 EDT 2017
recon-all -s sub-07 finished without error at Fri Jul  7 15:56:59 EDT 2017
\n\n
New invocation of recon-all 
\n\n
status file for recon-all
Fri Jul  7 15:56:59 EDT 2017
#@# Surf Volume rh Fri Jul  7 15:56:59 EDT 2017
recon-all -s sub-07 finished without error at Fri Jul  7 15:57:03 EDT 2017
\n\n
New invocation of recon-all 
\n\n
status file for recon-all
Fri Jul  7 15:57:03 EDT 2017
#@# Curv .H and .K lh Fri Jul  7 15:57:03 EDT 2017
recon-all -s sub-07 finished without error at Fri Jul  7 15:58:24 EDT 2017
\n\n
New invocation of recon-all 
\n\n
status file for recon-all
Fri Jul  7 15:58:24 EDT 2017
#@# Curv .H and .K rh Fri Jul  7 15:58:24 EDT 2017
recon-all -s sub-07 finished without error at Fri Jul  7 15:59:46 EDT 2017
\n\n
New invocation of recon-all 
\n\n
status file for recon-all
Fri Jul  7 15:59:46 EDT 2017
#@# Curvature Stats lh Fri Jul  7 15:59:46 EDT 2017
recon-all -s sub-07 finished without error at Fri Jul  7 15:59:53 EDT 2017
\n\n
New invocation of recon-all 
\n\n
status file for recon-all
Fri Jul  7 15:59:53 EDT 2017
#@# Curvature Stats rh Fri Jul  7 15:59:53 EDT 2017
recon-all -s sub-07 finished without error at Fri Jul  7 15:59:59 EDT 2017
\n\n
New invocation of recon-all 
\n\n
status file for recon-all
Fri Jul  7 16:00:00 EDT 2017
#@# Jacobian white lh Fri Jul  7 16:00:00 EDT 2017
recon-all -s sub-07 finished without error at Fri Jul  7 16:00:02 EDT 2017
\n\n
New invocation of recon-all 
\n\n
status file for recon-all
Fri Jul  7 16:00:02 EDT 2017
#@# Jacobian white rh Fri Jul  7 16:00:02 EDT 2017
recon-all -s sub-07 finished without error at Fri Jul  7 16:00:04 EDT 2017
\n\n
New invocation of recon-all 
\n\n
status file for recon-all
Fri Jul  7 16:00:04 EDT 2017
#@# AvgCurv lh Fri Jul  7 16:00:04 EDT 2017
recon-all -s sub-07 finished without error at Fri Jul  7 16:00:06 EDT 2017
\n\n
New invocation of recon-all 
\n\n
status file for recon-all
Fri Jul  7 16:00:06 EDT 2017
#@# AvgCurv rh Fri Jul  7 16:00:06 EDT 2017
recon-all -s sub-07 finished without error at Fri Jul  7 16:00:08 EDT 2017
\n\n
New invocation of recon-all 
\n\n
status file for recon-all
Fri Jul  7 16:00:08 EDT 2017
#@# Cortical ribbon mask Fri Jul  7 16:00:09 EDT 2017
recon-all -s sub-07 finished without error at Fri Jul  7 16:15:48 EDT 2017
\n\n
New invocation of recon-all 
\n\n
status file for recon-all
Fri Jul  7 16:15:48 EDT 2017
#@# Parcellation Stats lh Fri Jul  7 16:15:48 EDT 2017
recon-all -s sub-07 finished without error at Fri Jul  7 16:17:18 EDT 2017
\n\n
New invocation of recon-all 
\n\n
status file for recon-all
Fri Jul  7 16:17:19 EDT 2017
#@# Parcellation Stats rh Fri Jul  7 16:17:19 EDT 2017
recon-all -s sub-07 finished without error at Fri Jul  7 16:18:48 EDT 2017
\n\n
New invocation of recon-all 
\n\n
status file for recon-all
Fri Jul  7 16:18:48 EDT 2017
#@# Cortical Parc 2 lh Fri Jul  7 16:18:48 EDT 2017
recon-all -s sub-07 finished without error at Fri Jul  7 16:19:10 EDT 2017
\n\n
New invocation of recon-all 
\n\n
status file for recon-all
Fri Jul  7 16:19:11 EDT 2017
#@# Cortical Parc 2 rh Fri Jul  7 16:19:11 EDT 2017
recon-all -s sub-07 finished without error at Fri Jul  7 16:19:34 EDT 2017
\n\n
New invocation of recon-all 
\n\n
status file for recon-all
Fri Jul  7 16:19:34 EDT 2017
#@# Parcellation Stats 2 lh Fri Jul  7 16:19:34 EDT 2017
recon-all -s sub-07 finished without error at Fri Jul  7 16:20:18 EDT 2017
\n\n
New invocation of recon-all 
\n\n
status file for recon-all
Fri Jul  7 16:20:18 EDT 2017
#@# Parcellation Stats 2 rh Fri Jul  7 16:20:18 EDT 2017
recon-all -s sub-07 finished without error at Fri Jul  7 16:21:02 EDT 2017
\n\n
New invocation of recon-all 
\n\n
status file for recon-all
Fri Jul  7 16:21:02 EDT 2017
#@# Cortical Parc 3 lh Fri Jul  7 16:21:02 EDT 2017
recon-all -s sub-07 finished without error at Fri Jul  7 16:21:19 EDT 2017
\n\n
New invocation of recon-all 
\n\n
status file for recon-all
Fri Jul  7 16:21:20 EDT 2017
#@# Cortical Parc 3 rh Fri Jul  7 16:21:20 EDT 2017
recon-all -s sub-07 finished without error at Fri Jul  7 16:21:38 EDT 2017
\n\n
New invocation of recon-all 
\n\n
status file for recon-all
Fri Jul  7 16:21:39 EDT 2017
#@# Parcellation Stats 3 lh Fri Jul  7 16:21:39 EDT 2017
recon-all -s sub-07 finished without error at Fri Jul  7 16:22:20 EDT 2017
\n\n
New invocation of recon-all 
\n\n
status file for recon-all
Fri Jul  7 16:22:20 EDT 2017
#@# Parcellation Stats 3 rh Fri Jul  7 16:22:20 EDT 2017
recon-all -s sub-07 finished without error at Fri Jul  7 16:23:03 EDT 2017
\n\n
New invocation of recon-all 
\n\n
status file for recon-all
Fri Jul  7 16:23:03 EDT 2017
#@# WM/GM Contrast lh Fri Jul  7 16:23:03 EDT 2017
recon-all -s sub-07 finished without error at Fri Jul  7 16:23:10 EDT 2017
\n\n
New invocation of recon-all 
\n\n
status file for recon-all
Fri Jul  7 16:23:10 EDT 2017
#@# WM/GM Contrast rh Fri Jul  7 16:23:10 EDT 2017
recon-all -s sub-07 finished without error at Fri Jul  7 16:23:17 EDT 2017
\n\n
New invocation of recon-all 
\n\n
status file for recon-all
Fri Jul  7 16:23:17 EDT 2017
#@# Relabel Hypointensities Fri Jul  7 16:23:17 EDT 2017
recon-all -s sub-07 finished without error at Fri Jul  7 16:23:45 EDT 2017
\n\n
New invocation of recon-all 
\n\n
status file for recon-all
Fri Jul  7 16:23:45 EDT 2017
#@# AParc-to-ASeg aparc Fri Jul  7 16:23:45 EDT 2017
#@# AParc-to-ASeg a2009s Fri Jul  7 16:28:53 EDT 2017
#@# AParc-to-ASeg DKTatlas Fri Jul  7 16:34:01 EDT 2017
recon-all -s sub-07 finished without error at Fri Jul  7 16:39:57 EDT 2017
\n\n
New invocation of recon-all 
\n\n
status file for recon-all
Fri Jul  7 16:39:57 EDT 2017
#@# APas-to-ASeg Fri Jul  7 16:39:57 EDT 2017
recon-all -s sub-07 finished without error at Fri Jul  7 16:40:04 EDT 2017
\n\n
New invocation of recon-all 
\n\n
status file for recon-all
Fri Jul  7 16:40:04 EDT 2017
#@# ASeg Stats Fri Jul  7 16:40:04 EDT 2017
recon-all -s sub-07 finished without error at Fri Jul  7 16:41:39 EDT 2017
\n\n
New invocation of recon-all 
\n\n
status file for recon-all
Fri Jul  7 16:41:39 EDT 2017
#@# WMParc Fri Jul  7 16:41:39 EDT 2017
recon-all -s sub-07 finished without error at Fri Jul  7 16:50:05 EDT 2017
\n\n
New invocation of recon-all 
\n\n
status file for recon-all
Fri Jul  7 16:50:06 EDT 2017
#@# BA_exvivo Labels lh Fri Jul  7 16:50:06 EDT 2017
recon-all -s sub-07 finished without error at Fri Jul  7 16:55:45 EDT 2017
\n\n
New invocation of recon-all 
\n\n
status file for recon-all
Fri Jul  7 16:55:46 EDT 2017
#@# BA_exvivo Labels rh Fri Jul  7 16:55:46 EDT 2017
recon-all -s sub-07 finished without error at Fri Jul  7 17:01:10 EDT 2017
\n\n
New invocation of recon-all 
\n\n
status file for recon-all
Thu Jul 13 07:16:05 EDT 2017
#@# MotionCor Thu Jul 13 07:16:05 EDT 2017
recon-all -s sub-07 finished without error at Thu Jul 13 07:16:14 EDT 2017
\n\n
New invocation of recon-all 
\n\n
status file for recon-all
Thu Jul 13 07:16:15 EDT 2017
#@# Talairach Thu Jul 13 07:16:15 EDT 2017
#@# Talairach Failure Detection Thu Jul 13 07:18:55 EDT 2017
recon-all -s sub-07 finished without error at Thu Jul 13 07:18:56 EDT 2017
\n\n
New invocation of recon-all 
\n\n
status file for recon-all
Thu Jul 13 07:18:57 EDT 2017
#@# Nu Intensity Correction Thu Jul 13 07:18:57 EDT 2017
recon-all -s sub-07 finished without error at Thu Jul 13 07:22:02 EDT 2017
\n\n
New invocation of recon-all 
\n\n
status file for recon-all
Thu Jul 13 07:22:03 EDT 2017
#@# Intensity Normalization Thu Jul 13 07:22:03 EDT 2017
recon-all -s sub-07 finished without error at Thu Jul 13 07:25:28 EDT 2017
\n\n
New invocation of recon-all 
\n\n
status file for recon-all
Thu Jul 13 07:25:29 EDT 2017
#@# Skull Stripping Thu Jul 13 07:25:29 EDT 2017
recon-all -s sub-07 finished without error at Thu Jul 13 07:26:16 EDT 2017
\n\n
New invocation of recon-all 
\n\n
status file for recon-all
Thu Jul 13 07:26:17 EDT 2017
#@# EM Registration Thu Jul 13 07:26:17 EDT 2017
recon-all -s sub-07 finished without error at Thu Jul 13 07:45:02 EDT 2017
\n\n
New invocation of recon-all 
\n\n
status file for recon-all
Thu Jul 13 07:45:03 EDT 2017
#@# CA Normalize Thu Jul 13 07:45:03 EDT 2017
recon-all -s sub-07 finished without error at Thu Jul 13 07:47:08 EDT 2017
\n\n
New invocation of recon-all 
\n\n
status file for recon-all
Thu Jul 13 07:47:09 EDT 2017
#@# CA Reg Thu Jul 13 07:47:09 EDT 2017
recon-all -s sub-07 finished without error at Thu Jul 13 12:52:34 EDT 2017
\n\n
New invocation of recon-all 
\n\n
status file for recon-all
Thu Jul 13 12:52:35 EDT 2017
#@# SubCort Seg Thu Jul 13 12:52:35 EDT 2017
#@# Merge ASeg Thu Jul 13 14:10:41 EDT 2017
recon-all -s sub-07 finished without error at Thu Jul 13 14:10:41 EDT 2017
\n\n
New invocation of recon-all 
\n\n
status file for recon-all
Thu Jul 13 14:10:42 EDT 2017
#@# Intensity Normalization2 Thu Jul 13 14:10:42 EDT 2017
recon-all -s sub-07 finished without error at Thu Jul 13 14:16:00 EDT 2017
\n\n
New invocation of recon-all 
\n\n
status file for recon-all
Thu Jul 13 14:16:01 EDT 2017
#@# Mask BFS Thu Jul 13 14:16:01 EDT 2017
recon-all -s sub-07 finished without error at Thu Jul 13 14:16:04 EDT 2017
\n\n
New invocation of recon-all 
\n\n
status file for recon-all
Thu Jul 13 14:16:05 EDT 2017
#@# WM Segmentation Thu Jul 13 14:16:05 EDT 2017
recon-all -s sub-07 finished without error at Thu Jul 13 14:19:49 EDT 2017
\n\n
New invocation of recon-all 
\n\n
status file for recon-all
Thu Jul 13 14:19:49 EDT 2017
#@# Fill Thu Jul 13 14:19:49 EDT 2017
recon-all -s sub-07 finished without error at Thu Jul 13 14:20:56 EDT 2017
\n\n
New invocation of recon-all 
\n\n
status file for recon-all
Thu Jul 13 14:20:56 EDT 2017
#@# Tessellate lh Thu Jul 13 14:20:56 EDT 2017
recon-all -s sub-07 finished without error at Thu Jul 13 14:21:09 EDT 2017
\n\n
New invocation of recon-all 
\n\n
status file for recon-all
Thu Jul 13 14:21:10 EDT 2017
#@# Tessellate rh Thu Jul 13 14:21:10 EDT 2017
recon-all -s sub-07 finished without error at Thu Jul 13 14:21:22 EDT 2017
\n\n
New invocation of recon-all 
\n\n
status file for recon-all
Thu Jul 13 14:21:22 EDT 2017
#@# Smooth1 lh Thu Jul 13 14:21:22 EDT 2017
recon-all -s sub-07 finished without error at Thu Jul 13 14:21:38 EDT 2017
\n\n
New invocation of recon-all 
\n\n
status file for recon-all
Thu Jul 13 14:21:38 EDT 2017
#@# Smooth1 rh Thu Jul 13 14:21:38 EDT 2017
recon-all -s sub-07 finished without error at Thu Jul 13 14:21:53 EDT 2017
\n\n
New invocation of recon-all 
\n\n
status file for recon-all
Thu Jul 13 14:21:53 EDT 2017
#@# Inflation1 lh Thu Jul 13 14:21:53 EDT 2017
recon-all -s sub-07 finished without error at Thu Jul 13 14:22:58 EDT 2017
\n\n
New invocation of recon-all 
\n\n
status file for recon-all
Thu Jul 13 14:22:58 EDT 2017
#@# Inflation1 rh Thu Jul 13 14:22:58 EDT 2017
recon-all -s sub-07 finished without error at Thu Jul 13 14:24:01 EDT 2017
\n\n
New invocation of recon-all 
\n\n
status file for recon-all
Thu Jul 13 14:24:02 EDT 2017
#@# QSphere lh Thu Jul 13 14:24:02 EDT 2017
recon-all -s sub-07 finished without error at Thu Jul 13 14:30:11 EDT 2017
\n\n
New invocation of recon-all 
\n\n
status file for recon-all
Thu Jul 13 14:30:11 EDT 2017
#@# QSphere rh Thu Jul 13 14:30:12 EDT 2017
recon-all -s sub-07 finished without error at Thu Jul 13 14:36:51 EDT 2017
\n\n
New invocation of recon-all 
\n\n
status file for recon-all
Thu Jul 13 14:36:51 EDT 2017
#@# Fix Topology Copy lh Thu Jul 13 14:36:51 EDT 2017
#@# Fix Topology lh Thu Jul 13 14:36:51 EDT 2017
recon-all -s sub-07 finished without error at Thu Jul 13 16:26:51 EDT 2017
\n\n
New invocation of recon-all 
\n\n
status file for recon-all
Thu Jul 13 16:26:52 EDT 2017
#@# Fix Topology Copy rh Thu Jul 13 16:26:52 EDT 2017
#@# Fix Topology rh Thu Jul 13 16:26:53 EDT 2017
recon-all -s sub-07 finished without error at Thu Jul 13 17:41:59 EDT 2017
\n\n
New invocation of recon-all 
\n\n
status file for recon-all
Thu Jul 13 17:42:00 EDT 2017
#@# Make White Surf lh Thu Jul 13 17:42:00 EDT 2017
recon-all -s sub-07 finished without error at Thu Jul 13 18:08:44 EDT 2017
\n\n
New invocation of recon-all 
\n\n
status file for recon-all
Thu Jul 13 18:08:45 EDT 2017
#@# Make White Surf rh Thu Jul 13 18:08:45 EDT 2017
recon-all -s sub-07 finished without error at Thu Jul 13 18:36:05 EDT 2017
\n\n
New invocation of recon-all 
\n\n
status file for recon-all
Thu Jul 13 18:36:06 EDT 2017
#@# Smooth2 lh Thu Jul 13 18:36:06 EDT 2017
recon-all -s sub-07 finished without error at Thu Jul 13 18:36:21 EDT 2017
\n\n
New invocation of recon-all 
\n\n
status file for recon-all
Thu Jul 13 18:36:21 EDT 2017
#@# Inflation2 lh Thu Jul 13 18:36:21 EDT 2017
recon-all -s sub-07 finished without error at Thu Jul 13 18:37:34 EDT 2017
\n\n
New invocation of recon-all 
\n\n
status file for recon-all
Thu Jul 13 18:37:35 EDT 2017
#@# Sphere lh Thu Jul 13 18:37:35 EDT 2017
recon-all -s sub-07 finished without error at Thu Jul 13 19:51:02 EDT 2017
\n\n
New invocation of recon-all 
\n\n
status file for recon-all
Thu Jul 13 19:51:03 EDT 2017
#@# Surf Reg lh Thu Jul 13 19:51:03 EDT 2017
recon-all -s sub-07 finished without error at Thu Jul 13 21:48:35 EDT 2017
\n\n
New invocation of recon-all 
\n\n
status file for recon-all
Thu Jul 13 21:48:35 EDT 2017
#@# Cortical Parc lh Thu Jul 13 21:48:35 EDT 2017
recon-all -s sub-07 finished without error at Thu Jul 13 21:49:07 EDT 2017
\n\n
New invocation of recon-all 
\n\n
status file for recon-all
Thu Jul 13 21:49:07 EDT 2017
#@# Make Pial Surf lh Thu Jul 13 21:49:07 EDT 2017
#@# Surf Volume lh Thu Jul 13 22:14:52 EDT 2017
recon-all -s sub-07 finished without error at Thu Jul 13 22:14:59 EDT 2017
\n\n
New invocation of recon-all 
\n\n
status file for recon-all
Thu Jul 13 22:14:59 EDT 2017
#@# Surf Volume lh Thu Jul 13 22:14:59 EDT 2017
recon-all -s sub-07 finished without error at Thu Jul 13 22:15:06 EDT 2017
\n\n
New invocation of recon-all 
\n\n
status file for recon-all
Thu Jul 13 22:15:07 EDT 2017
#@# Smooth2 rh Thu Jul 13 22:15:07 EDT 2017
recon-all -s sub-07 finished without error at Thu Jul 13 22:15:21 EDT 2017
\n\n
New invocation of recon-all 
\n\n
status file for recon-all
Thu Jul 13 22:15:21 EDT 2017
#@# Inflation2 rh Thu Jul 13 22:15:21 EDT 2017
recon-all -s sub-07 finished without error at Thu Jul 13 22:16:23 EDT 2017
\n\n
New invocation of recon-all 
\n\n
status file for recon-all
Thu Jul 13 22:16:23 EDT 2017
#@# Sphere rh Thu Jul 13 22:16:23 EDT 2017
recon-all -s sub-07 finished without error at Thu Jul 13 23:31:28 EDT 2017
\n\n
New invocation of recon-all 
\n\n
status file for recon-all
Thu Jul 13 23:31:29 EDT 2017
#@# Surf Reg rh Thu Jul 13 23:31:29 EDT 2017
recon-all -s sub-07 finished without error at Fri Jul 14 01:33:05 EDT 2017
\n\n
New invocation of recon-all 
\n\n
status file for recon-all
Fri Jul 14 01:33:06 EDT 2017
#@# Cortical Parc rh Fri Jul 14 01:33:07 EDT 2017
recon-all -s sub-07 finished without error at Fri Jul 14 01:33:43 EDT 2017
\n\n
New invocation of recon-all 
\n\n
status file for recon-all
Fri Jul 14 01:33:44 EDT 2017
#@# Make Pial Surf rh Fri Jul 14 01:33:44 EDT 2017
#@# Surf Volume rh Fri Jul 14 02:00:36 EDT 2017
recon-all -s sub-07 finished without error at Fri Jul 14 02:00:45 EDT 2017
\n\n
New invocation of recon-all 
\n\n
status file for recon-all
Fri Jul 14 02:00:46 EDT 2017
#@# Surf Volume rh Fri Jul 14 02:00:46 EDT 2017
recon-all -s sub-07 finished without error at Fri Jul 14 02:00:54 EDT 2017
\n\n
New invocation of recon-all 
\n\n
status file for recon-all
Fri Jul 14 02:00:54 EDT 2017
#@# Curv .H and .K lh Fri Jul 14 02:00:54 EDT 2017
recon-all -s sub-07 finished without error at Fri Jul 14 02:02:55 EDT 2017
\n\n
New invocation of recon-all 
\n\n
status file for recon-all
Fri Jul 14 02:02:56 EDT 2017
#@# Curv .H and .K rh Fri Jul 14 02:02:56 EDT 2017
recon-all -s sub-07 finished without error at Fri Jul 14 02:04:59 EDT 2017
\n\n
New invocation of recon-all 
\n\n
status file for recon-all
Fri Jul 14 02:05:00 EDT 2017
#@# Curvature Stats lh Fri Jul 14 02:05:00 EDT 2017
recon-all -s sub-07 finished without error at Fri Jul 14 02:05:12 EDT 2017
\n\n
New invocation of recon-all 
\n\n
status file for recon-all
Fri Jul 14 02:05:12 EDT 2017
#@# Curvature Stats rh Fri Jul 14 02:05:13 EDT 2017
recon-all -s sub-07 finished without error at Fri Jul 14 02:05:23 EDT 2017
\n\n
New invocation of recon-all 
\n\n
status file for recon-all
Fri Jul 14 02:05:24 EDT 2017
#@# Jacobian white lh Fri Jul 14 02:05:24 EDT 2017
recon-all -s sub-07 finished without error at Fri Jul 14 02:05:28 EDT 2017
\n\n
New invocation of recon-all 
\n\n
status file for recon-all
Fri Jul 14 02:05:28 EDT 2017
#@# Jacobian white rh Fri Jul 14 02:05:28 EDT 2017
recon-all -s sub-07 finished without error at Fri Jul 14 02:05:32 EDT 2017
\n\n
New invocation of recon-all 
\n\n
status file for recon-all
Fri Jul 14 02:05:33 EDT 2017
#@# AvgCurv lh Fri Jul 14 02:05:33 EDT 2017
recon-all -s sub-07 finished without error at Fri Jul 14 02:05:36 EDT 2017
\n\n
New invocation of recon-all 
\n\n
status file for recon-all
Fri Jul 14 02:05:37 EDT 2017
#@# AvgCurv rh Fri Jul 14 02:05:37 EDT 2017
recon-all -s sub-07 finished without error at Fri Jul 14 02:05:40 EDT 2017
\n\n
New invocation of recon-all 
\n\n
status file for recon-all
Fri Jul 14 02:05:41 EDT 2017
#@# Cortical ribbon mask Fri Jul 14 02:05:41 EDT 2017
recon-all -s sub-07 finished without error at Fri Jul 14 02:31:17 EDT 2017
\n\n
New invocation of recon-all 
\n\n
status file for recon-all
Fri Jul 14 02:31:18 EDT 2017
#@# Parcellation Stats lh Fri Jul 14 02:31:18 EDT 2017
recon-all -s sub-07 finished without error at Fri Jul 14 02:34:58 EDT 2017
\n\n
New invocation of recon-all 
\n\n
status file for recon-all
Fri Jul 14 02:34:59 EDT 2017
#@# Parcellation Stats rh Fri Jul 14 02:34:59 EDT 2017
recon-all -s sub-07 finished without error at Fri Jul 14 02:38:42 EDT 2017
\n\n
New invocation of recon-all 
\n\n
status file for recon-all
Fri Jul 14 02:38:43 EDT 2017
#@# Cortical Parc 2 lh Fri Jul 14 02:38:43 EDT 2017
recon-all -s sub-07 finished without error at Fri Jul 14 02:39:22 EDT 2017
\n\n
New invocation of recon-all 
\n\n
status file for recon-all
Fri Jul 14 02:39:22 EDT 2017
#@# Cortical Parc 2 rh Fri Jul 14 02:39:22 EDT 2017
recon-all -s sub-07 finished without error at Fri Jul 14 02:40:01 EDT 2017
\n\n
New invocation of recon-all 
\n\n
status file for recon-all
Fri Jul 14 02:40:02 EDT 2017
#@# Parcellation Stats 2 lh Fri Jul 14 02:40:02 EDT 2017
recon-all -s sub-07 finished without error at Fri Jul 14 02:42:10 EDT 2017
\n\n
New invocation of recon-all 
\n\n
status file for recon-all
Fri Jul 14 02:42:11 EDT 2017
#@# Parcellation Stats 2 rh Fri Jul 14 02:42:11 EDT 2017
recon-all -s sub-07 finished without error at Fri Jul 14 02:44:22 EDT 2017
\n\n
New invocation of recon-all 
\n\n
status file for recon-all
Fri Jul 14 02:44:22 EDT 2017
#@# Cortical Parc 3 lh Fri Jul 14 02:44:22 EDT 2017
recon-all -s sub-07 finished without error at Fri Jul 14 02:44:55 EDT 2017
\n\n
New invocation of recon-all 
\n\n
status file for recon-all
Fri Jul 14 02:44:56 EDT 2017
#@# Cortical Parc 3 rh Fri Jul 14 02:44:56 EDT 2017
recon-all -s sub-07 finished without error at Fri Jul 14 02:45:30 EDT 2017
\n\n
New invocation of recon-all 
\n\n
status file for recon-all
Fri Jul 14 02:45:31 EDT 2017
#@# Parcellation Stats 3 lh Fri Jul 14 02:45:31 EDT 2017
recon-all -s sub-07 finished without error at Fri Jul 14 02:47:24 EDT 2017
\n\n
New invocation of recon-all 
\n\n
status file for recon-all
Fri Jul 14 02:47:25 EDT 2017
#@# Parcellation Stats 3 rh Fri Jul 14 02:47:25 EDT 2017
recon-all -s sub-07 finished without error at Fri Jul 14 02:49:23 EDT 2017
\n\n
New invocation of recon-all 
\n\n
status file for recon-all
Fri Jul 14 02:49:24 EDT 2017
#@# WM/GM Contrast lh Fri Jul 14 02:49:24 EDT 2017
recon-all -s sub-07 finished without error at Fri Jul 14 02:49:36 EDT 2017
\n\n
New invocation of recon-all 
\n\n
status file for recon-all
Fri Jul 14 02:49:36 EDT 2017
#@# WM/GM Contrast rh Fri Jul 14 02:49:36 EDT 2017
recon-all -s sub-07 finished without error at Fri Jul 14 02:49:48 EDT 2017
\n\n
New invocation of recon-all 
\n\n
status file for recon-all
Fri Jul 14 02:49:48 EDT 2017
#@# Relabel Hypointensities Fri Jul 14 02:49:48 EDT 2017
recon-all -s sub-07 finished without error at Fri Jul 14 02:50:42 EDT 2017
\n\n
New invocation of recon-all 
\n\n
status file for recon-all
Fri Jul 14 02:50:42 EDT 2017
#@# AParc-to-ASeg aparc Fri Jul 14 02:50:42 EDT 2017
#@# AParc-to-ASeg a2009s Fri Jul 14 03:04:26 EDT 2017
#@# AParc-to-ASeg DKTatlas Fri Jul 14 03:17:37 EDT 2017
recon-all -s sub-07 finished without error at Fri Jul 14 03:30:51 EDT 2017
\n\n
New invocation of recon-all 
\n\n
status file for recon-all
Fri Jul 14 03:30:53 EDT 2017
#@# APas-to-ASeg Fri Jul 14 03:30:53 EDT 2017
recon-all -s sub-07 finished without error at Fri Jul 14 03:31:02 EDT 2017
\n\n
New invocation of recon-all 
\n\n
status file for recon-all
Fri Jul 14 03:31:03 EDT 2017
#@# ASeg Stats Fri Jul 14 03:31:03 EDT 2017
recon-all -s sub-07 finished without error at Fri Jul 14 03:37:26 EDT 2017
\n\n
New invocation of recon-all 
\n\n
status file for recon-all
Fri Jul 14 03:37:27 EDT 2017
#@# WMParc Fri Jul 14 03:37:27 EDT 2017
recon-all -s sub-07 finished without error at Fri Jul 14 04:04:27 EDT 2017
\n\n
New invocation of recon-all 
\n\n
status file for recon-all
Fri Jul 14 04:04:28 EDT 2017
#@# BA_exvivo Labels lh Fri Jul 14 04:04:28 EDT 2017
recon-all -s sub-07 finished without error at Fri Jul 14 04:13:02 EDT 2017
\n\n
New invocation of recon-all 
\n\n
status file for recon-all
Fri Jul 14 04:13:03 EDT 2017
#@# BA_exvivo Labels rh Fri Jul 14 04:13:03 EDT 2017
recon-all -s sub-07 finished without error at Fri Jul 14 04:21:40 EDT 2017
