status file for recon-all
Thu Jul  6 19:17:25 EDT 2017
#@# MotionCor Thu Jul  6 19:17:35 EDT 2017
#@# Deface Thu Jul  6 19:17:49 EDT 2017
#@# Talairach Thu Jul  6 19:21:07 EDT 2017
#@# Talairach Failure Detection Thu Jul  6 19:23:44 EDT 2017
#@# Nu Intensity Correction Thu Jul  6 19:23:44 EDT 2017
#@# Intensity Normalization Thu Jul  6 19:25:41 EDT 2017
#@# Skull Stripping Thu Jul  6 19:29:12 EDT 2017
#@# EM Registration Thu Jul  6 19:40:54 EDT 2017
#@# CA Normalize Thu Jul  6 19:54:45 EDT 2017
#@# CA Reg Thu Jul  6 19:57:24 EDT 2017
#@# SubCort Seg Thu Jul  6 22:10:25 EDT 2017
#@# Merge ASeg Thu Jul  6 23:17:36 EDT 2017
#@# Intensity Normalization2 Thu Jul  6 23:17:36 EDT 2017
#@# Mask BFS Thu Jul  6 23:20:50 EDT 2017
#@# WM Segmentation Thu Jul  6 23:20:51 EDT 2017
#@# Fill Thu Jul  6 23:23:27 EDT 2017
#@# Tessellate lh Thu Jul  6 23:24:10 EDT 2017
#@# Tessellate rh Thu Jul  6 23:24:15 EDT 2017
#@# Smooth1 lh Thu Jul  6 23:24:21 EDT 2017
#@# Smooth1 rh Thu Jul  6 23:24:21 EDT 2017
Darwin trash-can.local 15.6.0 Darwin Kernel Version 15.6.0: Thu Jun 23 18:25:34 PDT 2016; root:xnu-3248.60.10~1/RELEASE_X86_64 x86_64 i386 MacPro6,1 Darwin

recon-all -s sub-05 exited with ERRORS at Thu Jul  6 23:24:22 EDT 2017

\n\n
New invocation of recon-all 
\n\n
status file for recon-all
Fri Jul  7 09:47:34 EDT 2017
#@# Smooth1 lh Fri Jul  7 09:47:34 EDT 2017
recon-all -s sub-05 finished without error at Fri Jul  7 09:47:43 EDT 2017
\n\n
New invocation of recon-all 
\n\n
status file for recon-all
Fri Jul  7 09:47:44 EDT 2017
#@# Smooth1 rh Fri Jul  7 09:47:44 EDT 2017
recon-all -s sub-05 finished without error at Fri Jul  7 09:47:54 EDT 2017
\n\n
New invocation of recon-all 
\n\n
status file for recon-all
Fri Jul  7 09:47:54 EDT 2017
#@# Inflation1 lh Fri Jul  7 09:47:54 EDT 2017
recon-all -s sub-05 finished without error at Fri Jul  7 09:48:18 EDT 2017
\n\n
New invocation of recon-all 
\n\n
status file for recon-all
Fri Jul  7 09:48:18 EDT 2017
#@# Inflation1 rh Fri Jul  7 09:48:18 EDT 2017
recon-all -s sub-05 finished without error at Fri Jul  7 09:48:43 EDT 2017
\n\n
New invocation of recon-all 
\n\n
status file for recon-all
Fri Jul  7 09:48:44 EDT 2017
#@# QSphere lh Fri Jul  7 09:48:44 EDT 2017
recon-all -s sub-05 finished without error at Fri Jul  7 09:51:59 EDT 2017
\n\n
New invocation of recon-all 
\n\n
status file for recon-all
Fri Jul  7 09:52:00 EDT 2017
#@# QSphere rh Fri Jul  7 09:52:00 EDT 2017
recon-all -s sub-05 finished without error at Fri Jul  7 09:55:15 EDT 2017
\n\n
New invocation of recon-all 
\n\n
status file for recon-all
Fri Jul  7 09:55:15 EDT 2017
#@# Fix Topology Copy lh Fri Jul  7 09:55:15 EDT 2017
#@# Fix Topology lh Fri Jul  7 09:55:15 EDT 2017
\n\n
New invocation of recon-all 
\n\n
status file for recon-all
Wed Jul 12 11:26:58 EDT 2017
#@# MotionCor Wed Jul 12 11:26:58 EDT 2017
recon-all -s sub-05 finished without error at Wed Jul 12 11:27:09 EDT 2017
\n\n
New invocation of recon-all 
\n\n
status file for recon-all
Wed Jul 12 11:27:10 EDT 2017
#@# Talairach Wed Jul 12 11:27:10 EDT 2017
#@# Talairach Failure Detection Wed Jul 12 11:30:05 EDT 2017
recon-all -s sub-05 finished without error at Wed Jul 12 11:30:05 EDT 2017
\n\n
New invocation of recon-all 
\n\n
status file for recon-all
Wed Jul 12 11:30:07 EDT 2017
#@# Nu Intensity Correction Wed Jul 12 11:30:07 EDT 2017
recon-all -s sub-05 finished without error at Wed Jul 12 11:33:52 EDT 2017
\n\n
New invocation of recon-all 
\n\n
status file for recon-all
Wed Jul 12 11:33:53 EDT 2017
#@# Intensity Normalization Wed Jul 12 11:33:53 EDT 2017
recon-all -s sub-05 finished without error at Wed Jul 12 11:38:01 EDT 2017
\n\n
New invocation of recon-all 
\n\n
status file for recon-all
Wed Jul 12 11:38:02 EDT 2017
#@# Skull Stripping Wed Jul 12 11:38:02 EDT 2017
recon-all -s sub-05 finished without error at Wed Jul 12 11:38:55 EDT 2017
\n\n
New invocation of recon-all 
\n\n
status file for recon-all
Wed Jul 12 11:38:56 EDT 2017
#@# EM Registration Wed Jul 12 11:38:56 EDT 2017
\n\n
New invocation of recon-all 
\n\n
status file for recon-all
Sat Jul 15 08:47:39 EDT 2017
#@# EM Registration Sat Jul 15 08:47:39 EDT 2017
recon-all -s sub-05 finished without error at Sat Jul 15 09:06:05 EDT 2017
\n\n
New invocation of recon-all 
\n\n
status file for recon-all
Sat Jul 15 09:06:05 EDT 2017
#@# CA Normalize Sat Jul 15 09:06:05 EDT 2017
recon-all -s sub-05 finished without error at Sat Jul 15 09:08:01 EDT 2017
\n\n
New invocation of recon-all 
\n\n
status file for recon-all
Sat Jul 15 09:08:01 EDT 2017
#@# CA Reg Sat Jul 15 09:08:02 EDT 2017
recon-all -s sub-05 finished without error at Sat Jul 15 13:04:07 EDT 2017
\n\n
New invocation of recon-all 
\n\n
status file for recon-all
Sat Jul 15 13:04:08 EDT 2017
#@# SubCort Seg Sat Jul 15 13:04:08 EDT 2017
#@# Merge ASeg Sat Jul 15 14:14:57 EDT 2017
recon-all -s sub-05 finished without error at Sat Jul 15 14:14:57 EDT 2017
\n\n
New invocation of recon-all 
\n\n
status file for recon-all
Sat Jul 15 14:14:58 EDT 2017
#@# Intensity Normalization2 Sat Jul 15 14:14:58 EDT 2017
recon-all -s sub-05 finished without error at Sat Jul 15 14:20:10 EDT 2017
\n\n
New invocation of recon-all 
\n\n
status file for recon-all
Sat Jul 15 14:20:10 EDT 2017
#@# Mask BFS Sat Jul 15 14:20:10 EDT 2017
recon-all -s sub-05 finished without error at Sat Jul 15 14:20:13 EDT 2017
\n\n
New invocation of recon-all 
\n\n
status file for recon-all
Sat Jul 15 14:20:14 EDT 2017
#@# WM Segmentation Sat Jul 15 14:20:14 EDT 2017
recon-all -s sub-05 finished without error at Sat Jul 15 14:23:37 EDT 2017
\n\n
New invocation of recon-all 
\n\n
status file for recon-all
Sat Jul 15 14:23:37 EDT 2017
#@# Fill Sat Jul 15 14:23:37 EDT 2017
recon-all -s sub-05 finished without error at Sat Jul 15 14:24:48 EDT 2017
\n\n
New invocation of recon-all 
\n\n
status file for recon-all
Sat Jul 15 14:24:48 EDT 2017
#@# Tessellate lh Sat Jul 15 14:24:48 EDT 2017
recon-all -s sub-05 finished without error at Sat Jul 15 14:24:59 EDT 2017
\n\n
New invocation of recon-all 
\n\n
status file for recon-all
Sat Jul 15 14:25:00 EDT 2017
#@# Tessellate rh Sat Jul 15 14:25:00 EDT 2017
recon-all -s sub-05 finished without error at Sat Jul 15 14:25:12 EDT 2017
\n\n
New invocation of recon-all 
\n\n
status file for recon-all
Sat Jul 15 14:25:13 EDT 2017
#@# Smooth1 lh Sat Jul 15 14:25:13 EDT 2017
recon-all -s sub-05 finished without error at Sat Jul 15 14:25:26 EDT 2017
\n\n
New invocation of recon-all 
\n\n
status file for recon-all
Sat Jul 15 14:25:27 EDT 2017
#@# Smooth1 rh Sat Jul 15 14:25:27 EDT 2017
recon-all -s sub-05 finished without error at Sat Jul 15 14:25:40 EDT 2017
\n\n
New invocation of recon-all 
\n\n
status file for recon-all
Sat Jul 15 14:25:40 EDT 2017
#@# Inflation1 lh Sat Jul 15 14:25:40 EDT 2017
recon-all -s sub-05 finished without error at Sat Jul 15 14:26:30 EDT 2017
\n\n
New invocation of recon-all 
\n\n
status file for recon-all
Sat Jul 15 14:26:31 EDT 2017
#@# Inflation1 rh Sat Jul 15 14:26:31 EDT 2017
recon-all -s sub-05 finished without error at Sat Jul 15 14:27:22 EDT 2017
\n\n
New invocation of recon-all 
\n\n
status file for recon-all
Sat Jul 15 14:27:22 EDT 2017
#@# QSphere lh Sat Jul 15 14:27:22 EDT 2017
recon-all -s sub-05 finished without error at Sat Jul 15 14:32:08 EDT 2017
\n\n
New invocation of recon-all 
\n\n
status file for recon-all
Sat Jul 15 14:32:08 EDT 2017
#@# QSphere rh Sat Jul 15 14:32:08 EDT 2017
recon-all -s sub-05 finished without error at Sat Jul 15 14:37:21 EDT 2017
\n\n
New invocation of recon-all 
\n\n
status file for recon-all
Sat Jul 15 14:37:22 EDT 2017
#@# Fix Topology Copy lh Sat Jul 15 14:37:22 EDT 2017
#@# Fix Topology lh Sat Jul 15 14:37:22 EDT 2017
recon-all -s sub-05 finished without error at Sat Jul 15 14:58:26 EDT 2017
\n\n
New invocation of recon-all 
\n\n
status file for recon-all
Sat Jul 15 14:58:26 EDT 2017
#@# Fix Topology Copy rh Sat Jul 15 14:58:26 EDT 2017
#@# Fix Topology rh Sat Jul 15 14:58:26 EDT 2017
recon-all -s sub-05 finished without error at Sat Jul 15 15:32:04 EDT 2017
\n\n
New invocation of recon-all 
\n\n
status file for recon-all
Sat Jul 15 15:32:05 EDT 2017
#@# Make White Surf lh Sat Jul 15 15:32:05 EDT 2017
recon-all -s sub-05 finished without error at Sat Jul 15 15:55:09 EDT 2017
\n\n
New invocation of recon-all 
\n\n
status file for recon-all
Sat Jul 15 15:55:10 EDT 2017
#@# Make White Surf rh Sat Jul 15 15:55:10 EDT 2017
recon-all -s sub-05 finished without error at Sat Jul 15 16:17:55 EDT 2017
\n\n
New invocation of recon-all 
\n\n
status file for recon-all
Sat Jul 15 16:17:55 EDT 2017
#@# Smooth2 lh Sat Jul 15 16:17:55 EDT 2017
recon-all -s sub-05 finished without error at Sat Jul 15 16:18:08 EDT 2017
\n\n
New invocation of recon-all 
\n\n
status file for recon-all
Sat Jul 15 16:18:08 EDT 2017
#@# Inflation2 lh Sat Jul 15 16:18:08 EDT 2017
recon-all -s sub-05 finished without error at Sat Jul 15 16:18:57 EDT 2017
\n\n
New invocation of recon-all 
\n\n
status file for recon-all
Sat Jul 15 16:18:58 EDT 2017
#@# Sphere lh Sat Jul 15 16:18:58 EDT 2017
recon-all -s sub-05 finished without error at Sat Jul 15 17:15:37 EDT 2017
\n\n
New invocation of recon-all 
\n\n
status file for recon-all
Sat Jul 15 17:15:37 EDT 2017
#@# Surf Reg lh Sat Jul 15 17:15:37 EDT 2017
recon-all -s sub-05 finished without error at Sat Jul 15 18:28:26 EDT 2017
\n\n
New invocation of recon-all 
\n\n
status file for recon-all
Sat Jul 15 18:28:26 EDT 2017
#@# Cortical Parc lh Sat Jul 15 18:28:26 EDT 2017
recon-all -s sub-05 finished without error at Sat Jul 15 18:28:52 EDT 2017
\n\n
New invocation of recon-all 
\n\n
status file for recon-all
Sat Jul 15 18:28:53 EDT 2017
#@# Make Pial Surf lh Sat Jul 15 18:28:53 EDT 2017
#@# Surf Volume lh Sat Jul 15 18:51:39 EDT 2017
recon-all -s sub-05 finished without error at Sat Jul 15 18:51:45 EDT 2017
\n\n
New invocation of recon-all 
\n\n
status file for recon-all
Sat Jul 15 18:51:45 EDT 2017
#@# Surf Volume lh Sat Jul 15 18:51:46 EDT 2017
recon-all -s sub-05 finished without error at Sat Jul 15 18:51:51 EDT 2017
\n\n
New invocation of recon-all 
\n\n
status file for recon-all
Sat Jul 15 18:51:51 EDT 2017
#@# Smooth2 rh Sat Jul 15 18:51:51 EDT 2017
recon-all -s sub-05 finished without error at Sat Jul 15 18:52:04 EDT 2017
\n\n
New invocation of recon-all 
\n\n
status file for recon-all
Sat Jul 15 18:52:05 EDT 2017
#@# Inflation2 rh Sat Jul 15 18:52:05 EDT 2017
recon-all -s sub-05 finished without error at Sat Jul 15 18:52:54 EDT 2017
\n\n
New invocation of recon-all 
\n\n
status file for recon-all
Sat Jul 15 18:52:55 EDT 2017
#@# Sphere rh Sat Jul 15 18:52:55 EDT 2017
recon-all -s sub-05 finished without error at Sat Jul 15 19:52:42 EDT 2017
\n\n
New invocation of recon-all 
\n\n
status file for recon-all
Sat Jul 15 19:52:43 EDT 2017
#@# Surf Reg rh Sat Jul 15 19:52:43 EDT 2017
recon-all -s sub-05 finished without error at Sat Jul 15 21:14:47 EDT 2017
\n\n
New invocation of recon-all 
\n\n
status file for recon-all
Sat Jul 15 21:14:48 EDT 2017
#@# Cortical Parc rh Sat Jul 15 21:14:48 EDT 2017
recon-all -s sub-05 finished without error at Sat Jul 15 21:15:15 EDT 2017
\n\n
New invocation of recon-all 
\n\n
status file for recon-all
Sat Jul 15 21:15:15 EDT 2017
#@# Make Pial Surf rh Sat Jul 15 21:15:15 EDT 2017
#@# Surf Volume rh Sat Jul 15 21:37:35 EDT 2017
recon-all -s sub-05 finished without error at Sat Jul 15 21:37:41 EDT 2017
\n\n
New invocation of recon-all 
\n\n
status file for recon-all
Sat Jul 15 21:37:41 EDT 2017
#@# Surf Volume rh Sat Jul 15 21:37:41 EDT 2017
recon-all -s sub-05 finished without error at Sat Jul 15 21:37:47 EDT 2017
\n\n
New invocation of recon-all 
\n\n
status file for recon-all
Sat Jul 15 21:37:47 EDT 2017
#@# Curv .H and .K lh Sat Jul 15 21:37:47 EDT 2017
recon-all -s sub-05 finished without error at Sat Jul 15 21:39:31 EDT 2017
\n\n
New invocation of recon-all 
\n\n
status file for recon-all
Sat Jul 15 21:39:32 EDT 2017
#@# Curv .H and .K rh Sat Jul 15 21:39:32 EDT 2017
recon-all -s sub-05 finished without error at Sat Jul 15 21:41:17 EDT 2017
\n\n
New invocation of recon-all 
\n\n
status file for recon-all
Sat Jul 15 21:41:17 EDT 2017
#@# Curvature Stats lh Sat Jul 15 21:41:18 EDT 2017
recon-all -s sub-05 finished without error at Sat Jul 15 21:41:26 EDT 2017
\n\n
New invocation of recon-all 
\n\n
status file for recon-all
Sat Jul 15 21:41:27 EDT 2017
#@# Curvature Stats rh Sat Jul 15 21:41:27 EDT 2017
recon-all -s sub-05 finished without error at Sat Jul 15 21:41:36 EDT 2017
\n\n
New invocation of recon-all 
\n\n
status file for recon-all
Sat Jul 15 21:41:36 EDT 2017
#@# Jacobian white lh Sat Jul 15 21:41:36 EDT 2017
recon-all -s sub-05 finished without error at Sat Jul 15 21:41:40 EDT 2017
\n\n
New invocation of recon-all 
\n\n
status file for recon-all
Sat Jul 15 21:41:40 EDT 2017
#@# Jacobian white rh Sat Jul 15 21:41:40 EDT 2017
recon-all -s sub-05 finished without error at Sat Jul 15 21:41:43 EDT 2017
\n\n
New invocation of recon-all 
\n\n
status file for recon-all
Sat Jul 15 21:41:43 EDT 2017
#@# AvgCurv lh Sat Jul 15 21:41:43 EDT 2017
recon-all -s sub-05 finished without error at Sat Jul 15 21:41:46 EDT 2017
\n\n
New invocation of recon-all 
\n\n
status file for recon-all
Sat Jul 15 21:41:47 EDT 2017
#@# AvgCurv rh Sat Jul 15 21:41:47 EDT 2017
recon-all -s sub-05 finished without error at Sat Jul 15 21:41:49 EDT 2017
\n\n
New invocation of recon-all 
\n\n
status file for recon-all
Sat Jul 15 21:41:50 EDT 2017
#@# Cortical ribbon mask Sat Jul 15 21:41:50 EDT 2017
recon-all -s sub-05 finished without error at Sat Jul 15 21:59:15 EDT 2017
\n\n
New invocation of recon-all 
\n\n
status file for recon-all
Sat Jul 15 21:59:16 EDT 2017
#@# Parcellation Stats lh Sat Jul 15 21:59:16 EDT 2017
recon-all -s sub-05 finished without error at Sat Jul 15 22:01:38 EDT 2017
\n\n
New invocation of recon-all 
\n\n
status file for recon-all
Sat Jul 15 22:01:38 EDT 2017
#@# Parcellation Stats rh Sat Jul 15 22:01:38 EDT 2017
recon-all -s sub-05 finished without error at Sat Jul 15 22:04:02 EDT 2017
\n\n
New invocation of recon-all 
\n\n
status file for recon-all
Sat Jul 15 22:04:02 EDT 2017
#@# Cortical Parc 2 lh Sat Jul 15 22:04:02 EDT 2017
recon-all -s sub-05 finished without error at Sat Jul 15 22:04:35 EDT 2017
\n\n
New invocation of recon-all 
\n\n
status file for recon-all
Sat Jul 15 22:04:35 EDT 2017
#@# Cortical Parc 2 rh Sat Jul 15 22:04:35 EDT 2017
recon-all -s sub-05 finished without error at Sat Jul 15 22:05:07 EDT 2017
\n\n
New invocation of recon-all 
\n\n
status file for recon-all
Sat Jul 15 22:05:08 EDT 2017
#@# Parcellation Stats 2 lh Sat Jul 15 22:05:08 EDT 2017
recon-all -s sub-05 finished without error at Sat Jul 15 22:06:22 EDT 2017
\n\n
New invocation of recon-all 
\n\n
status file for recon-all
Sat Jul 15 22:06:22 EDT 2017
#@# Parcellation Stats 2 rh Sat Jul 15 22:06:22 EDT 2017
recon-all -s sub-05 finished without error at Sat Jul 15 22:07:36 EDT 2017
\n\n
New invocation of recon-all 
\n\n
status file for recon-all
Sat Jul 15 22:07:37 EDT 2017
#@# Cortical Parc 3 lh Sat Jul 15 22:07:37 EDT 2017
recon-all -s sub-05 finished without error at Sat Jul 15 22:08:03 EDT 2017
\n\n
New invocation of recon-all 
\n\n
status file for recon-all
Sat Jul 15 22:08:03 EDT 2017
#@# Cortical Parc 3 rh Sat Jul 15 22:08:03 EDT 2017
recon-all -s sub-05 finished without error at Sat Jul 15 22:08:29 EDT 2017
\n\n
New invocation of recon-all 
\n\n
status file for recon-all
Sat Jul 15 22:08:29 EDT 2017
#@# Parcellation Stats 3 lh Sat Jul 15 22:08:29 EDT 2017
recon-all -s sub-05 finished without error at Sat Jul 15 22:09:40 EDT 2017
\n\n
New invocation of recon-all 
\n\n
status file for recon-all
Sat Jul 15 22:09:40 EDT 2017
#@# Parcellation Stats 3 rh Sat Jul 15 22:09:40 EDT 2017
recon-all -s sub-05 finished without error at Sat Jul 15 22:10:53 EDT 2017
\n\n
New invocation of recon-all 
\n\n
status file for recon-all
Sat Jul 15 22:10:53 EDT 2017
#@# WM/GM Contrast lh Sat Jul 15 22:10:53 EDT 2017
recon-all -s sub-05 finished without error at Sat Jul 15 22:11:03 EDT 2017
\n\n
New invocation of recon-all 
\n\n
status file for recon-all
Sat Jul 15 22:11:04 EDT 2017
#@# WM/GM Contrast rh Sat Jul 15 22:11:04 EDT 2017
recon-all -s sub-05 finished without error at Sat Jul 15 22:11:13 EDT 2017
\n\n
New invocation of recon-all 
\n\n
status file for recon-all
Sat Jul 15 22:11:13 EDT 2017
#@# Relabel Hypointensities Sat Jul 15 22:11:13 EDT 2017
recon-all -s sub-05 finished without error at Sat Jul 15 22:11:53 EDT 2017
\n\n
New invocation of recon-all 
\n\n
status file for recon-all
Sat Jul 15 22:11:53 EDT 2017
#@# AParc-to-ASeg aparc Sat Jul 15 22:11:53 EDT 2017
#@# AParc-to-ASeg a2009s Sat Jul 15 22:21:48 EDT 2017
#@# AParc-to-ASeg DKTatlas Sat Jul 15 22:31:48 EDT 2017
recon-all -s sub-05 finished without error at Sat Jul 15 22:41:42 EDT 2017
\n\n
New invocation of recon-all 
\n\n
status file for recon-all
Sat Jul 15 22:41:43 EDT 2017
#@# APas-to-ASeg Sat Jul 15 22:41:43 EDT 2017
recon-all -s sub-05 finished without error at Sat Jul 15 22:41:51 EDT 2017
\n\n
New invocation of recon-all 
\n\n
status file for recon-all
Sat Jul 15 22:41:51 EDT 2017
#@# ASeg Stats Sat Jul 15 22:41:51 EDT 2017
recon-all -s sub-05 finished without error at Sat Jul 15 22:47:10 EDT 2017
\n\n
New invocation of recon-all 
\n\n
status file for recon-all
Sat Jul 15 22:47:11 EDT 2017
#@# WMParc Sat Jul 15 22:47:11 EDT 2017
recon-all -s sub-05 finished without error at Sat Jul 15 23:06:14 EDT 2017
\n\n
New invocation of recon-all 
\n\n
status file for recon-all
Sat Jul 15 23:06:14 EDT 2017
#@# BA_exvivo Labels lh Sat Jul 15 23:06:15 EDT 2017
recon-all -s sub-05 finished without error at Sat Jul 15 23:13:00 EDT 2017
\n\n
New invocation of recon-all 
\n\n
status file for recon-all
Sat Jul 15 23:13:01 EDT 2017
#@# BA_exvivo Labels rh Sat Jul 15 23:13:01 EDT 2017
recon-all -s sub-05 finished without error at Sat Jul 15 23:19:48 EDT 2017
