status file for recon-all
Thu Jul  6 19:06:28 EDT 2017
#@# MotionCor Thu Jul  6 19:06:36 EDT 2017
#@# Deface Thu Jul  6 19:06:46 EDT 2017
#@# Talairach Thu Jul  6 19:08:48 EDT 2017
#@# Talairach Failure Detection Thu Jul  6 19:10:25 EDT 2017
#@# Nu Intensity Correction Thu Jul  6 19:10:25 EDT 2017
#@# Intensity Normalization Thu Jul  6 19:11:53 EDT 2017
#@# Skull Stripping Thu Jul  6 19:13:55 EDT 2017
#@# EM Registration Thu Jul  6 19:24:00 EDT 2017
#@# CA Normalize Thu Jul  6 19:34:23 EDT 2017
#@# CA Reg Thu Jul  6 19:37:06 EDT 2017
#@# SubCort Seg Thu Jul  6 22:46:16 EDT 2017
#@# Merge ASeg Thu Jul  6 23:47:19 EDT 2017
#@# Intensity Normalization2 Thu Jul  6 23:47:19 EDT 2017
#@# Mask BFS Thu Jul  6 23:50:31 EDT 2017
#@# WM Segmentation Thu Jul  6 23:50:32 EDT 2017
#@# Fill Thu Jul  6 23:52:47 EDT 2017
#@# Tessellate lh Thu Jul  6 23:53:31 EDT 2017
#@# Tessellate rh Thu Jul  6 23:53:36 EDT 2017
#@# Smooth1 lh Thu Jul  6 23:53:41 EDT 2017
#@# Smooth1 rh Thu Jul  6 23:53:41 EDT 2017
Darwin trash-can.local 15.6.0 Darwin Kernel Version 15.6.0: Thu Jun 23 18:25:34 PDT 2016; root:xnu-3248.60.10~1/RELEASE_X86_64 x86_64 i386 MacPro6,1 Darwin

recon-all -s sub-03 exited with ERRORS at Thu Jul  6 23:53:42 EDT 2017

\n\n
New invocation of recon-all 
\n\n
status file for recon-all
Fri Jul  7 09:46:22 EDT 2017
#@# Smooth1 lh Fri Jul  7 09:46:22 EDT 2017
recon-all -s sub-03 finished without error at Fri Jul  7 09:46:30 EDT 2017
\n\n
New invocation of recon-all 
\n\n
status file for recon-all
Fri Jul  7 09:46:31 EDT 2017
#@# Smooth1 rh Fri Jul  7 09:46:31 EDT 2017
recon-all -s sub-03 finished without error at Fri Jul  7 09:46:39 EDT 2017
\n\n
New invocation of recon-all 
\n\n
status file for recon-all
Fri Jul  7 09:46:39 EDT 2017
#@# Inflation1 lh Fri Jul  7 09:46:39 EDT 2017
recon-all -s sub-03 finished without error at Fri Jul  7 09:46:57 EDT 2017
\n\n
New invocation of recon-all 
\n\n
status file for recon-all
Fri Jul  7 09:46:57 EDT 2017
#@# Inflation1 rh Fri Jul  7 09:46:57 EDT 2017
recon-all -s sub-03 finished without error at Fri Jul  7 09:47:14 EDT 2017
\n\n
New invocation of recon-all 
\n\n
status file for recon-all
Fri Jul  7 09:47:14 EDT 2017
#@# QSphere lh Fri Jul  7 09:47:14 EDT 2017
recon-all -s sub-03 finished without error at Fri Jul  7 09:49:13 EDT 2017
\n\n
New invocation of recon-all 
\n\n
status file for recon-all
Fri Jul  7 09:49:13 EDT 2017
#@# QSphere rh Fri Jul  7 09:49:13 EDT 2017
recon-all -s sub-03 finished without error at Fri Jul  7 09:52:17 EDT 2017
\n\n
New invocation of recon-all 
\n\n
status file for recon-all
Fri Jul  7 09:52:18 EDT 2017
#@# Fix Topology Copy lh Fri Jul  7 09:52:18 EDT 2017
#@# Fix Topology lh Fri Jul  7 09:52:18 EDT 2017
recon-all -s sub-03 finished without error at Fri Jul  7 10:19:43 EDT 2017
\n\n
New invocation of recon-all 
\n\n
status file for recon-all
Fri Jul  7 10:19:44 EDT 2017
#@# Fix Topology Copy rh Fri Jul  7 10:19:44 EDT 2017
#@# Fix Topology rh Fri Jul  7 10:19:44 EDT 2017
recon-all -s sub-03 finished without error at Fri Jul  7 10:52:38 EDT 2017
\n\n
New invocation of recon-all 
\n\n
status file for recon-all
Fri Jul  7 10:52:39 EDT 2017
#@# Make White Surf lh Fri Jul  7 10:52:39 EDT 2017
recon-all -s sub-03 finished without error at Fri Jul  7 11:10:12 EDT 2017
\n\n
New invocation of recon-all 
\n\n
status file for recon-all
Fri Jul  7 11:10:13 EDT 2017
#@# Make White Surf rh Fri Jul  7 11:10:13 EDT 2017
recon-all -s sub-03 finished without error at Fri Jul  7 11:28:50 EDT 2017
\n\n
New invocation of recon-all 
\n\n
status file for recon-all
Fri Jul  7 11:28:50 EDT 2017
#@# Smooth2 lh Fri Jul  7 11:28:50 EDT 2017
recon-all -s sub-03 finished without error at Fri Jul  7 11:28:58 EDT 2017
\n\n
New invocation of recon-all 
\n\n
status file for recon-all
Fri Jul  7 11:28:59 EDT 2017
#@# Inflation2 lh Fri Jul  7 11:28:59 EDT 2017
recon-all -s sub-03 finished without error at Fri Jul  7 11:29:17 EDT 2017
\n\n
New invocation of recon-all 
\n\n
status file for recon-all
Fri Jul  7 11:29:17 EDT 2017
#@# Sphere lh Fri Jul  7 11:29:17 EDT 2017
recon-all -s sub-03 finished without error at Fri Jul  7 11:46:19 EDT 2017
\n\n
New invocation of recon-all 
\n\n
status file for recon-all
Fri Jul  7 11:46:19 EDT 2017
#@# Surf Reg lh Fri Jul  7 11:46:19 EDT 2017
recon-all -s sub-03 finished without error at Fri Jul  7 12:19:09 EDT 2017
\n\n
New invocation of recon-all 
\n\n
status file for recon-all
Fri Jul  7 12:19:09 EDT 2017
#@# Cortical Parc lh Fri Jul  7 12:19:09 EDT 2017
recon-all -s sub-03 finished without error at Fri Jul  7 12:19:38 EDT 2017
\n\n
New invocation of recon-all 
\n\n
status file for recon-all
Fri Jul  7 12:19:38 EDT 2017
#@# Make Pial Surf lh Fri Jul  7 12:19:38 EDT 2017
#@# Surf Volume lh Fri Jul  7 12:44:53 EDT 2017
recon-all -s sub-03 finished without error at Fri Jul  7 12:44:59 EDT 2017
\n\n
New invocation of recon-all 
\n\n
status file for recon-all
Fri Jul  7 12:44:59 EDT 2017
#@# Surf Volume lh Fri Jul  7 12:44:59 EDT 2017
recon-all -s sub-03 finished without error at Fri Jul  7 12:45:04 EDT 2017
\n\n
New invocation of recon-all 
\n\n
status file for recon-all
Fri Jul  7 12:45:05 EDT 2017
#@# Smooth2 rh Fri Jul  7 12:45:05 EDT 2017
recon-all -s sub-03 finished without error at Fri Jul  7 12:45:16 EDT 2017
\n\n
New invocation of recon-all 
\n\n
status file for recon-all
Fri Jul  7 12:45:16 EDT 2017
#@# Inflation2 rh Fri Jul  7 12:45:16 EDT 2017
recon-all -s sub-03 finished without error at Fri Jul  7 12:45:49 EDT 2017
\n\n
New invocation of recon-all 
\n\n
status file for recon-all
Fri Jul  7 12:45:50 EDT 2017
#@# Sphere rh Fri Jul  7 12:45:50 EDT 2017
recon-all -s sub-03 finished without error at Fri Jul  7 13:10:47 EDT 2017
\n\n
New invocation of recon-all 
\n\n
status file for recon-all
Fri Jul  7 13:10:48 EDT 2017
#@# Surf Reg rh Fri Jul  7 13:10:48 EDT 2017
recon-all -s sub-03 finished without error at Fri Jul  7 13:48:25 EDT 2017
\n\n
New invocation of recon-all 
\n\n
status file for recon-all
Fri Jul  7 13:48:26 EDT 2017
#@# Cortical Parc rh Fri Jul  7 13:48:26 EDT 2017
recon-all -s sub-03 finished without error at Fri Jul  7 13:48:51 EDT 2017
\n\n
New invocation of recon-all 
\n\n
status file for recon-all
Fri Jul  7 13:48:52 EDT 2017
#@# Make Pial Surf rh Fri Jul  7 13:48:52 EDT 2017
#@# Surf Volume rh Fri Jul  7 14:12:48 EDT 2017
recon-all -s sub-03 finished without error at Fri Jul  7 14:12:53 EDT 2017
\n\n
New invocation of recon-all 
\n\n
status file for recon-all
Fri Jul  7 14:12:53 EDT 2017
#@# Surf Volume rh Fri Jul  7 14:12:53 EDT 2017
recon-all -s sub-03 finished without error at Fri Jul  7 14:12:58 EDT 2017
\n\n
New invocation of recon-all 
\n\n
status file for recon-all
Fri Jul  7 14:12:58 EDT 2017
#@# Curv .H and .K lh Fri Jul  7 14:12:58 EDT 2017
recon-all -s sub-03 finished without error at Fri Jul  7 14:14:28 EDT 2017
\n\n
New invocation of recon-all 
\n\n
status file for recon-all
Fri Jul  7 14:14:28 EDT 2017
#@# Curv .H and .K rh Fri Jul  7 14:14:28 EDT 2017
recon-all -s sub-03 finished without error at Fri Jul  7 14:15:55 EDT 2017
\n\n
New invocation of recon-all 
\n\n
status file for recon-all
Fri Jul  7 14:15:55 EDT 2017
#@# Curvature Stats lh Fri Jul  7 14:15:55 EDT 2017
recon-all -s sub-03 finished without error at Fri Jul  7 14:16:03 EDT 2017
\n\n
New invocation of recon-all 
\n\n
status file for recon-all
Fri Jul  7 14:16:03 EDT 2017
#@# Curvature Stats rh Fri Jul  7 14:16:03 EDT 2017
recon-all -s sub-03 finished without error at Fri Jul  7 14:16:11 EDT 2017
\n\n
New invocation of recon-all 
\n\n
status file for recon-all
Fri Jul  7 14:16:12 EDT 2017
#@# Jacobian white lh Fri Jul  7 14:16:12 EDT 2017
recon-all -s sub-03 finished without error at Fri Jul  7 14:16:15 EDT 2017
\n\n
New invocation of recon-all 
\n\n
status file for recon-all
Fri Jul  7 14:16:15 EDT 2017
#@# Jacobian white rh Fri Jul  7 14:16:15 EDT 2017
recon-all -s sub-03 finished without error at Fri Jul  7 14:16:18 EDT 2017
\n\n
New invocation of recon-all 
\n\n
status file for recon-all
Fri Jul  7 14:16:18 EDT 2017
#@# AvgCurv lh Fri Jul  7 14:16:18 EDT 2017
recon-all -s sub-03 finished without error at Fri Jul  7 14:16:21 EDT 2017
\n\n
New invocation of recon-all 
\n\n
status file for recon-all
Fri Jul  7 14:16:22 EDT 2017
#@# AvgCurv rh Fri Jul  7 14:16:22 EDT 2017
recon-all -s sub-03 finished without error at Fri Jul  7 14:16:24 EDT 2017
\n\n
New invocation of recon-all 
\n\n
status file for recon-all
Fri Jul  7 14:16:25 EDT 2017
#@# Cortical ribbon mask Fri Jul  7 14:16:25 EDT 2017
recon-all -s sub-03 finished without error at Fri Jul  7 14:36:08 EDT 2017
\n\n
New invocation of recon-all 
\n\n
status file for recon-all
Fri Jul  7 14:36:09 EDT 2017
#@# Parcellation Stats lh Fri Jul  7 14:36:09 EDT 2017
recon-all -s sub-03 finished without error at Fri Jul  7 14:37:43 EDT 2017
\n\n
New invocation of recon-all 
\n\n
status file for recon-all
Fri Jul  7 14:37:43 EDT 2017
#@# Parcellation Stats rh Fri Jul  7 14:37:43 EDT 2017
recon-all -s sub-03 finished without error at Fri Jul  7 14:39:18 EDT 2017
\n\n
New invocation of recon-all 
\n\n
status file for recon-all
Fri Jul  7 14:39:18 EDT 2017
#@# Cortical Parc 2 lh Fri Jul  7 14:39:18 EDT 2017
recon-all -s sub-03 finished without error at Fri Jul  7 14:39:44 EDT 2017
\n\n
New invocation of recon-all 
\n\n
status file for recon-all
Fri Jul  7 14:39:45 EDT 2017
#@# Cortical Parc 2 rh Fri Jul  7 14:39:45 EDT 2017
recon-all -s sub-03 finished without error at Fri Jul  7 14:40:11 EDT 2017
\n\n
New invocation of recon-all 
\n\n
status file for recon-all
Fri Jul  7 14:40:11 EDT 2017
#@# Parcellation Stats 2 lh Fri Jul  7 14:40:11 EDT 2017
recon-all -s sub-03 finished without error at Fri Jul  7 14:40:56 EDT 2017
\n\n
New invocation of recon-all 
\n\n
status file for recon-all
Fri Jul  7 14:40:56 EDT 2017
#@# Parcellation Stats 2 rh Fri Jul  7 14:40:56 EDT 2017
recon-all -s sub-03 finished without error at Fri Jul  7 14:41:41 EDT 2017
\n\n
New invocation of recon-all 
\n\n
status file for recon-all
Fri Jul  7 14:41:41 EDT 2017
#@# Cortical Parc 3 lh Fri Jul  7 14:41:41 EDT 2017
recon-all -s sub-03 finished without error at Fri Jul  7 14:42:00 EDT 2017
\n\n
New invocation of recon-all 
\n\n
status file for recon-all
Fri Jul  7 14:42:00 EDT 2017
#@# Cortical Parc 3 rh Fri Jul  7 14:42:00 EDT 2017
recon-all -s sub-03 finished without error at Fri Jul  7 14:42:21 EDT 2017
\n\n
New invocation of recon-all 
\n\n
status file for recon-all
Fri Jul  7 14:42:21 EDT 2017
#@# Parcellation Stats 3 lh Fri Jul  7 14:42:21 EDT 2017
recon-all -s sub-03 finished without error at Fri Jul  7 14:43:05 EDT 2017
\n\n
New invocation of recon-all 
\n\n
status file for recon-all
Fri Jul  7 14:43:06 EDT 2017
#@# Parcellation Stats 3 rh Fri Jul  7 14:43:06 EDT 2017
recon-all -s sub-03 finished without error at Fri Jul  7 14:43:49 EDT 2017
\n\n
New invocation of recon-all 
\n\n
status file for recon-all
Fri Jul  7 14:43:50 EDT 2017
#@# WM/GM Contrast lh Fri Jul  7 14:43:50 EDT 2017
recon-all -s sub-03 finished without error at Fri Jul  7 14:43:58 EDT 2017
\n\n
New invocation of recon-all 
\n\n
status file for recon-all
Fri Jul  7 14:43:58 EDT 2017
#@# WM/GM Contrast rh Fri Jul  7 14:43:58 EDT 2017
recon-all -s sub-03 finished without error at Fri Jul  7 14:44:05 EDT 2017
\n\n
New invocation of recon-all 
\n\n
status file for recon-all
Fri Jul  7 14:44:06 EDT 2017
#@# Relabel Hypointensities Fri Jul  7 14:44:06 EDT 2017
recon-all -s sub-03 finished without error at Fri Jul  7 14:44:35 EDT 2017
\n\n
New invocation of recon-all 
\n\n
status file for recon-all
Fri Jul  7 14:44:36 EDT 2017
#@# AParc-to-ASeg aparc Fri Jul  7 14:44:36 EDT 2017
#@# AParc-to-ASeg a2009s Fri Jul  7 14:50:43 EDT 2017
#@# AParc-to-ASeg DKTatlas Fri Jul  7 14:56:20 EDT 2017
recon-all -s sub-03 finished without error at Fri Jul  7 15:01:48 EDT 2017
\n\n
New invocation of recon-all 
\n\n
status file for recon-all
Fri Jul  7 15:01:48 EDT 2017
#@# APas-to-ASeg Fri Jul  7 15:01:48 EDT 2017
recon-all -s sub-03 finished without error at Fri Jul  7 15:01:55 EDT 2017
\n\n
New invocation of recon-all 
\n\n
status file for recon-all
Fri Jul  7 15:01:55 EDT 2017
#@# ASeg Stats Fri Jul  7 15:01:55 EDT 2017
recon-all -s sub-03 finished without error at Fri Jul  7 15:03:22 EDT 2017
\n\n
New invocation of recon-all 
\n\n
status file for recon-all
Fri Jul  7 15:03:22 EDT 2017
#@# WMParc Fri Jul  7 15:03:22 EDT 2017
recon-all -s sub-03 finished without error at Fri Jul  7 15:11:48 EDT 2017
\n\n
New invocation of recon-all 
\n\n
status file for recon-all
Fri Jul  7 15:11:48 EDT 2017
#@# BA_exvivo Labels lh Fri Jul  7 15:11:48 EDT 2017
recon-all -s sub-03 finished without error at Fri Jul  7 15:17:51 EDT 2017
\n\n
New invocation of recon-all 
\n\n
status file for recon-all
Fri Jul  7 15:17:51 EDT 2017
#@# BA_exvivo Labels rh Fri Jul  7 15:17:51 EDT 2017
recon-all -s sub-03 finished without error at Fri Jul  7 15:23:55 EDT 2017
\n\n
New invocation of recon-all 
\n\n
status file for recon-all
Tue Jul 11 10:09:24 EDT 2017
#@# MotionCor Tue Jul 11 10:09:24 EDT 2017
recon-all -s sub-03 finished without error at Tue Jul 11 10:09:34 EDT 2017
\n\n
New invocation of recon-all 
\n\n
status file for recon-all
Tue Jul 11 10:09:34 EDT 2017
#@# Talairach Tue Jul 11 10:09:34 EDT 2017
#@# Talairach Failure Detection Tue Jul 11 10:13:05 EDT 2017
recon-all -s sub-03 finished without error at Tue Jul 11 10:13:06 EDT 2017
\n\n
New invocation of recon-all 
\n\n
status file for recon-all
Tue Jul 11 10:13:07 EDT 2017
#@# Nu Intensity Correction Tue Jul 11 10:13:07 EDT 2017
recon-all -s sub-03 finished without error at Tue Jul 11 10:16:28 EDT 2017
\n\n
New invocation of recon-all 
\n\n
status file for recon-all
Tue Jul 11 10:16:28 EDT 2017
#@# Intensity Normalization Tue Jul 11 10:16:29 EDT 2017
recon-all -s sub-03 finished without error at Tue Jul 11 10:22:28 EDT 2017
\n\n
New invocation of recon-all 
\n\n
status file for recon-all
Tue Jul 11 10:22:30 EDT 2017
#@# Skull Stripping Tue Jul 11 10:22:30 EDT 2017
recon-all -s sub-03 finished without error at Tue Jul 11 10:23:37 EDT 2017
\n\n
New invocation of recon-all 
\n\n
status file for recon-all
Tue Jul 11 10:23:38 EDT 2017
#@# EM Registration Tue Jul 11 10:23:38 EDT 2017
recon-all -s sub-03 finished without error at Tue Jul 11 10:46:25 EDT 2017
\n\n
New invocation of recon-all 
\n\n
status file for recon-all
Tue Jul 11 10:46:26 EDT 2017
#@# CA Normalize Tue Jul 11 10:46:26 EDT 2017
recon-all -s sub-03 finished without error at Tue Jul 11 10:49:13 EDT 2017
\n\n
New invocation of recon-all 
\n\n
status file for recon-all
Tue Jul 11 10:49:14 EDT 2017
#@# CA Reg Tue Jul 11 10:49:15 EDT 2017
recon-all -s sub-03 finished without error at Tue Jul 11 16:12:03 EDT 2017
\n\n
New invocation of recon-all 
\n\n
status file for recon-all
Tue Jul 11 16:12:04 EDT 2017
#@# SubCort Seg Tue Jul 11 16:12:04 EDT 2017
#@# Merge ASeg Tue Jul 11 17:24:44 EDT 2017
recon-all -s sub-03 finished without error at Tue Jul 11 17:24:44 EDT 2017
\n\n
New invocation of recon-all 
\n\n
status file for recon-all
Tue Jul 11 17:24:45 EDT 2017
#@# Intensity Normalization2 Tue Jul 11 17:24:45 EDT 2017
recon-all -s sub-03 finished without error at Tue Jul 11 17:30:35 EDT 2017
\n\n
New invocation of recon-all 
\n\n
status file for recon-all
Tue Jul 11 17:30:35 EDT 2017
#@# Mask BFS Tue Jul 11 17:30:35 EDT 2017
recon-all -s sub-03 finished without error at Tue Jul 11 17:30:40 EDT 2017
\n\n
New invocation of recon-all 
\n\n
status file for recon-all
Tue Jul 11 17:30:40 EDT 2017
#@# WM Segmentation Tue Jul 11 17:30:40 EDT 2017
recon-all -s sub-03 finished without error at Tue Jul 11 17:34:04 EDT 2017
\n\n
New invocation of recon-all 
\n\n
status file for recon-all
Tue Jul 11 17:34:05 EDT 2017
#@# Fill Tue Jul 11 17:34:05 EDT 2017
recon-all -s sub-03 finished without error at Tue Jul 11 17:35:16 EDT 2017
\n\n
New invocation of recon-all 
\n\n
status file for recon-all
Tue Jul 11 17:35:17 EDT 2017
#@# Tessellate lh Tue Jul 11 17:35:17 EDT 2017
recon-all -s sub-03 finished without error at Tue Jul 11 17:35:29 EDT 2017
\n\n
New invocation of recon-all 
\n\n
status file for recon-all
Tue Jul 11 17:35:30 EDT 2017
#@# Tessellate rh Tue Jul 11 17:35:30 EDT 2017
recon-all -s sub-03 finished without error at Tue Jul 11 17:35:42 EDT 2017
\n\n
New invocation of recon-all 
\n\n
status file for recon-all
Tue Jul 11 17:35:43 EDT 2017
#@# Smooth1 lh Tue Jul 11 17:35:43 EDT 2017
recon-all -s sub-03 finished without error at Tue Jul 11 17:35:57 EDT 2017
\n\n
New invocation of recon-all 
\n\n
status file for recon-all
Tue Jul 11 17:35:57 EDT 2017
#@# Smooth1 rh Tue Jul 11 17:35:57 EDT 2017
recon-all -s sub-03 finished without error at Tue Jul 11 17:36:11 EDT 2017
\n\n
New invocation of recon-all 
\n\n
status file for recon-all
Tue Jul 11 17:36:11 EDT 2017
#@# Inflation1 lh Tue Jul 11 17:36:11 EDT 2017
recon-all -s sub-03 finished without error at Tue Jul 11 17:37:19 EDT 2017
\n\n
New invocation of recon-all 
\n\n
status file for recon-all
Tue Jul 11 17:37:20 EDT 2017
#@# Inflation1 rh Tue Jul 11 17:37:20 EDT 2017
recon-all -s sub-03 finished without error at Tue Jul 11 17:38:27 EDT 2017
\n\n
New invocation of recon-all 
\n\n
status file for recon-all
Tue Jul 11 17:38:28 EDT 2017
#@# QSphere lh Tue Jul 11 17:38:28 EDT 2017
recon-all -s sub-03 finished without error at Tue Jul 11 17:44:20 EDT 2017
\n\n
New invocation of recon-all 
\n\n
status file for recon-all
Tue Jul 11 17:44:20 EDT 2017
#@# QSphere rh Tue Jul 11 17:44:21 EDT 2017
recon-all -s sub-03 finished without error at Tue Jul 11 17:50:30 EDT 2017
\n\n
New invocation of recon-all 
\n\n
status file for recon-all
Tue Jul 11 17:50:30 EDT 2017
#@# Fix Topology Copy lh Tue Jul 11 17:50:30 EDT 2017
#@# Fix Topology lh Tue Jul 11 17:50:30 EDT 2017
recon-all -s sub-03 finished without error at Tue Jul 11 18:20:51 EDT 2017
\n\n
New invocation of recon-all 
\n\n
status file for recon-all
Tue Jul 11 18:20:52 EDT 2017
#@# Fix Topology Copy rh Tue Jul 11 18:20:52 EDT 2017
#@# Fix Topology rh Tue Jul 11 18:20:52 EDT 2017
recon-all -s sub-03 finished without error at Tue Jul 11 18:50:15 EDT 2017
\n\n
New invocation of recon-all 
\n\n
status file for recon-all
Tue Jul 11 18:50:16 EDT 2017
#@# Make White Surf lh Tue Jul 11 18:50:16 EDT 2017
recon-all -s sub-03 finished without error at Tue Jul 11 19:13:42 EDT 2017
\n\n
New invocation of recon-all 
\n\n
status file for recon-all
Tue Jul 11 19:13:43 EDT 2017
#@# Make White Surf rh Tue Jul 11 19:13:43 EDT 2017
recon-all -s sub-03 finished without error at Tue Jul 11 19:38:18 EDT 2017
\n\n
New invocation of recon-all 
\n\n
status file for recon-all
Tue Jul 11 19:38:19 EDT 2017
#@# Smooth2 lh Tue Jul 11 19:38:19 EDT 2017
recon-all -s sub-03 finished without error at Tue Jul 11 19:38:33 EDT 2017
\n\n
New invocation of recon-all 
\n\n
status file for recon-all
Tue Jul 11 19:38:33 EDT 2017
#@# Inflation2 lh Tue Jul 11 19:38:33 EDT 2017
recon-all -s sub-03 finished without error at Tue Jul 11 19:39:24 EDT 2017
\n\n
New invocation of recon-all 
\n\n
status file for recon-all
Tue Jul 11 19:39:25 EDT 2017
#@# Sphere lh Tue Jul 11 19:39:25 EDT 2017
recon-all -s sub-03 finished without error at Tue Jul 11 20:43:03 EDT 2017
\n\n
New invocation of recon-all 
\n\n
status file for recon-all
Tue Jul 11 20:43:04 EDT 2017
#@# Surf Reg lh Tue Jul 11 20:43:04 EDT 2017
recon-all -s sub-03 finished without error at Tue Jul 11 21:54:27 EDT 2017
\n\n
New invocation of recon-all 
\n\n
status file for recon-all
Tue Jul 11 21:54:27 EDT 2017
#@# Cortical Parc lh Tue Jul 11 21:54:27 EDT 2017
recon-all -s sub-03 finished without error at Tue Jul 11 21:54:54 EDT 2017
\n\n
New invocation of recon-all 
\n\n
status file for recon-all
Tue Jul 11 21:54:54 EDT 2017
#@# Make Pial Surf lh Tue Jul 11 21:54:54 EDT 2017
#@# Surf Volume lh Tue Jul 11 22:18:26 EDT 2017
recon-all -s sub-03 finished without error at Tue Jul 11 22:18:32 EDT 2017
\n\n
New invocation of recon-all 
\n\n
status file for recon-all
Tue Jul 11 22:18:32 EDT 2017
#@# Surf Volume lh Tue Jul 11 22:18:32 EDT 2017
recon-all -s sub-03 finished without error at Tue Jul 11 22:18:37 EDT 2017
\n\n
New invocation of recon-all 
\n\n
status file for recon-all
Tue Jul 11 22:18:38 EDT 2017
#@# Smooth2 rh Tue Jul 11 22:18:38 EDT 2017
recon-all -s sub-03 finished without error at Tue Jul 11 22:18:50 EDT 2017
\n\n
New invocation of recon-all 
\n\n
status file for recon-all
Tue Jul 11 22:18:51 EDT 2017
#@# Inflation2 rh Tue Jul 11 22:18:51 EDT 2017
recon-all -s sub-03 finished without error at Tue Jul 11 22:19:39 EDT 2017
\n\n
New invocation of recon-all 
\n\n
status file for recon-all
Tue Jul 11 22:19:39 EDT 2017
#@# Sphere rh Tue Jul 11 22:19:39 EDT 2017
recon-all -s sub-03 finished without error at Tue Jul 11 23:20:45 EDT 2017
\n\n
New invocation of recon-all 
\n\n
status file for recon-all
Tue Jul 11 23:20:45 EDT 2017
#@# Surf Reg rh Tue Jul 11 23:20:45 EDT 2017
recon-all -s sub-03 finished without error at Wed Jul 12 00:35:49 EDT 2017
\n\n
New invocation of recon-all 
\n\n
status file for recon-all
Wed Jul 12 00:35:50 EDT 2017
#@# Cortical Parc rh Wed Jul 12 00:35:50 EDT 2017
recon-all -s sub-03 finished without error at Wed Jul 12 00:36:16 EDT 2017
\n\n
New invocation of recon-all 
\n\n
status file for recon-all
Wed Jul 12 00:36:17 EDT 2017
#@# Make Pial Surf rh Wed Jul 12 00:36:17 EDT 2017
#@# Surf Volume rh Wed Jul 12 00:59:36 EDT 2017
recon-all -s sub-03 finished without error at Wed Jul 12 00:59:42 EDT 2017
\n\n
New invocation of recon-all 
\n\n
status file for recon-all
Wed Jul 12 00:59:42 EDT 2017
#@# Surf Volume rh Wed Jul 12 00:59:42 EDT 2017
recon-all -s sub-03 finished without error at Wed Jul 12 00:59:47 EDT 2017
\n\n
New invocation of recon-all 
\n\n
status file for recon-all
Wed Jul 12 00:59:48 EDT 2017
#@# Curv .H and .K lh Wed Jul 12 00:59:48 EDT 2017
recon-all -s sub-03 finished without error at Wed Jul 12 01:01:28 EDT 2017
\n\n
New invocation of recon-all 
\n\n
status file for recon-all
Wed Jul 12 01:01:28 EDT 2017
#@# Curv .H and .K rh Wed Jul 12 01:01:28 EDT 2017
recon-all -s sub-03 finished without error at Wed Jul 12 01:03:09 EDT 2017
\n\n
New invocation of recon-all 
\n\n
status file for recon-all
Wed Jul 12 01:03:09 EDT 2017
#@# Curvature Stats lh Wed Jul 12 01:03:09 EDT 2017
recon-all -s sub-03 finished without error at Wed Jul 12 01:03:18 EDT 2017
\n\n
New invocation of recon-all 
\n\n
status file for recon-all
Wed Jul 12 01:03:19 EDT 2017
#@# Curvature Stats rh Wed Jul 12 01:03:19 EDT 2017
recon-all -s sub-03 finished without error at Wed Jul 12 01:03:28 EDT 2017
\n\n
New invocation of recon-all 
\n\n
status file for recon-all
Wed Jul 12 01:03:28 EDT 2017
#@# Jacobian white lh Wed Jul 12 01:03:28 EDT 2017
recon-all -s sub-03 finished without error at Wed Jul 12 01:03:31 EDT 2017
\n\n
New invocation of recon-all 
\n\n
status file for recon-all
Wed Jul 12 01:03:32 EDT 2017
#@# Jacobian white rh Wed Jul 12 01:03:32 EDT 2017
recon-all -s sub-03 finished without error at Wed Jul 12 01:03:35 EDT 2017
\n\n
New invocation of recon-all 
\n\n
status file for recon-all
Wed Jul 12 01:03:35 EDT 2017
#@# AvgCurv lh Wed Jul 12 01:03:35 EDT 2017
recon-all -s sub-03 finished without error at Wed Jul 12 01:03:38 EDT 2017
\n\n
New invocation of recon-all 
\n\n
status file for recon-all
Wed Jul 12 01:03:38 EDT 2017
#@# AvgCurv rh Wed Jul 12 01:03:38 EDT 2017
recon-all -s sub-03 finished without error at Wed Jul 12 01:03:41 EDT 2017
\n\n
New invocation of recon-all 
\n\n
status file for recon-all
Wed Jul 12 01:03:41 EDT 2017
#@# Cortical ribbon mask Wed Jul 12 01:03:41 EDT 2017
recon-all -s sub-03 finished without error at Wed Jul 12 01:22:36 EDT 2017
\n\n
New invocation of recon-all 
\n\n
status file for recon-all
Wed Jul 12 01:22:37 EDT 2017
#@# Parcellation Stats lh Wed Jul 12 01:22:37 EDT 2017
recon-all -s sub-03 finished without error at Wed Jul 12 01:24:55 EDT 2017
\n\n
New invocation of recon-all 
\n\n
status file for recon-all
Wed Jul 12 01:24:55 EDT 2017
#@# Parcellation Stats rh Wed Jul 12 01:24:55 EDT 2017
recon-all -s sub-03 finished without error at Wed Jul 12 01:27:12 EDT 2017
\n\n
New invocation of recon-all 
\n\n
status file for recon-all
Wed Jul 12 01:27:13 EDT 2017
#@# Cortical Parc 2 lh Wed Jul 12 01:27:13 EDT 2017
recon-all -s sub-03 finished without error at Wed Jul 12 01:27:45 EDT 2017
\n\n
New invocation of recon-all 
\n\n
status file for recon-all
Wed Jul 12 01:27:45 EDT 2017
#@# Cortical Parc 2 rh Wed Jul 12 01:27:45 EDT 2017
recon-all -s sub-03 finished without error at Wed Jul 12 01:28:17 EDT 2017
\n\n
New invocation of recon-all 
\n\n
status file for recon-all
Wed Jul 12 01:28:18 EDT 2017
#@# Parcellation Stats 2 lh Wed Jul 12 01:28:18 EDT 2017
recon-all -s sub-03 finished without error at Wed Jul 12 01:29:28 EDT 2017
\n\n
New invocation of recon-all 
\n\n
status file for recon-all
Wed Jul 12 01:29:28 EDT 2017
#@# Parcellation Stats 2 rh Wed Jul 12 01:29:29 EDT 2017
recon-all -s sub-03 finished without error at Wed Jul 12 01:30:41 EDT 2017
\n\n
New invocation of recon-all 
\n\n
status file for recon-all
Wed Jul 12 01:30:42 EDT 2017
#@# Cortical Parc 3 lh Wed Jul 12 01:30:42 EDT 2017
recon-all -s sub-03 finished without error at Wed Jul 12 01:31:06 EDT 2017
\n\n
New invocation of recon-all 
\n\n
status file for recon-all
Wed Jul 12 01:31:07 EDT 2017
#@# Cortical Parc 3 rh Wed Jul 12 01:31:07 EDT 2017
recon-all -s sub-03 finished without error at Wed Jul 12 01:31:32 EDT 2017
\n\n
New invocation of recon-all 
\n\n
status file for recon-all
Wed Jul 12 01:31:33 EDT 2017
#@# Parcellation Stats 3 lh Wed Jul 12 01:31:33 EDT 2017
recon-all -s sub-03 finished without error at Wed Jul 12 01:32:41 EDT 2017
\n\n
New invocation of recon-all 
\n\n
status file for recon-all
Wed Jul 12 01:32:41 EDT 2017
#@# Parcellation Stats 3 rh Wed Jul 12 01:32:41 EDT 2017
recon-all -s sub-03 finished without error at Wed Jul 12 01:33:49 EDT 2017
\n\n
New invocation of recon-all 
\n\n
status file for recon-all
Wed Jul 12 01:33:49 EDT 2017
#@# WM/GM Contrast lh Wed Jul 12 01:33:49 EDT 2017
recon-all -s sub-03 finished without error at Wed Jul 12 01:33:59 EDT 2017
\n\n
New invocation of recon-all 
\n\n
status file for recon-all
Wed Jul 12 01:33:59 EDT 2017
#@# WM/GM Contrast rh Wed Jul 12 01:33:59 EDT 2017
recon-all -s sub-03 finished without error at Wed Jul 12 01:34:08 EDT 2017
\n\n
New invocation of recon-all 
\n\n
status file for recon-all
Wed Jul 12 01:34:09 EDT 2017
#@# Relabel Hypointensities Wed Jul 12 01:34:09 EDT 2017
recon-all -s sub-03 finished without error at Wed Jul 12 01:34:46 EDT 2017
\n\n
New invocation of recon-all 
\n\n
status file for recon-all
Wed Jul 12 01:34:47 EDT 2017
#@# AParc-to-ASeg aparc Wed Jul 12 01:34:47 EDT 2017
#@# AParc-to-ASeg a2009s Wed Jul 12 01:44:06 EDT 2017
#@# AParc-to-ASeg DKTatlas Wed Jul 12 01:53:26 EDT 2017
recon-all -s sub-03 finished without error at Wed Jul 12 02:02:45 EDT 2017
\n\n
New invocation of recon-all 
\n\n
status file for recon-all
Wed Jul 12 02:02:46 EDT 2017
#@# APas-to-ASeg Wed Jul 12 02:02:46 EDT 2017
recon-all -s sub-03 finished without error at Wed Jul 12 02:02:54 EDT 2017
\n\n
New invocation of recon-all 
\n\n
status file for recon-all
Wed Jul 12 02:02:54 EDT 2017
#@# ASeg Stats Wed Jul 12 02:02:54 EDT 2017
recon-all -s sub-03 finished without error at Wed Jul 12 02:08:04 EDT 2017
\n\n
New invocation of recon-all 
\n\n
status file for recon-all
Wed Jul 12 02:08:04 EDT 2017
#@# WMParc Wed Jul 12 02:08:04 EDT 2017
recon-all -s sub-03 finished without error at Wed Jul 12 02:26:30 EDT 2017
\n\n
New invocation of recon-all 
\n\n
status file for recon-all
Wed Jul 12 02:26:31 EDT 2017
#@# BA_exvivo Labels lh Wed Jul 12 02:26:31 EDT 2017
recon-all -s sub-03 finished without error at Wed Jul 12 02:33:11 EDT 2017
\n\n
New invocation of recon-all 
\n\n
status file for recon-all
Wed Jul 12 02:33:12 EDT 2017
#@# BA_exvivo Labels rh Wed Jul 12 02:33:12 EDT 2017
recon-all -s sub-03 finished without error at Wed Jul 12 02:39:51 EDT 2017
