status file for recon-all
Thu Jul  6 19:05:36 EDT 2017
#@# MotionCor Thu Jul  6 19:05:44 EDT 2017
#@# Deface Thu Jul  6 19:05:55 EDT 2017
#@# Talairach Thu Jul  6 19:08:28 EDT 2017
#@# Talairach Failure Detection Thu Jul  6 19:10:04 EDT 2017
#@# Nu Intensity Correction Thu Jul  6 19:10:04 EDT 2017
#@# Intensity Normalization Thu Jul  6 19:11:33 EDT 2017
#@# Skull Stripping Thu Jul  6 19:13:37 EDT 2017
#@# EM Registration Thu Jul  6 19:23:48 EDT 2017
#@# CA Normalize Thu Jul  6 19:32:50 EDT 2017
#@# CA Reg Thu Jul  6 19:35:41 EDT 2017
#@# SubCort Seg Thu Jul  6 22:08:35 EDT 2017
#@# Merge ASeg Thu Jul  6 23:16:24 EDT 2017
#@# Intensity Normalization2 Thu Jul  6 23:16:24 EDT 2017
#@# Mask BFS Thu Jul  6 23:19:44 EDT 2017
#@# WM Segmentation Thu Jul  6 23:19:46 EDT 2017
#@# Fill Thu Jul  6 23:22:29 EDT 2017
#@# Tessellate lh Thu Jul  6 23:23:17 EDT 2017
#@# Tessellate rh Thu Jul  6 23:23:22 EDT 2017
#@# Smooth1 lh Thu Jul  6 23:23:28 EDT 2017
#@# Smooth1 rh Thu Jul  6 23:23:28 EDT 2017
Darwin trash-can.local 15.6.0 Darwin Kernel Version 15.6.0: Thu Jun 23 18:25:34 PDT 2016; root:xnu-3248.60.10~1/RELEASE_X86_64 x86_64 i386 MacPro6,1 Darwin

recon-all -s sub-02 exited with ERRORS at Thu Jul  6 23:23:29 EDT 2017

\n\n
New invocation of recon-all 
\n\n
status file for recon-all
Fri Jul  7 09:46:09 EDT 2017
#@# Smooth1 lh Fri Jul  7 09:46:09 EDT 2017
recon-all -s sub-02 finished without error at Fri Jul  7 09:46:16 EDT 2017
\n\n
New invocation of recon-all 
\n\n
status file for recon-all
Fri Jul  7 09:46:17 EDT 2017
#@# Smooth1 rh Fri Jul  7 09:46:17 EDT 2017
recon-all -s sub-02 finished without error at Fri Jul  7 09:46:25 EDT 2017
\n\n
New invocation of recon-all 
\n\n
status file for recon-all
Fri Jul  7 09:46:25 EDT 2017
#@# Inflation1 lh Fri Jul  7 09:46:25 EDT 2017
recon-all -s sub-02 finished without error at Fri Jul  7 09:46:42 EDT 2017
\n\n
New invocation of recon-all 
\n\n
status file for recon-all
Fri Jul  7 09:46:42 EDT 2017
#@# Inflation1 rh Fri Jul  7 09:46:42 EDT 2017
recon-all -s sub-02 finished without error at Fri Jul  7 09:47:00 EDT 2017
\n\n
New invocation of recon-all 
\n\n
status file for recon-all
Fri Jul  7 09:47:00 EDT 2017
#@# QSphere lh Fri Jul  7 09:47:00 EDT 2017
recon-all -s sub-02 finished without error at Fri Jul  7 09:49:00 EDT 2017
\n\n
New invocation of recon-all 
\n\n
status file for recon-all
Fri Jul  7 09:49:00 EDT 2017
#@# QSphere rh Fri Jul  7 09:49:01 EDT 2017
recon-all -s sub-02 finished without error at Fri Jul  7 09:51:54 EDT 2017
\n\n
New invocation of recon-all 
\n\n
status file for recon-all
Fri Jul  7 09:51:55 EDT 2017
#@# Fix Topology Copy lh Fri Jul  7 09:51:55 EDT 2017
#@# Fix Topology lh Fri Jul  7 09:51:55 EDT 2017
recon-all -s sub-02 finished without error at Fri Jul  7 10:39:47 EDT 2017
\n\n
New invocation of recon-all 
\n\n
status file for recon-all
Fri Jul  7 10:39:47 EDT 2017
#@# Fix Topology Copy rh Fri Jul  7 10:39:47 EDT 2017
#@# Fix Topology rh Fri Jul  7 10:39:47 EDT 2017
recon-all -s sub-02 finished without error at Fri Jul  7 11:13:46 EDT 2017
\n\n
New invocation of recon-all 
\n\n
status file for recon-all
Fri Jul  7 11:13:47 EDT 2017
#@# Make White Surf lh Fri Jul  7 11:13:47 EDT 2017
recon-all -s sub-02 finished without error at Fri Jul  7 11:33:26 EDT 2017
\n\n
New invocation of recon-all 
\n\n
status file for recon-all
Fri Jul  7 11:33:27 EDT 2017
#@# Make White Surf rh Fri Jul  7 11:33:27 EDT 2017
recon-all -s sub-02 finished without error at Fri Jul  7 11:54:08 EDT 2017
\n\n
New invocation of recon-all 
\n\n
status file for recon-all
Fri Jul  7 11:54:09 EDT 2017
#@# Smooth2 lh Fri Jul  7 11:54:09 EDT 2017
recon-all -s sub-02 finished without error at Fri Jul  7 11:54:18 EDT 2017
\n\n
New invocation of recon-all 
\n\n
status file for recon-all
Fri Jul  7 11:54:18 EDT 2017
#@# Inflation2 lh Fri Jul  7 11:54:18 EDT 2017
recon-all -s sub-02 finished without error at Fri Jul  7 11:54:38 EDT 2017
\n\n
New invocation of recon-all 
\n\n
status file for recon-all
Fri Jul  7 11:54:38 EDT 2017
#@# Sphere lh Fri Jul  7 11:54:38 EDT 2017
recon-all -s sub-02 finished without error at Fri Jul  7 12:08:15 EDT 2017
\n\n
New invocation of recon-all 
\n\n
status file for recon-all
Fri Jul  7 12:08:15 EDT 2017
#@# Surf Reg lh Fri Jul  7 12:08:15 EDT 2017
recon-all -s sub-02 finished without error at Fri Jul  7 12:44:08 EDT 2017
\n\n
New invocation of recon-all 
\n\n
status file for recon-all
Fri Jul  7 12:44:08 EDT 2017
#@# Cortical Parc lh Fri Jul  7 12:44:08 EDT 2017
recon-all -s sub-02 finished without error at Fri Jul  7 12:44:35 EDT 2017
\n\n
New invocation of recon-all 
\n\n
status file for recon-all
Fri Jul  7 12:44:35 EDT 2017
#@# Make Pial Surf lh Fri Jul  7 12:44:36 EDT 2017
#@# Surf Volume lh Fri Jul  7 13:11:39 EDT 2017
recon-all -s sub-02 finished without error at Fri Jul  7 13:11:43 EDT 2017
\n\n
New invocation of recon-all 
\n\n
status file for recon-all
Fri Jul  7 13:11:44 EDT 2017
#@# Surf Volume lh Fri Jul  7 13:11:44 EDT 2017
recon-all -s sub-02 finished without error at Fri Jul  7 13:11:48 EDT 2017
\n\n
New invocation of recon-all 
\n\n
status file for recon-all
Fri Jul  7 13:11:48 EDT 2017
#@# Smooth2 rh Fri Jul  7 13:11:48 EDT 2017
recon-all -s sub-02 finished without error at Fri Jul  7 13:11:58 EDT 2017
\n\n
New invocation of recon-all 
\n\n
status file for recon-all
Fri Jul  7 13:11:59 EDT 2017
#@# Inflation2 rh Fri Jul  7 13:11:59 EDT 2017
recon-all -s sub-02 finished without error at Fri Jul  7 13:12:20 EDT 2017
\n\n
New invocation of recon-all 
\n\n
status file for recon-all
Fri Jul  7 13:12:21 EDT 2017
#@# Sphere rh Fri Jul  7 13:12:21 EDT 2017
recon-all -s sub-02 finished without error at Fri Jul  7 13:22:58 EDT 2017
\n\n
New invocation of recon-all 
\n\n
status file for recon-all
Fri Jul  7 13:22:58 EDT 2017
#@# Surf Reg rh Fri Jul  7 13:22:58 EDT 2017
recon-all -s sub-02 finished without error at Fri Jul  7 14:06:10 EDT 2017
\n\n
New invocation of recon-all 
\n\n
status file for recon-all
Fri Jul  7 14:06:10 EDT 2017
#@# Cortical Parc rh Fri Jul  7 14:06:10 EDT 2017
recon-all -s sub-02 finished without error at Fri Jul  7 14:06:33 EDT 2017
\n\n
New invocation of recon-all 
\n\n
status file for recon-all
Fri Jul  7 14:06:34 EDT 2017
#@# Make Pial Surf rh Fri Jul  7 14:06:34 EDT 2017
#@# Surf Volume rh Fri Jul  7 14:27:01 EDT 2017
recon-all -s sub-02 finished without error at Fri Jul  7 14:27:05 EDT 2017
\n\n
New invocation of recon-all 
\n\n
status file for recon-all
Fri Jul  7 14:27:06 EDT 2017
#@# Surf Volume rh Fri Jul  7 14:27:06 EDT 2017
recon-all -s sub-02 finished without error at Fri Jul  7 14:27:10 EDT 2017
\n\n
New invocation of recon-all 
\n\n
status file for recon-all
Fri Jul  7 14:27:10 EDT 2017
#@# Curv .H and .K lh Fri Jul  7 14:27:10 EDT 2017
recon-all -s sub-02 finished without error at Fri Jul  7 14:28:40 EDT 2017
\n\n
New invocation of recon-all 
\n\n
status file for recon-all
Fri Jul  7 14:28:40 EDT 2017
#@# Curv .H and .K rh Fri Jul  7 14:28:40 EDT 2017
recon-all -s sub-02 finished without error at Fri Jul  7 14:30:11 EDT 2017
\n\n
New invocation of recon-all 
\n\n
status file for recon-all
Fri Jul  7 14:30:11 EDT 2017
#@# Curvature Stats lh Fri Jul  7 14:30:11 EDT 2017
recon-all -s sub-02 finished without error at Fri Jul  7 14:30:18 EDT 2017
\n\n
New invocation of recon-all 
\n\n
status file for recon-all
Fri Jul  7 14:30:19 EDT 2017
#@# Curvature Stats rh Fri Jul  7 14:30:19 EDT 2017
recon-all -s sub-02 finished without error at Fri Jul  7 14:30:27 EDT 2017
\n\n
New invocation of recon-all 
\n\n
status file for recon-all
Fri Jul  7 14:30:27 EDT 2017
#@# Jacobian white lh Fri Jul  7 14:30:27 EDT 2017
recon-all -s sub-02 finished without error at Fri Jul  7 14:30:30 EDT 2017
\n\n
New invocation of recon-all 
\n\n
status file for recon-all
Fri Jul  7 14:30:30 EDT 2017
#@# Jacobian white rh Fri Jul  7 14:30:30 EDT 2017
recon-all -s sub-02 finished without error at Fri Jul  7 14:30:33 EDT 2017
\n\n
New invocation of recon-all 
\n\n
status file for recon-all
Fri Jul  7 14:30:33 EDT 2017
#@# AvgCurv lh Fri Jul  7 14:30:33 EDT 2017
recon-all -s sub-02 finished without error at Fri Jul  7 14:30:36 EDT 2017
\n\n
New invocation of recon-all 
\n\n
status file for recon-all
Fri Jul  7 14:30:36 EDT 2017
#@# AvgCurv rh Fri Jul  7 14:30:36 EDT 2017
recon-all -s sub-02 finished without error at Fri Jul  7 14:30:38 EDT 2017
\n\n
New invocation of recon-all 
\n\n
status file for recon-all
Fri Jul  7 14:30:39 EDT 2017
#@# Cortical ribbon mask Fri Jul  7 14:30:39 EDT 2017
recon-all -s sub-02 finished without error at Fri Jul  7 14:48:27 EDT 2017
\n\n
New invocation of recon-all 
\n\n
status file for recon-all
Fri Jul  7 14:48:27 EDT 2017
#@# Parcellation Stats lh Fri Jul  7 14:48:27 EDT 2017
recon-all -s sub-02 finished without error at Fri Jul  7 14:49:49 EDT 2017
\n\n
New invocation of recon-all 
\n\n
status file for recon-all
Fri Jul  7 14:49:49 EDT 2017
#@# Parcellation Stats rh Fri Jul  7 14:49:49 EDT 2017
recon-all -s sub-02 finished without error at Fri Jul  7 14:51:08 EDT 2017
\n\n
New invocation of recon-all 
\n\n
status file for recon-all
Fri Jul  7 14:51:08 EDT 2017
#@# Cortical Parc 2 lh Fri Jul  7 14:51:08 EDT 2017
recon-all -s sub-02 finished without error at Fri Jul  7 14:51:30 EDT 2017
\n\n
New invocation of recon-all 
\n\n
status file for recon-all
Fri Jul  7 14:51:31 EDT 2017
#@# Cortical Parc 2 rh Fri Jul  7 14:51:31 EDT 2017
recon-all -s sub-02 finished without error at Fri Jul  7 14:51:52 EDT 2017
\n\n
New invocation of recon-all 
\n\n
status file for recon-all
Fri Jul  7 14:51:53 EDT 2017
#@# Parcellation Stats 2 lh Fri Jul  7 14:51:53 EDT 2017
recon-all -s sub-02 finished without error at Fri Jul  7 14:52:33 EDT 2017
\n\n
New invocation of recon-all 
\n\n
status file for recon-all
Fri Jul  7 14:52:33 EDT 2017
#@# Parcellation Stats 2 rh Fri Jul  7 14:52:33 EDT 2017
recon-all -s sub-02 finished without error at Fri Jul  7 14:53:14 EDT 2017
\n\n
New invocation of recon-all 
\n\n
status file for recon-all
Fri Jul  7 14:53:14 EDT 2017
#@# Cortical Parc 3 lh Fri Jul  7 14:53:14 EDT 2017
recon-all -s sub-02 finished without error at Fri Jul  7 14:53:32 EDT 2017
\n\n
New invocation of recon-all 
\n\n
status file for recon-all
Fri Jul  7 14:53:32 EDT 2017
#@# Cortical Parc 3 rh Fri Jul  7 14:53:32 EDT 2017
recon-all -s sub-02 finished without error at Fri Jul  7 14:53:49 EDT 2017
\n\n
New invocation of recon-all 
\n\n
status file for recon-all
Fri Jul  7 14:53:49 EDT 2017
#@# Parcellation Stats 3 lh Fri Jul  7 14:53:49 EDT 2017
recon-all -s sub-02 finished without error at Fri Jul  7 14:54:26 EDT 2017
\n\n
New invocation of recon-all 
\n\n
status file for recon-all
Fri Jul  7 14:54:26 EDT 2017
#@# Parcellation Stats 3 rh Fri Jul  7 14:54:26 EDT 2017
recon-all -s sub-02 finished without error at Fri Jul  7 14:55:04 EDT 2017
\n\n
New invocation of recon-all 
\n\n
status file for recon-all
Fri Jul  7 14:55:04 EDT 2017
#@# WM/GM Contrast lh Fri Jul  7 14:55:04 EDT 2017
recon-all -s sub-02 finished without error at Fri Jul  7 14:55:10 EDT 2017
\n\n
New invocation of recon-all 
\n\n
status file for recon-all
Fri Jul  7 14:55:11 EDT 2017
#@# WM/GM Contrast rh Fri Jul  7 14:55:11 EDT 2017
recon-all -s sub-02 finished without error at Fri Jul  7 14:55:17 EDT 2017
\n\n
New invocation of recon-all 
\n\n
status file for recon-all
Fri Jul  7 14:55:17 EDT 2017
#@# Relabel Hypointensities Fri Jul  7 14:55:17 EDT 2017
recon-all -s sub-02 finished without error at Fri Jul  7 14:55:44 EDT 2017
\n\n
New invocation of recon-all 
\n\n
status file for recon-all
Fri Jul  7 14:55:44 EDT 2017
#@# AParc-to-ASeg aparc Fri Jul  7 14:55:44 EDT 2017
#@# AParc-to-ASeg a2009s Fri Jul  7 15:01:07 EDT 2017
#@# AParc-to-ASeg DKTatlas Fri Jul  7 15:07:14 EDT 2017
recon-all -s sub-02 finished without error at Fri Jul  7 15:13:38 EDT 2017
\n\n
New invocation of recon-all 
\n\n
status file for recon-all
Fri Jul  7 15:13:38 EDT 2017
#@# APas-to-ASeg Fri Jul  7 15:13:38 EDT 2017
recon-all -s sub-02 finished without error at Fri Jul  7 15:13:45 EDT 2017
\n\n
New invocation of recon-all 
\n\n
status file for recon-all
Fri Jul  7 15:13:46 EDT 2017
#@# ASeg Stats Fri Jul  7 15:13:46 EDT 2017
recon-all -s sub-02 finished without error at Fri Jul  7 15:15:33 EDT 2017
\n\n
New invocation of recon-all 
\n\n
status file for recon-all
Fri Jul  7 15:15:33 EDT 2017
#@# WMParc Fri Jul  7 15:15:33 EDT 2017
recon-all -s sub-02 finished without error at Fri Jul  7 15:24:46 EDT 2017
\n\n
New invocation of recon-all 
\n\n
status file for recon-all
Fri Jul  7 15:24:46 EDT 2017
#@# BA_exvivo Labels lh Fri Jul  7 15:24:46 EDT 2017
recon-all -s sub-02 finished without error at Fri Jul  7 15:30:03 EDT 2017
\n\n
New invocation of recon-all 
\n\n
status file for recon-all
Fri Jul  7 15:30:03 EDT 2017
#@# BA_exvivo Labels rh Fri Jul  7 15:30:03 EDT 2017
recon-all -s sub-02 finished without error at Fri Jul  7 15:35:12 EDT 2017
\n\n
New invocation of recon-all 
\n\n
status file for recon-all
Mon Jul 10 15:16:12 EDT 2017
#@# MotionCor Mon Jul 10 15:16:12 EDT 2017
recon-all -s sub-02 finished without error at Mon Jul 10 15:16:22 EDT 2017
\n\n
New invocation of recon-all 
\n\n
status file for recon-all
Mon Jul 10 15:16:23 EDT 2017
#@# Talairach Mon Jul 10 15:16:23 EDT 2017
#@# Talairach Failure Detection Mon Jul 10 15:19:14 EDT 2017
recon-all -s sub-02 finished without error at Mon Jul 10 15:19:15 EDT 2017
\n\n
New invocation of recon-all 
\n\n
status file for recon-all
Mon Jul 10 15:19:15 EDT 2017
#@# Nu Intensity Correction Mon Jul 10 15:19:15 EDT 2017
recon-all -s sub-02 finished without error at Mon Jul 10 15:22:44 EDT 2017
\n\n
New invocation of recon-all 
\n\n
status file for recon-all
Mon Jul 10 15:22:45 EDT 2017
#@# Intensity Normalization Mon Jul 10 15:22:45 EDT 2017
recon-all -s sub-02 finished without error at Mon Jul 10 15:27:05 EDT 2017
\n\n
New invocation of recon-all 
\n\n
status file for recon-all
Mon Jul 10 15:27:06 EDT 2017
#@# Skull Stripping Mon Jul 10 15:27:06 EDT 2017
recon-all -s sub-02 finished without error at Mon Jul 10 15:27:59 EDT 2017
\n\n
New invocation of recon-all 
\n\n
status file for recon-all
Mon Jul 10 15:27:59 EDT 2017
#@# EM Registration Mon Jul 10 15:27:59 EDT 2017
recon-all -s sub-02 finished without error at Mon Jul 10 15:44:27 EDT 2017
\n\n
New invocation of recon-all 
\n\n
status file for recon-all
Mon Jul 10 15:44:28 EDT 2017
#@# CA Normalize Mon Jul 10 15:44:28 EDT 2017
recon-all -s sub-02 finished without error at Mon Jul 10 15:47:16 EDT 2017
\n\n
New invocation of recon-all 
\n\n
status file for recon-all
Mon Jul 10 15:47:17 EDT 2017
#@# CA Reg Mon Jul 10 15:47:17 EDT 2017
recon-all -s sub-02 finished without error at Mon Jul 10 20:17:49 EDT 2017
\n\n
New invocation of recon-all 
\n\n
status file for recon-all
Mon Jul 10 20:17:51 EDT 2017
#@# SubCort Seg Mon Jul 10 20:17:51 EDT 2017
#@# Merge ASeg Mon Jul 10 21:34:07 EDT 2017
recon-all -s sub-02 finished without error at Mon Jul 10 21:34:07 EDT 2017
\n\n
New invocation of recon-all 
\n\n
status file for recon-all
Mon Jul 10 21:34:08 EDT 2017
#@# Intensity Normalization2 Mon Jul 10 21:34:08 EDT 2017
recon-all -s sub-02 finished without error at Mon Jul 10 21:39:19 EDT 2017
\n\n
New invocation of recon-all 
\n\n
status file for recon-all
Mon Jul 10 21:39:19 EDT 2017
#@# Mask BFS Mon Jul 10 21:39:19 EDT 2017
recon-all -s sub-02 finished without error at Mon Jul 10 21:39:23 EDT 2017
\n\n
New invocation of recon-all 
\n\n
status file for recon-all
Mon Jul 10 21:39:24 EDT 2017
#@# WM Segmentation Mon Jul 10 21:39:24 EDT 2017
recon-all -s sub-02 finished without error at Mon Jul 10 21:43:16 EDT 2017
\n\n
New invocation of recon-all 
\n\n
status file for recon-all
Mon Jul 10 21:43:16 EDT 2017
#@# Fill Mon Jul 10 21:43:16 EDT 2017
recon-all -s sub-02 finished without error at Mon Jul 10 21:44:21 EDT 2017
\n\n
New invocation of recon-all 
\n\n
status file for recon-all
Mon Jul 10 21:44:21 EDT 2017
#@# Tessellate lh Mon Jul 10 21:44:21 EDT 2017
recon-all -s sub-02 finished without error at Mon Jul 10 21:44:32 EDT 2017
\n\n
New invocation of recon-all 
\n\n
status file for recon-all
Mon Jul 10 21:44:32 EDT 2017
#@# Tessellate rh Mon Jul 10 21:44:32 EDT 2017
recon-all -s sub-02 finished without error at Mon Jul 10 21:44:42 EDT 2017
\n\n
New invocation of recon-all 
\n\n
status file for recon-all
Mon Jul 10 21:44:43 EDT 2017
#@# Smooth1 lh Mon Jul 10 21:44:43 EDT 2017
recon-all -s sub-02 finished without error at Mon Jul 10 21:44:55 EDT 2017
\n\n
New invocation of recon-all 
\n\n
status file for recon-all
Mon Jul 10 21:44:55 EDT 2017
#@# Smooth1 rh Mon Jul 10 21:44:56 EDT 2017
recon-all -s sub-02 finished without error at Mon Jul 10 21:45:09 EDT 2017
\n\n
New invocation of recon-all 
\n\n
status file for recon-all
Mon Jul 10 21:45:09 EDT 2017
#@# Inflation1 lh Mon Jul 10 21:45:09 EDT 2017
recon-all -s sub-02 finished without error at Mon Jul 10 21:45:56 EDT 2017
\n\n
New invocation of recon-all 
\n\n
status file for recon-all
Mon Jul 10 21:45:57 EDT 2017
#@# Inflation1 rh Mon Jul 10 21:45:57 EDT 2017
recon-all -s sub-02 finished without error at Mon Jul 10 21:46:49 EDT 2017
\n\n
New invocation of recon-all 
\n\n
status file for recon-all
Mon Jul 10 21:46:49 EDT 2017
#@# QSphere lh Mon Jul 10 21:46:49 EDT 2017
recon-all -s sub-02 finished without error at Mon Jul 10 21:52:06 EDT 2017
\n\n
New invocation of recon-all 
\n\n
status file for recon-all
Mon Jul 10 21:52:06 EDT 2017
#@# QSphere rh Mon Jul 10 21:52:06 EDT 2017
recon-all -s sub-02 finished without error at Mon Jul 10 21:57:45 EDT 2017
\n\n
New invocation of recon-all 
\n\n
status file for recon-all
Mon Jul 10 21:57:46 EDT 2017
#@# Fix Topology Copy lh Mon Jul 10 21:57:46 EDT 2017
#@# Fix Topology lh Mon Jul 10 21:57:46 EDT 2017
recon-all -s sub-02 finished without error at Mon Jul 10 22:47:46 EDT 2017
\n\n
New invocation of recon-all 
\n\n
status file for recon-all
Mon Jul 10 22:47:46 EDT 2017
#@# Fix Topology Copy rh Mon Jul 10 22:47:46 EDT 2017
#@# Fix Topology rh Mon Jul 10 22:47:46 EDT 2017
recon-all -s sub-02 finished without error at Tue Jul 11 00:04:08 EDT 2017
\n\n
New invocation of recon-all 
\n\n
status file for recon-all
Tue Jul 11 00:04:09 EDT 2017
#@# Make White Surf lh Tue Jul 11 00:04:09 EDT 2017
recon-all -s sub-02 finished without error at Tue Jul 11 00:26:50 EDT 2017
\n\n
New invocation of recon-all 
\n\n
status file for recon-all
Tue Jul 11 00:26:50 EDT 2017
#@# Make White Surf rh Tue Jul 11 00:26:51 EDT 2017
recon-all -s sub-02 finished without error at Tue Jul 11 00:51:28 EDT 2017
\n\n
New invocation of recon-all 
\n\n
status file for recon-all
Tue Jul 11 00:51:29 EDT 2017
#@# Smooth2 lh Tue Jul 11 00:51:29 EDT 2017
recon-all -s sub-02 finished without error at Tue Jul 11 00:51:42 EDT 2017
\n\n
New invocation of recon-all 
\n\n
status file for recon-all
Tue Jul 11 00:51:42 EDT 2017
#@# Inflation2 lh Tue Jul 11 00:51:42 EDT 2017
recon-all -s sub-02 finished without error at Tue Jul 11 00:52:44 EDT 2017
\n\n
New invocation of recon-all 
\n\n
status file for recon-all
Tue Jul 11 00:52:44 EDT 2017
#@# Sphere lh Tue Jul 11 00:52:44 EDT 2017
recon-all -s sub-02 finished without error at Tue Jul 11 02:01:37 EDT 2017
\n\n
New invocation of recon-all 
\n\n
status file for recon-all
Tue Jul 11 02:01:38 EDT 2017
#@# Surf Reg lh Tue Jul 11 02:01:38 EDT 2017
recon-all -s sub-02 finished without error at Tue Jul 11 03:30:52 EDT 2017
\n\n
New invocation of recon-all 
\n\n
status file for recon-all
Tue Jul 11 03:30:53 EDT 2017
#@# Cortical Parc lh Tue Jul 11 03:30:53 EDT 2017
recon-all -s sub-02 finished without error at Tue Jul 11 03:31:17 EDT 2017
\n\n
New invocation of recon-all 
\n\n
status file for recon-all
Tue Jul 11 03:31:18 EDT 2017
#@# Make Pial Surf lh Tue Jul 11 03:31:18 EDT 2017
#@# Surf Volume lh Tue Jul 11 03:54:14 EDT 2017
recon-all -s sub-02 finished without error at Tue Jul 11 03:54:20 EDT 2017
\n\n
New invocation of recon-all 
\n\n
status file for recon-all
Tue Jul 11 03:54:20 EDT 2017
#@# Surf Volume lh Tue Jul 11 03:54:20 EDT 2017
recon-all -s sub-02 finished without error at Tue Jul 11 03:54:26 EDT 2017
\n\n
New invocation of recon-all 
\n\n
status file for recon-all
Tue Jul 11 03:54:26 EDT 2017
#@# Smooth2 rh Tue Jul 11 03:54:26 EDT 2017
recon-all -s sub-02 finished without error at Tue Jul 11 03:54:39 EDT 2017
\n\n
New invocation of recon-all 
\n\n
status file for recon-all
Tue Jul 11 03:54:39 EDT 2017
#@# Inflation2 rh Tue Jul 11 03:54:39 EDT 2017
recon-all -s sub-02 finished without error at Tue Jul 11 03:55:32 EDT 2017
\n\n
New invocation of recon-all 
\n\n
status file for recon-all
Tue Jul 11 03:55:32 EDT 2017
#@# Sphere rh Tue Jul 11 03:55:32 EDT 2017
recon-all -s sub-02 finished without error at Tue Jul 11 04:34:04 EDT 2017
\n\n
New invocation of recon-all 
\n\n
status file for recon-all
Tue Jul 11 04:34:05 EDT 2017
#@# Surf Reg rh Tue Jul 11 04:34:05 EDT 2017
recon-all -s sub-02 finished without error at Tue Jul 11 06:19:08 EDT 2017
\n\n
New invocation of recon-all 
\n\n
status file for recon-all
Tue Jul 11 06:19:08 EDT 2017
#@# Cortical Parc rh Tue Jul 11 06:19:08 EDT 2017
recon-all -s sub-02 finished without error at Tue Jul 11 06:19:36 EDT 2017
\n\n
New invocation of recon-all 
\n\n
status file for recon-all
Tue Jul 11 06:19:36 EDT 2017
#@# Make Pial Surf rh Tue Jul 11 06:19:36 EDT 2017
#@# Surf Volume rh Tue Jul 11 06:42:55 EDT 2017
recon-all -s sub-02 finished without error at Tue Jul 11 06:43:01 EDT 2017
\n\n
New invocation of recon-all 
\n\n
status file for recon-all
Tue Jul 11 06:43:01 EDT 2017
#@# Surf Volume rh Tue Jul 11 06:43:02 EDT 2017
recon-all -s sub-02 finished without error at Tue Jul 11 06:43:07 EDT 2017
\n\n
New invocation of recon-all 
\n\n
status file for recon-all
Tue Jul 11 06:43:07 EDT 2017
#@# Curv .H and .K lh Tue Jul 11 06:43:07 EDT 2017
recon-all -s sub-02 finished without error at Tue Jul 11 06:44:41 EDT 2017
\n\n
New invocation of recon-all 
\n\n
status file for recon-all
Tue Jul 11 06:44:42 EDT 2017
#@# Curv .H and .K rh Tue Jul 11 06:44:42 EDT 2017
recon-all -s sub-02 finished without error at Tue Jul 11 06:46:19 EDT 2017
\n\n
New invocation of recon-all 
\n\n
status file for recon-all
Tue Jul 11 06:46:20 EDT 2017
#@# Curvature Stats lh Tue Jul 11 06:46:20 EDT 2017
recon-all -s sub-02 finished without error at Tue Jul 11 06:46:28 EDT 2017
\n\n
New invocation of recon-all 
\n\n
status file for recon-all
Tue Jul 11 06:46:29 EDT 2017
#@# Curvature Stats rh Tue Jul 11 06:46:29 EDT 2017
recon-all -s sub-02 finished without error at Tue Jul 11 06:46:37 EDT 2017
\n\n
New invocation of recon-all 
\n\n
status file for recon-all
Tue Jul 11 06:46:38 EDT 2017
#@# Jacobian white lh Tue Jul 11 06:46:38 EDT 2017
recon-all -s sub-02 finished without error at Tue Jul 11 06:46:41 EDT 2017
\n\n
New invocation of recon-all 
\n\n
status file for recon-all
Tue Jul 11 06:46:41 EDT 2017
#@# Jacobian white rh Tue Jul 11 06:46:41 EDT 2017
recon-all -s sub-02 finished without error at Tue Jul 11 06:46:44 EDT 2017
\n\n
New invocation of recon-all 
\n\n
status file for recon-all
Tue Jul 11 06:46:45 EDT 2017
#@# AvgCurv lh Tue Jul 11 06:46:45 EDT 2017
recon-all -s sub-02 finished without error at Tue Jul 11 06:46:48 EDT 2017
\n\n
New invocation of recon-all 
\n\n
status file for recon-all
Tue Jul 11 06:46:48 EDT 2017
#@# AvgCurv rh Tue Jul 11 06:46:48 EDT 2017
recon-all -s sub-02 finished without error at Tue Jul 11 06:46:51 EDT 2017
\n\n
New invocation of recon-all 
\n\n
status file for recon-all
Tue Jul 11 06:46:51 EDT 2017
#@# Cortical ribbon mask Tue Jul 11 06:46:51 EDT 2017
recon-all -s sub-02 finished without error at Tue Jul 11 07:04:33 EDT 2017
\n\n
New invocation of recon-all 
\n\n
status file for recon-all
Tue Jul 11 07:04:34 EDT 2017
#@# Parcellation Stats lh Tue Jul 11 07:04:34 EDT 2017
recon-all -s sub-02 finished without error at Tue Jul 11 07:07:28 EDT 2017
\n\n
New invocation of recon-all 
\n\n
status file for recon-all
Tue Jul 11 07:07:29 EDT 2017
#@# Parcellation Stats rh Tue Jul 11 07:07:29 EDT 2017
recon-all -s sub-02 finished without error at Tue Jul 11 07:10:40 EDT 2017
\n\n
New invocation of recon-all 
\n\n
status file for recon-all
Tue Jul 11 07:10:41 EDT 2017
#@# Cortical Parc 2 lh Tue Jul 11 07:10:41 EDT 2017
recon-all -s sub-02 finished without error at Tue Jul 11 07:11:18 EDT 2017
\n\n
New invocation of recon-all 
\n\n
status file for recon-all
Tue Jul 11 07:11:19 EDT 2017
#@# Cortical Parc 2 rh Tue Jul 11 07:11:19 EDT 2017
recon-all -s sub-02 finished without error at Tue Jul 11 07:11:53 EDT 2017
\n\n
New invocation of recon-all 
\n\n
status file for recon-all
Tue Jul 11 07:11:54 EDT 2017
#@# Parcellation Stats 2 lh Tue Jul 11 07:11:54 EDT 2017
recon-all -s sub-02 finished without error at Tue Jul 11 07:13:29 EDT 2017
\n\n
New invocation of recon-all 
\n\n
status file for recon-all
Tue Jul 11 07:13:30 EDT 2017
#@# Parcellation Stats 2 rh Tue Jul 11 07:13:30 EDT 2017
recon-all -s sub-02 finished without error at Tue Jul 11 07:15:10 EDT 2017
\n\n
New invocation of recon-all 
\n\n
status file for recon-all
Tue Jul 11 07:15:11 EDT 2017
#@# Cortical Parc 3 lh Tue Jul 11 07:15:11 EDT 2017
recon-all -s sub-02 finished without error at Tue Jul 11 07:15:39 EDT 2017
\n\n
New invocation of recon-all 
\n\n
status file for recon-all
Tue Jul 11 07:15:39 EDT 2017
#@# Cortical Parc 3 rh Tue Jul 11 07:15:39 EDT 2017
recon-all -s sub-02 finished without error at Tue Jul 11 07:16:07 EDT 2017
\n\n
New invocation of recon-all 
\n\n
status file for recon-all
Tue Jul 11 07:16:08 EDT 2017
#@# Parcellation Stats 3 lh Tue Jul 11 07:16:08 EDT 2017
recon-all -s sub-02 finished without error at Tue Jul 11 07:17:37 EDT 2017
\n\n
New invocation of recon-all 
\n\n
status file for recon-all
Tue Jul 11 07:17:38 EDT 2017
#@# Parcellation Stats 3 rh Tue Jul 11 07:17:38 EDT 2017
recon-all -s sub-02 finished without error at Tue Jul 11 07:19:17 EDT 2017
\n\n
New invocation of recon-all 
\n\n
status file for recon-all
Tue Jul 11 07:19:18 EDT 2017
#@# WM/GM Contrast lh Tue Jul 11 07:19:18 EDT 2017
recon-all -s sub-02 finished without error at Tue Jul 11 07:19:28 EDT 2017
\n\n
New invocation of recon-all 
\n\n
status file for recon-all
Tue Jul 11 07:19:29 EDT 2017
#@# WM/GM Contrast rh Tue Jul 11 07:19:29 EDT 2017
recon-all -s sub-02 finished without error at Tue Jul 11 07:19:39 EDT 2017
\n\n
New invocation of recon-all 
\n\n
status file for recon-all
Tue Jul 11 07:19:39 EDT 2017
#@# Relabel Hypointensities Tue Jul 11 07:19:39 EDT 2017
recon-all -s sub-02 finished without error at Tue Jul 11 07:20:25 EDT 2017
\n\n
New invocation of recon-all 
\n\n
status file for recon-all
Tue Jul 11 07:20:26 EDT 2017
#@# AParc-to-ASeg aparc Tue Jul 11 07:20:26 EDT 2017
#@# AParc-to-ASeg a2009s Tue Jul 11 07:33:08 EDT 2017
#@# AParc-to-ASeg DKTatlas Tue Jul 11 07:45:40 EDT 2017
recon-all -s sub-02 finished without error at Tue Jul 11 07:59:07 EDT 2017
\n\n
New invocation of recon-all 
\n\n
status file for recon-all
Tue Jul 11 07:59:08 EDT 2017
#@# APas-to-ASeg Tue Jul 11 07:59:08 EDT 2017
recon-all -s sub-02 finished without error at Tue Jul 11 07:59:16 EDT 2017
\n\n
New invocation of recon-all 
\n\n
status file for recon-all
Tue Jul 11 07:59:16 EDT 2017
#@# ASeg Stats Tue Jul 11 07:59:16 EDT 2017
recon-all -s sub-02 finished without error at Tue Jul 11 08:05:23 EDT 2017
\n\n
New invocation of recon-all 
\n\n
status file for recon-all
Tue Jul 11 08:05:24 EDT 2017
#@# WMParc Tue Jul 11 08:05:24 EDT 2017
recon-all -s sub-02 finished without error at Tue Jul 11 08:29:15 EDT 2017
\n\n
New invocation of recon-all 
\n\n
status file for recon-all
Tue Jul 11 08:29:16 EDT 2017
#@# BA_exvivo Labels lh Tue Jul 11 08:29:16 EDT 2017
recon-all -s sub-02 finished without error at Tue Jul 11 08:37:03 EDT 2017
\n\n
New invocation of recon-all 
\n\n
status file for recon-all
Tue Jul 11 08:37:04 EDT 2017
#@# BA_exvivo Labels rh Tue Jul 11 08:37:04 EDT 2017
recon-all -s sub-02 finished without error at Tue Jul 11 08:45:07 EDT 2017
\n\n
New invocation of recon-all 
\n\n
status file for recon-all
Tue Jul 11 10:08:03 EDT 2017
#@# Intensity Normalization2 Tue Jul 11 10:08:03 EDT 2017
#@# Mask BFS Tue Jul 11 10:14:45 EDT 2017
#@# WM Segmentation Tue Jul 11 10:14:50 EDT 2017
#@# Fill Tue Jul 11 10:20:34 EDT 2017
#@# Tessellate lh Tue Jul 11 10:22:53 EDT 2017
#@# Tessellate rh Tue Jul 11 10:23:15 EDT 2017
#@# Smooth1 lh Tue Jul 11 10:23:33 EDT 2017
#@# Smooth1 rh Tue Jul 11 10:23:53 EDT 2017
#@# Inflation1 lh Tue Jul 11 10:24:16 EDT 2017
#@# Inflation1 rh Tue Jul 11 10:25:52 EDT 2017
#@# QSphere lh Tue Jul 11 10:27:19 EDT 2017
#@# QSphere rh Tue Jul 11 10:33:45 EDT 2017
#@# Fix Topology Copy lh Tue Jul 11 10:39:51 EDT 2017
#@# Fix Topology Copy rh Tue Jul 11 10:39:51 EDT 2017
#@# Fix Topology lh Tue Jul 11 10:39:51 EDT 2017
#@# Fix Topology rh Tue Jul 11 11:43:42 EDT 2017
#@# Make White Surf lh Tue Jul 11 13:06:19 EDT 2017
#@# Make White Surf rh Tue Jul 11 13:13:37 EDT 2017
#@# Smooth2 lh Tue Jul 11 13:23:31 EDT 2017
#@# Smooth2 rh Tue Jul 11 13:23:49 EDT 2017
#@# Inflation2 lh Tue Jul 11 13:24:07 EDT 2017
#@# Inflation2 rh Tue Jul 11 13:25:25 EDT 2017
#@# Curv .H and .K lh Tue Jul 11 13:26:45 EDT 2017
#@# Curv .H and .K rh Tue Jul 11 13:29:04 EDT 2017
#@# Curvature Stats lh Tue Jul 11 13:31:25 EDT 2017
#@# Curvature Stats rh Tue Jul 11 13:31:36 EDT 2017
#@# Sphere lh Tue Jul 11 13:31:48 EDT 2017
#@# Sphere rh Tue Jul 11 14:22:33 EDT 2017
#@# Surf Reg lh Tue Jul 11 15:21:02 EDT 2017
#@# Surf Reg rh Tue Jul 11 16:41:54 EDT 2017
#@# Jacobian white lh Tue Jul 11 18:10:05 EDT 2017
#@# Jacobian white rh Tue Jul 11 18:10:09 EDT 2017
#@# AvgCurv lh Tue Jul 11 18:10:12 EDT 2017
#@# AvgCurv rh Tue Jul 11 18:10:16 EDT 2017
#@# Cortical Parc lh Tue Jul 11 18:10:20 EDT 2017
#@# Cortical Parc rh Tue Jul 11 18:10:48 EDT 2017
#@# Make Pial Surf lh Tue Jul 11 18:11:16 EDT 2017
#@# Make Pial Surf rh Tue Jul 11 18:34:14 EDT 2017
#@# Surf Volume lh Tue Jul 11 18:57:07 EDT 2017
#@# Surf Volume rh Tue Jul 11 18:57:12 EDT 2017
#@# Cortical ribbon mask Tue Jul 11 18:57:18 EDT 2017
#@# Parcellation Stats lh Tue Jul 11 19:14:46 EDT 2017
#@# Parcellation Stats rh Tue Jul 11 19:17:03 EDT 2017
#@# Cortical Parc 2 lh Tue Jul 11 19:19:24 EDT 2017
#@# Cortical Parc 2 rh Tue Jul 11 19:19:56 EDT 2017
#@# Parcellation Stats 2 lh Tue Jul 11 19:20:30 EDT 2017
#@# Parcellation Stats 2 rh Tue Jul 11 19:21:39 EDT 2017
#@# Cortical Parc 3 lh Tue Jul 11 19:22:50 EDT 2017
#@# Cortical Parc 3 rh Tue Jul 11 19:23:13 EDT 2017
#@# Parcellation Stats 3 lh Tue Jul 11 19:23:38 EDT 2017
#@# Parcellation Stats 3 rh Tue Jul 11 19:24:44 EDT 2017
#@# WM/GM Contrast lh Tue Jul 11 19:25:57 EDT 2017
#@# WM/GM Contrast rh Tue Jul 11 19:26:07 EDT 2017
#@# Relabel Hypointensities Tue Jul 11 19:26:16 EDT 2017
#@# AParc-to-ASeg aparc Tue Jul 11 19:26:55 EDT 2017
#@# AParc-to-ASeg a2009s Tue Jul 11 19:37:18 EDT 2017
#@# AParc-to-ASeg DKTatlas Tue Jul 11 19:49:53 EDT 2017
#@# APas-to-ASeg Tue Jul 11 20:02:10 EDT 2017
#@# ASeg Stats Tue Jul 11 20:02:20 EDT 2017
#@# WMParc Tue Jul 11 20:08:56 EDT 2017
#@# BA_exvivo Labels lh Tue Jul 11 20:30:38 EDT 2017
#@# BA_exvivo Labels rh Tue Jul 11 20:37:47 EDT 2017
recon-all -s sub-02 finished without error at Tue Jul 11 20:45:04 EDT 2017
